Log file open, 08/10/20 17:18:41
LogInit: Display: Running engine for game: MultiThreadSC
LogPlatformFile: Not using cached read wrapper
LogTaskGraph: Started task graph with 5 named threads and 17 total threads with 3 sets of task threads.
LogStats: Stats thread started at 6.048368
LogD3D11RHI: Loaded GFSDK_Aftermath_Lib.x64.dll
LogICUInternationalization: ICU TimeZone Detection - Raw Offset: +8:00, Platform Override: ''
LogPluginManager: Mounting plugin Paper2D
LogPluginManager: Mounting plugin AISupport
LogPluginManager: Mounting plugin LightPropagationVolume
LogPluginManager: Mounting plugin CameraShakePreviewer
LogPluginManager: Mounting plugin ActorLayerUtilities
LogPluginManager: Mounting plugin AnimationSharing
LogPluginManager: Mounting plugin CLionSourceCodeAccess
LogPluginManager: Mounting plugin CodeLiteSourceCodeAccess
LogPluginManager: Mounting plugin GitSourceControl
LogPluginManager: Mounting plugin KDevelopSourceCodeAccess
LogPluginManager: Mounting plugin NullSourceCodeAccess
LogPluginManager: Mounting plugin PerforceSourceControl
LogPluginManager: Mounting plugin PlasticSourceControl
LogPluginManager: Mounting plugin RiderSourceCodeAccess
LogPluginManager: Mounting plugin SubversionSourceControl
LogPluginManager: Mounting plugin UObjectPlugin
LogPluginManager: Mounting plugin VisualStudioCodeSourceCodeAccess
LogPluginManager: Mounting plugin VisualStudioSourceCodeAccess
LogPluginManager: Mounting plugin XCodeSourceCodeAccess
LogPluginManager: Mounting plugin AssetManagerEditor
LogPluginManager: Mounting plugin CryptoKeys
LogPluginManager: Mounting plugin CurveEditorTools
LogPluginManager: Mounting plugin DataValidation
LogPluginManager: Mounting plugin EditorScriptingUtilities
LogPluginManager: Mounting plugin FacialAnimation
LogPluginManager: Mounting plugin GameplayTagsEditor
LogPluginManager: Mounting plugin GeometryMode
LogPluginManager: Mounting plugin MacGraphicsSwitching
LogPluginManager: Mounting plugin MaterialAnalyzer
LogPluginManager: Mounting plugin MobileLauncherProfileWizard
LogPluginManager: Mounting plugin PluginBrowser
LogPluginManager: Mounting plugin SpeedTreeImporter
LogPluginManager: Mounting plugin DatasmithContent
LogPluginManager: Mounting plugin VariantManagerContent
LogPluginManager: Mounting plugin AlembicImporter
LogPluginManager: Mounting plugin AutomationUtils
LogPluginManager: Mounting plugin BackChannel
LogPluginManager: Mounting plugin ChaosCloth
LogPluginManager: Mounting plugin ChaosClothEditor
LogPluginManager: Mounting plugin ChaosEditor
LogPluginManager: Mounting plugin ChaosNiagara
LogPluginManager: Mounting plugin ChaosSolverPlugin
LogPluginManager: Mounting plugin CharacterAI
LogPluginManager: Mounting plugin GeometryCache
LogPluginManager: Mounting plugin GeometryCollectionPlugin
LogPluginManager: Mounting plugin GeometryProcessing
LogPluginManager: Mounting plugin PlanarCut
LogPluginManager: Mounting plugin PlatformCrypto
LogPluginManager: Mounting plugin ProxyLODPlugin
LogPluginManager: Mounting plugin SkeletalReduction
LogPluginManager: Mounting plugin Niagara
LogPluginManager: Mounting plugin MagicLeap
LogPluginManager: Mounting plugin MagicLeapLightEstimation
LogPluginManager: Mounting plugin MagicLeapMedia
LogPluginManager: Mounting plugin MagicLeapPassableWorld
LogPluginManager: Mounting plugin MLSDK
LogPluginManager: Mounting plugin AndroidMedia
LogPluginManager: Mounting plugin AvfMedia
LogPluginManager: Mounting plugin ImgMedia
LogPluginManager: Mounting plugin MediaCompositing
LogPluginManager: Mounting plugin MediaPlayerEditor
LogPluginManager: Mounting plugin WebMMedia
LogPluginManager: Mounting plugin WmfMedia
LogPluginManager: Mounting plugin MeshPainting
LogPluginManager: Mounting plugin TcpMessaging
LogPluginManager: Mounting plugin UdpMessaging
LogPluginManager: Mounting plugin ActorSequence
LogPluginManager: Mounting plugin LevelSequenceEditor
LogPluginManager: Mounting plugin MatineeToLevelSequence
LogPluginManager: Mounting plugin MovieRenderPipeline
LogPluginManager: Mounting plugin TemplateSequence
LogPluginManager: Mounting plugin NetcodeUnitTest
LogPluginManager: Mounting plugin NUTUnrealEngine4
LogPluginManager: Mounting plugin OnlineSubsystemGooglePlay
LogPluginManager: Mounting plugin OnlineSubsystemIOS
LogPluginManager: Mounting plugin OnlineSubsystem
LogPluginManager: Mounting plugin OnlineSubsystemNull
LogPluginManager: Mounting plugin OnlineSubsystemUtils
LogPluginManager: Mounting plugin LauncherChunkInstaller
LogPluginManager: Mounting plugin AndroidDeviceProfileSelector
LogPluginManager: Mounting plugin AndroidMoviePlayer
LogPluginManager: Mounting plugin AndroidPermission
LogPluginManager: Mounting plugin AppleImageUtils
LogPluginManager: Mounting plugin AppleMoviePlayer
LogPluginManager: Mounting plugin ArchVisCharacter
LogPluginManager: Mounting plugin AssetTags
LogPluginManager: Mounting plugin AudioCapture
LogPluginManager: Mounting plugin CableComponent
LogPluginManager: Mounting plugin CustomMeshComponent
LogPluginManager: Mounting plugin EditableMesh
LogPluginManager: Mounting plugin ExampleDeviceProfileSelector
LogPluginManager: Mounting plugin GoogleCloudMessaging
LogPluginManager: Mounting plugin GooglePAD
LogPluginManager: Mounting plugin IOSDeviceProfileSelector
LogPluginManager: Mounting plugin LinuxDeviceProfileSelector
LogPluginManager: Mounting plugin LocationServicesBPLibrary
LogPluginManager: Mounting plugin MobilePatchingUtils
LogPluginManager: Mounting plugin OculusVR
LogPluginManager: Mounting plugin PhysXVehicles
LogPluginManager: Mounting plugin PostSplashScreen
LogPluginManager: Mounting plugin ProceduralMeshComponent
LogPluginManager: Mounting plugin RuntimePhysXCooking
LogPluginManager: Mounting plugin SignificanceManager
LogPluginManager: Mounting plugin SoundFields
LogPluginManager: Mounting plugin SteamVR
LogPluginManager: Mounting plugin Synthesis
LogPluginManager: Mounting plugin WebMMoviePlayer
LogPluginManager: Mounting plugin WindowsMoviePlayer
LogPluginManager: Mounting plugin ScreenshotTools
LogInit: Using libcurl 7.55.1-DEV
LogInit:  - built for x86_64-pc-win32
LogInit:  - supports SSL with OpenSSL/1.1.1
LogInit:  - supports HTTP deflate (compression) using libz 1.2.8
LogInit:  - other features:
LogInit:      CURL_VERSION_SSL
LogInit:      CURL_VERSION_LIBZ
LogInit:      CURL_VERSION_IPV6
LogInit:      CURL_VERSION_ASYNCHDNS
LogInit:      CURL_VERSION_LARGEFILE
LogInit:      CURL_VERSION_IDN
LogInit:  CurlRequestOptions (configurable via config and command line):
LogInit:  - bVerifyPeer = true  - Libcurl will verify peer certificate
LogInit:  - bUseHttpProxy = false  - Libcurl will NOT use HTTP proxy
LogInit:  - bDontReuseConnections = false  - Libcurl will reuse connections
LogInit:  - MaxHostConnections = 16  - Libcurl will limit the number of connections to a host
LogInit:  - LocalHostAddr = Default
LogInit:  - BufferSize = 65536
LogOnline: OSS: Creating online subsystem instance for: NULL
LogInit: WinSock: version 1.1 (2.2), MaxSocks=32767, MaxUdp=65467
LogOnline: OSS: TryLoadSubsystemAndSetDefault: Loaded subsystem for module [NULL]
LogInit: Build: ++UE4+Release-4.25-CL-13594126
LogInit: Engine Version: 4.25.1-13594126+++UE4+Release-4.25
LogInit: Compatible Engine Version: 4.25.0-13144385+++UE4+Release-4.25
LogInit: Net CL: 13144385
LogInit: OS: Windows 10 (Release 1703) (), CPU: Intel(R) Core(TM) i7-7700 CPU @ 3.60GHz, GPU: Intel(R) HD Graphics 630
LogInit: Compiled (64-bit): Jun  2 2020 02:10:36
LogInit: Compiled with Visual C++: 19.24.28315.00
LogInit: Build Configuration: Development
LogInit: Branch Name: ++UE4+Release-4.25
LogInit: Command Line:  /Game/Maps/MyMap -server -log
LogInit: Base Directory: C:/UE4/UE_4.25/Engine/Binaries/Win64/
LogInit: Allocator: TBB
LogInit: Installed Engine Build: 1
LogDevObjectVersion: Number of dev versions registered: 26
LogDevObjectVersion:   Dev-Blueprints (B0D832E4-1F89-4F0D-ACCF-7EB736FD4AA2): 10
LogDevObjectVersion:   Dev-Build (E1C64328-A22C-4D53-A36C-8E866417BD8C): 0
LogDevObjectVersion:   Dev-Core (375EC13C-06E4-48FB-B500-84F0262A717E): 4
LogDevObjectVersion:   Dev-Editor (E4B068ED-F494-42E9-A231-DA0B2E46BB41): 38
LogDevObjectVersion:   Dev-Framework (CFFC743F-43B0-4480-9391-14DF171D2073): 37
LogDevObjectVersion:   Dev-Mobile (B02B49B5-BB20-44E9-A304-32B752E40360): 2
LogDevObjectVersion:   Dev-Networking (A4E4105C-59A1-49B5-A7C5-40C4547EDFEE): 0
LogDevObjectVersion:   Dev-Online (39C831C9-5AE6-47DC-9A44-9C173E1C8E7C): 0
LogDevObjectVersion:   Dev-Physics (78F01B33-EBEA-4F98-B9B4-84EACCB95AA2): 4
LogDevObjectVersion:   Dev-Platform (6631380F-2D4D-43E0-8009-CF276956A95A): 0
LogDevObjectVersion:   Dev-Rendering (12F88B9F-8875-4AFC-A67C-D90C383ABD29): 43
LogDevObjectVersion:   Dev-Sequencer (7B5AE74C-D270-4C10-A958-57980B212A5A): 12
LogDevObjectVersion:   Dev-VR (D7296918-1DD6-4BDD-9DE2-64A83CC13884): 3
LogDevObjectVersion:   Dev-LoadTimes (C2A15278-BFE7-4AFE-6C17-90FF531DF755): 1
LogDevObjectVersion:   Private-Geometry (6EACA3D4-40EC-4CC1-B786-8BED09428FC5): 3
LogDevObjectVersion:   Dev-AnimPhys (29E575DD-E0A3-4627-9D10-D276232CDCEA): 17
LogDevObjectVersion:   Dev-Anim (AF43A65D-7FD3-4947-9873-3E8ED9C1BB05): 7
LogDevObjectVersion:   Dev-ReflectionCapture (6B266CEC-1EC7-4B8F-A30B-E4D90942FC07): 1
LogDevObjectVersion:   Dev-Automation (0DF73D61-A23F-47EA-B727-89E90C41499A): 1
LogDevObjectVersion:   FortniteMain (601D1886-AC64-4F84-AA16-D3DE0DEAC7D6): 31
LogDevObjectVersion:   Dev-Enterprise (9DFFBCD6-494F-0158-E221-12823C92A888): 10
LogDevObjectVersion:   Dev-Niagara (F2AED0AC-9AFE-416F-8664-AA7FFA26D6FC): 1
LogDevObjectVersion:   Dev-Destruction (174F1F0B-B4C6-45A5-B13F-2EE8D0FB917D): 10
LogDevObjectVersion:   Dev-Physics-Ext (35F94A83-E258-406C-A318-09F59610247C): 37
LogDevObjectVersion:   Dev-PhysicsMaterial-Chaos (B68FC16E-8B1B-42E2-B453-215C058844FE): 1
LogDevObjectVersion:   Dev-CineCamera (B2E18506-4273-CFC2-A54E-F4BB758BBA07): 1
LogInit: Presizing for max 25165824 objects, including 0 objects not considered by GC, pre-allocating 0 bytes for permanent pool.
LogConfig: Applying CVar settings from Section [/Script/Engine.StreamingSettings] File [C:/WYProject/MultiThreadSC/Saved/Config/Windows/Engine.ini]
LogConfig: Setting CVar [[s.MinBulkDataSizeForAsyncLoading:131072]]
LogConfig: Setting CVar [[s.AsyncLoadingThreadEnabled:0]]
LogConfig: Setting CVar [[s.EventDrivenLoaderEnabled:1]]
LogConfig: Setting CVar [[s.WarnIfTimeLimitExceeded:0]]
LogConfig: Setting CVar [[s.TimeLimitExceededMultiplier:1.5]]
LogConfig: Setting CVar [[s.TimeLimitExceededMinTime:0.005]]
LogConfig: Setting CVar [[s.UseBackgroundLevelStreaming:1]]
LogConfig: Setting CVar [[s.PriorityAsyncLoadingExtraTime:15.0]]
LogConfig: Setting CVar [[s.LevelStreamingActorsUpdateTimeLimit:5.0]]
LogConfig: Setting CVar [[s.PriorityLevelStreamingActorsUpdateExtraTime:5.0]]
LogConfig: Setting CVar [[s.LevelStreamingComponentsRegistrationGranularity:10]]
LogConfig: Setting CVar [[s.UnregisterComponentsTimeLimit:1.0]]
LogConfig: Setting CVar [[s.LevelStreamingComponentsUnregistrationGranularity:5]]
LogConfig: Setting CVar [[s.FlushStreamingOnExit:1]]
LogInit: Object subsystem initialized
LogConfig: Setting CVar [[con.DebugEarlyDefault:1]]
LogConfig: Setting CVar [[r.setres:1280x720]]
[2020.08.10-09.18.42:180][  0]LogConfig: Setting CVar [[con.DebugEarlyDefault:1]]
[2020.08.10-09.18.42:181][  0]LogConfig: Setting CVar [[r.setres:1280x720]]
[2020.08.10-09.18.42:182][  0]LogConfig: Applying CVar settings from Section [/Script/Engine.RendererSettings] File [C:/WYProject/MultiThreadSC/Saved/Config/Windows/Engine.ini]
[2020.08.10-09.18.42:182][  0]LogConfig: Setting CVar [[r.GPUCrashDebugging:0]]
[2020.08.10-09.18.42:183][  0]LogConfig: Applying CVar settings from Section [/Script/Engine.RendererOverrideSettings] File [C:/WYProject/MultiThreadSC/Saved/Config/Windows/Engine.ini]
[2020.08.10-09.18.42:184][  0]LogConfig: Applying CVar settings from Section [/Script/Engine.StreamingSettings] File [C:/WYProject/MultiThreadSC/Saved/Config/Windows/Engine.ini]
[2020.08.10-09.18.42:185][  0]LogConfig: Setting CVar [[s.MinBulkDataSizeForAsyncLoading:131072]]
[2020.08.10-09.18.42:186][  0]LogConfig: Setting CVar [[s.AsyncLoadingThreadEnabled:0]]
[2020.08.10-09.18.42:186][  0]LogConfig: Setting CVar [[s.EventDrivenLoaderEnabled:1]]
[2020.08.10-09.18.42:187][  0]LogConfig: Setting CVar [[s.WarnIfTimeLimitExceeded:0]]
[2020.08.10-09.18.42:187][  0]LogConfig: Setting CVar [[s.TimeLimitExceededMultiplier:1.5]]
[2020.08.10-09.18.42:188][  0]LogConfig: Setting CVar [[s.TimeLimitExceededMinTime:0.005]]
[2020.08.10-09.18.42:188][  0]LogConfig: Setting CVar [[s.UseBackgroundLevelStreaming:1]]
[2020.08.10-09.18.42:189][  0]LogConfig: Setting CVar [[s.PriorityAsyncLoadingExtraTime:15.0]]
[2020.08.10-09.18.42:190][  0]LogConfig: Setting CVar [[s.LevelStreamingActorsUpdateTimeLimit:5.0]]
[2020.08.10-09.18.42:190][  0]LogConfig: Setting CVar [[s.PriorityLevelStreamingActorsUpdateExtraTime:5.0]]
[2020.08.10-09.18.42:191][  0]LogConfig: Setting CVar [[s.LevelStreamingComponentsRegistrationGranularity:10]]
[2020.08.10-09.18.42:191][  0]LogConfig: Setting CVar [[s.UnregisterComponentsTimeLimit:1.0]]
[2020.08.10-09.18.42:193][  0]LogConfig: Setting CVar [[s.LevelStreamingComponentsUnregistrationGranularity:5]]
[2020.08.10-09.18.42:195][  0]LogConfig: Setting CVar [[s.FlushStreamingOnExit:1]]
[2020.08.10-09.18.42:196][  0]LogConfig: Applying CVar settings from Section [/Script/Engine.GarbageCollectionSettings] File [C:/WYProject/MultiThreadSC/Saved/Config/Windows/Engine.ini]
[2020.08.10-09.18.42:197][  0]LogConfig: Setting CVar [[gc.MaxObjectsNotConsideredByGC:1]]
[2020.08.10-09.18.42:197][  0]LogConfig: Setting CVar [[gc.SizeOfPermanentObjectPool:0]]
[2020.08.10-09.18.42:198][  0]LogConfig: Setting CVar [[gc.FlushStreamingOnGC:0]]
[2020.08.10-09.18.42:198][  0]LogConfig: Setting CVar [[gc.NumRetriesBeforeForcingGC:10]]
[2020.08.10-09.18.42:199][  0]LogConfig: Setting CVar [[gc.AllowParallelGC:1]]
[2020.08.10-09.18.42:200][  0]LogConfig: Setting CVar [[gc.TimeBetweenPurgingPendingKillObjects:61.1]]
[2020.08.10-09.18.42:200][  0]LogConfig: Setting CVar [[gc.MaxObjectsInEditor:25165824]]
[2020.08.10-09.18.42:201][  0]LogConfig: Setting CVar [[gc.IncrementalBeginDestroyEnabled:1]]
[2020.08.10-09.18.42:202][  0]LogConfig: Setting CVar [[gc.CreateGCClusters:1]]
[2020.08.10-09.18.42:202][  0]LogConfig: Setting CVar [[gc.MinGCClusterSize:5]]
[2020.08.10-09.18.42:204][  0]LogConfig: Setting CVar [[gc.ActorClusteringEnabled:0]]
[2020.08.10-09.18.42:204][  0]LogConfig: Setting CVar [[gc.BlueprintClusteringEnabled:0]]
[2020.08.10-09.18.42:205][  0]LogConfig: Setting CVar [[gc.UseDisregardForGCOnDedicatedServers:0]]
[2020.08.10-09.18.42:205][  0]LogConfig: Applying CVar settings from Section [/Script/Engine.NetworkSettings] File [C:/WYProject/MultiThreadSC/Saved/Config/Windows/Engine.ini]
[2020.08.10-09.18.42:206][  0]LogConfig: Applying CVar settings from Section [/Script/UnrealEd.CookerSettings] File [C:/WYProject/MultiThreadSC/Saved/Config/Windows/Engine.ini]
[2020.08.10-09.18.42:207][  0]LogConfig: Applying CVar settings from Section [ViewDistanceQuality@3] File [C:/WYProject/MultiThreadSC/Saved/Config/Windows/Scalability.ini]
[2020.08.10-09.18.42:208][  0]LogConfig: Setting CVar [[r.SkeletalMeshLODBias:0]]
[2020.08.10-09.18.42:208][  0]LogConfig: Setting CVar [[r.ViewDistanceScale:1.0]]
[2020.08.10-09.18.42:209][  0]LogConfig: Applying CVar settings from Section [AntiAliasingQuality@3] File [C:/WYProject/MultiThreadSC/Saved/Config/Windows/Scalability.ini]
[2020.08.10-09.18.42:210][  0]LogConfig: Setting CVar [[r.PostProcessAAQuality:4]]
[2020.08.10-09.18.42:210][  0]LogConfig: Applying CVar settings from Section [ShadowQuality@3] File [C:/WYProject/MultiThreadSC/Saved/Config/Windows/Scalability.ini]
[2020.08.10-09.18.42:211][  0]LogConfig: Setting CVar [[r.LightFunctionQuality:1]]
[2020.08.10-09.18.42:212][  0]LogConfig: Setting CVar [[r.ShadowQuality:5]]
[2020.08.10-09.18.42:213][  0]LogConfig: Setting CVar [[r.Shadow.CSM.MaxCascades:10]]
[2020.08.10-09.18.42:215][  0]LogConfig: Setting CVar [[r.Shadow.MaxResolution:2048]]
[2020.08.10-09.18.42:216][  0]LogConfig: Setting CVar [[r.Shadow.MaxCSMResolution:2048]]
[2020.08.10-09.18.42:216][  0]LogConfig: Setting CVar [[r.Shadow.RadiusThreshold:0.01]]
[2020.08.10-09.18.42:217][  0]LogConfig: Setting CVar [[r.Shadow.DistanceScale:1.0]]
[2020.08.10-09.18.42:217][  0]LogConfig: Setting CVar [[r.Shadow.CSM.TransitionScale:1.0]]
[2020.08.10-09.18.42:218][  0]LogConfig: Setting CVar [[r.Shadow.PreShadowResolutionFactor:1.0]]
[2020.08.10-09.18.42:220][  0]LogConfig: Setting CVar [[r.DistanceFieldShadowing:1]]
[2020.08.10-09.18.42:220][  0]LogConfig: Setting CVar [[r.DistanceFieldAO:1]]
[2020.08.10-09.18.42:221][  0]LogConfig: Setting CVar [[r.AOQuality:2]]
[2020.08.10-09.18.42:221][  0]LogConfig: Setting CVar [[r.VolumetricFog:1]]
[2020.08.10-09.18.42:222][  0]LogConfig: Setting CVar [[r.VolumetricFog.GridPixelSize:8]]
[2020.08.10-09.18.42:222][  0]LogConfig: Setting CVar [[r.VolumetricFog.GridSizeZ:128]]
[2020.08.10-09.18.42:223][  0]LogConfig: Setting CVar [[r.VolumetricFog.HistoryMissSupersampleCount:4]]
[2020.08.10-09.18.42:223][  0]LogConfig: Setting CVar [[r.LightMaxDrawDistanceScale:1]]
[2020.08.10-09.18.42:224][  0]LogConfig: Setting CVar [[r.CapsuleShadows:1]]
[2020.08.10-09.18.42:226][  0]LogConfig: Applying CVar settings from Section [PostProcessQuality@3] File [C:/WYProject/MultiThreadSC/Saved/Config/Windows/Scalability.ini]
[2020.08.10-09.18.42:226][  0]LogConfig: Setting CVar [[r.MotionBlurQuality:4]]
[2020.08.10-09.18.42:227][  0]LogConfig: Setting CVar [[r.AmbientOcclusionMipLevelFactor:0.4]]
[2020.08.10-09.18.42:228][  0]LogConfig: Setting CVar [[r.AmbientOcclusionMaxQuality:100]]
[2020.08.10-09.18.42:229][  0]LogConfig: Setting CVar [[r.AmbientOcclusionLevels:-1]]
[2020.08.10-09.18.42:230][  0]LogConfig: Setting CVar [[r.AmbientOcclusionRadiusScale:1.0]]
[2020.08.10-09.18.42:230][  0]LogConfig: Setting CVar [[r.DepthOfFieldQuality:2]]
[2020.08.10-09.18.42:231][  0]LogConfig: Setting CVar [[r.RenderTargetPoolMin:400]]
[2020.08.10-09.18.42:232][  0]LogConfig: Setting CVar [[r.LensFlareQuality:2]]
[2020.08.10-09.18.42:232][  0]LogConfig: Setting CVar [[r.SceneColorFringeQuality:1]]
[2020.08.10-09.18.42:233][  0]LogConfig: Setting CVar [[r.EyeAdaptationQuality:2]]
[2020.08.10-09.18.42:233][  0]LogConfig: Setting CVar [[r.BloomQuality:5]]
[2020.08.10-09.18.42:235][  0]LogConfig: Setting CVar [[r.FastBlurThreshold:100]]
[2020.08.10-09.18.42:236][  0]LogConfig: Setting CVar [[r.Upscale.Quality:3]]
[2020.08.10-09.18.42:237][  0]LogConfig: Setting CVar [[r.Tonemapper.GrainQuantization:1]]
[2020.08.10-09.18.42:237][  0]LogConfig: Setting CVar [[r.LightShaftQuality:1]]
[2020.08.10-09.18.42:238][  0]LogConfig: Setting CVar [[r.Filter.SizeScale:1]]
[2020.08.10-09.18.42:239][  0]LogConfig: Setting CVar [[r.Tonemapper.Quality:5]]
[2020.08.10-09.18.42:239][  0]LogConfig: Setting CVar [[r.DOF.Gather.AccumulatorQuality:1        ; higher gathering accumulator quality]]
[2020.08.10-09.18.42:240][  0]LogConfig: Setting CVar [[r.DOF.Gather.PostfilterMethod:1          ; Median3x3 postfilering method]]
[2020.08.10-09.18.42:241][  0]LogConfig: Setting CVar [[r.DOF.Gather.EnableBokehSettings:0       ; no bokeh simulation when gathering]]
[2020.08.10-09.18.42:242][  0]LogConfig: Setting CVar [[r.DOF.Gather.RingCount:4                 ; medium number of samples when gathering]]
[2020.08.10-09.18.42:242][  0]LogConfig: Setting CVar [[r.DOF.Scatter.ForegroundCompositing:1    ; additive foreground scattering]]
[2020.08.10-09.18.42:243][  0]LogConfig: Setting CVar [[r.DOF.Scatter.BackgroundCompositing:2    ; additive background scattering]]
[2020.08.10-09.18.42:244][  0]LogConfig: Setting CVar [[r.DOF.Scatter.EnableBokehSettings:1      ; bokeh simulation when scattering]]
[2020.08.10-09.18.42:247][  0]LogConfig: Setting CVar [[r.DOF.Scatter.MaxSpriteRatio:0.1         ; only a maximum of 10% of scattered bokeh]]
[2020.08.10-09.18.42:248][  0]LogConfig: Setting CVar [[r.DOF.Recombine.Quality:1                ; cheap slight out of focus]]
[2020.08.10-09.18.42:248][  0]LogConfig: Setting CVar [[r.DOF.Recombine.EnableBokehSettings:0    ; no bokeh simulation on slight out of focus]]
[2020.08.10-09.18.42:249][  0]LogConfig: Setting CVar [[r.DOF.TemporalAAQuality:1                ; more stable temporal accumulation]]
[2020.08.10-09.18.42:250][  0]LogConfig: Setting CVar [[r.DOF.Kernel.MaxForegroundRadius:0.025]]
[2020.08.10-09.18.42:251][  0]LogConfig: Setting CVar [[r.DOF.Kernel.MaxBackgroundRadius:0.025]]
[2020.08.10-09.18.42:251][  0]LogConfig: Applying CVar settings from Section [TextureQuality@3] File [C:/WYProject/MultiThreadSC/Saved/Config/Windows/Scalability.ini]
[2020.08.10-09.18.42:252][  0]LogConfig: Setting CVar [[r.Streaming.MipBias:0]]
[2020.08.10-09.18.42:253][  0]LogConfig: Setting CVar [[r.Streaming.AmortizeCPUToGPUCopy:0]]
[2020.08.10-09.18.42:253][  0]LogConfig: Setting CVar [[r.Streaming.MaxNumTexturesToStreamPerFrame:0]]
[2020.08.10-09.18.42:254][  0]LogConfig: Setting CVar [[r.Streaming.Boost:1]]
[2020.08.10-09.18.42:255][  0]LogConfig: Setting CVar [[r.MaxAnisotropy:8]]
[2020.08.10-09.18.42:256][  0]LogConfig: Setting CVar [[r.VT.MaxAnisotropy:8]]
[2020.08.10-09.18.42:257][  0]LogConfig: Setting CVar [[r.Streaming.LimitPoolSizeToVRAM:0]]
[2020.08.10-09.18.42:258][  0]LogConfig: Setting CVar [[r.Streaming.PoolSize:1000]]
[2020.08.10-09.18.42:258][  0]LogConfig: Setting CVar [[r.Streaming.MaxEffectiveScreenSize:0]]
[2020.08.10-09.18.42:259][  0]LogConfig: Applying CVar settings from Section [EffectsQuality@3] File [C:/WYProject/MultiThreadSC/Saved/Config/Windows/Scalability.ini]
[2020.08.10-09.18.42:260][  0]LogConfig: Setting CVar [[r.TranslucencyLightingVolumeDim:64]]
[2020.08.10-09.18.42:261][  0]LogConfig: Setting CVar [[r.RefractionQuality:2]]
[2020.08.10-09.18.42:262][  0]LogConfig: Setting CVar [[r.SSR.Quality:3]]
[2020.08.10-09.18.42:263][  0]LogConfig: Setting CVar [[r.SSR.HalfResSceneColor:0]]
[2020.08.10-09.18.42:263][  0]LogConfig: Setting CVar [[r.SceneColorFormat:4]]
[2020.08.10-09.18.42:264][  0]LogConfig: Setting CVar [[r.DetailMode:2]]
[2020.08.10-09.18.42:264][  0]LogConfig: Setting CVar [[r.TranslucencyVolumeBlur:1]]
[2020.08.10-09.18.42:265][  0]LogConfig: Setting CVar [[r.MaterialQualityLevel:1 ; High quality]]
[2020.08.10-09.18.42:267][  0]LogConfig: Setting CVar [[r.SSS.Scale:1]]
[2020.08.10-09.18.42:267][  0]LogConfig: Setting CVar [[r.SSS.SampleSet:2]]
[2020.08.10-09.18.42:268][  0]LogConfig: Setting CVar [[r.SSS.Quality:1]]
[2020.08.10-09.18.42:268][  0]LogConfig: Setting CVar [[r.SSS.HalfRes:0]]
[2020.08.10-09.18.42:269][  0]LogConfig: Setting CVar [[r.SSGI.Quality:3]]
[2020.08.10-09.18.42:270][  0]LogConfig: Setting CVar [[r.EmitterSpawnRateScale:1.0]]
[2020.08.10-09.18.42:271][  0]LogConfig: Setting CVar [[r.ParticleLightQuality:2]]
[2020.08.10-09.18.42:272][  0]LogConfig: Setting CVar [[r.SkyAtmosphere.AerialPerspectiveLUT.FastApplyOnOpaque:1 ; Always have FastSkyLUT 1 in this case to avoid wrong sky]]
[2020.08.10-09.18.42:272][  0]LogConfig: Setting CVar [[r.SkyAtmosphere.AerialPerspectiveLUT.SampleCountPerSlice:1]]
[2020.08.10-09.18.42:273][  0]LogConfig: Setting CVar [[r.SkyAtmosphere.AerialPerspectiveLUT.DepthResolution:16.0]]
[2020.08.10-09.18.42:274][  0]LogConfig: Setting CVar [[r.SkyAtmosphere.FastSkyLUT:1]]
[2020.08.10-09.18.42:275][  0]LogConfig: Setting CVar [[r.SkyAtmosphere.FastSkyLUT.SampleCountMin:4.0]]
[2020.08.10-09.18.42:280][  0]LogConfig: Setting CVar [[r.SkyAtmosphere.FastSkyLUT.SampleCountMax:32.0]]
[2020.08.10-09.18.42:281][  0]LogConfig: Setting CVar [[r.SkyAtmosphere.SampleCountMin:4.0]]
[2020.08.10-09.18.42:283][  0]LogConfig: Setting CVar [[r.SkyAtmosphere.SampleCountMax:32.0]]
[2020.08.10-09.18.42:284][  0]LogConfig: Setting CVar [[r.SkyAtmosphere.TransmittanceLUT.UseSmallFormat:0]]
[2020.08.10-09.18.42:284][  0]LogConfig: Setting CVar [[r.SkyAtmosphere.TransmittanceLUT.SampleCount:10.0]]
[2020.08.10-09.18.42:285][  0]LogConfig: Setting CVar [[r.SkyAtmosphere.MultiScatteringLUT.SampleCount:15.0]]
[2020.08.10-09.18.42:287][  0]LogConfig: Applying CVar settings from Section [FoliageQuality@3] File [C:/WYProject/MultiThreadSC/Saved/Config/Windows/Scalability.ini]
[2020.08.10-09.18.42:287][  0]LogConfig: Setting CVar [[foliage.DensityScale:1.0]]
[2020.08.10-09.18.42:288][  0]LogConfig: Setting CVar [[grass.DensityScale:1.0]]
[2020.08.10-09.18.42:289][  0]LogConfig: Applying CVar settings from Section [ShadingQuality@3] File [C:/WYProject/MultiThreadSC/Saved/Config/Windows/Scalability.ini]
[2020.08.10-09.18.42:290][  0]LogConfig: Setting CVar [[r.HairStrands.SkyLighting.SampleCount:16]]
[2020.08.10-09.18.42:291][  0]LogConfig: Setting CVar [[r.HairStrands.SkyLighting.JitterIntegration:0]]
[2020.08.10-09.18.42:291][  0]LogConfig: Setting CVar [[r.HairStrands.SkyAO.SampleCount:16]]
[2020.08.10-09.18.42:292][  0]LogConfig: Setting CVar [[r.HairStrands.DeepShadow.SuperSampling:0]]
[2020.08.10-09.18.42:293][  0]LogConfig: Setting CVar [[r.HairStrands.VisibilityPPLL:0]]
[2020.08.10-09.18.42:293][  0]LogConfig: Setting CVar [[r.HairStrands.RasterizationScale:0.5]]
[2020.08.10-09.18.42:294][  0]LogConfig: Setting CVar [[r.HairStrands.VelocityRasterizationScale:1]]
[2020.08.10-09.18.42:295][  0]LogInit: Selected Device Profile: [Windows]
[2020.08.10-09.18.42:298][  0]LogInit: Applying CVar settings loaded from the selected device profile: [Windows]
[2020.08.10-09.18.42:299][  0]LogHAL: Display: Platform has ~ 16 GB [17062805504 / 17179869184 / 16], which maps to Larger [LargestMinGB=32, LargerMinGB=12, DefaultMinGB=8, SmallerMinGB=6, SmallestMinGB=0)
[2020.08.10-09.18.42:300][  0]LogInit: Going up to parent DeviceProfile []
[2020.08.10-09.18.42:300][  0]LogConfig: Applying CVar settings from Section [ViewDistanceQuality@3] File [C:/WYProject/MultiThreadSC/Saved/Config/Windows/Scalability.ini]
[2020.08.10-09.18.42:301][  0]LogConfig: Setting CVar [[r.SkeletalMeshLODBias:0]]
[2020.08.10-09.18.42:302][  0]LogConfig: Setting CVar [[r.ViewDistanceScale:1.0]]
[2020.08.10-09.18.42:302][  0]LogConfig: Applying CVar settings from Section [AntiAliasingQuality@3] File [C:/WYProject/MultiThreadSC/Saved/Config/Windows/Scalability.ini]
[2020.08.10-09.18.42:303][  0]LogConfig: Setting CVar [[r.PostProcessAAQuality:4]]
[2020.08.10-09.18.42:304][  0]LogConfig: Applying CVar settings from Section [ShadowQuality@3] File [C:/WYProject/MultiThreadSC/Saved/Config/Windows/Scalability.ini]
[2020.08.10-09.18.42:305][  0]LogConfig: Setting CVar [[r.LightFunctionQuality:1]]
[2020.08.10-09.18.42:305][  0]LogConfig: Setting CVar [[r.ShadowQuality:5]]
[2020.08.10-09.18.42:306][  0]LogConfig: Setting CVar [[r.Shadow.CSM.MaxCascades:10]]
[2020.08.10-09.18.42:308][  0]LogConfig: Setting CVar [[r.Shadow.MaxResolution:2048]]
[2020.08.10-09.18.42:309][  0]LogConfig: Setting CVar [[r.Shadow.MaxCSMResolution:2048]]
[2020.08.10-09.18.42:310][  0]LogConfig: Setting CVar [[r.Shadow.RadiusThreshold:0.01]]
[2020.08.10-09.18.42:311][  0]LogConfig: Setting CVar [[r.Shadow.DistanceScale:1.0]]
[2020.08.10-09.18.42:312][  0]LogConfig: Setting CVar [[r.Shadow.CSM.TransitionScale:1.0]]
[2020.08.10-09.18.42:313][  0]LogConfig: Setting CVar [[r.Shadow.PreShadowResolutionFactor:1.0]]
[2020.08.10-09.18.42:314][  0]LogConfig: Setting CVar [[r.DistanceFieldShadowing:1]]
[2020.08.10-09.18.42:314][  0]LogConfig: Setting CVar [[r.DistanceFieldAO:1]]
[2020.08.10-09.18.42:315][  0]LogConfig: Setting CVar [[r.AOQuality:2]]
[2020.08.10-09.18.42:315][  0]LogConfig: Setting CVar [[r.VolumetricFog:1]]
[2020.08.10-09.18.42:316][  0]LogConfig: Setting CVar [[r.VolumetricFog.GridPixelSize:8]]
[2020.08.10-09.18.42:317][  0]LogConfig: Setting CVar [[r.VolumetricFog.GridSizeZ:128]]
[2020.08.10-09.18.42:318][  0]LogConfig: Setting CVar [[r.VolumetricFog.HistoryMissSupersampleCount:4]]
[2020.08.10-09.18.42:318][  0]LogConfig: Setting CVar [[r.LightMaxDrawDistanceScale:1]]
[2020.08.10-09.18.42:319][  0]LogConfig: Setting CVar [[r.CapsuleShadows:1]]
[2020.08.10-09.18.42:320][  0]LogConfig: Applying CVar settings from Section [PostProcessQuality@3] File [C:/WYProject/MultiThreadSC/Saved/Config/Windows/Scalability.ini]
[2020.08.10-09.18.42:320][  0]LogConfig: Setting CVar [[r.MotionBlurQuality:4]]
[2020.08.10-09.18.42:321][  0]LogConfig: Setting CVar [[r.AmbientOcclusionMipLevelFactor:0.4]]
[2020.08.10-09.18.42:322][  0]LogConfig: Setting CVar [[r.AmbientOcclusionMaxQuality:100]]
[2020.08.10-09.18.42:322][  0]LogConfig: Setting CVar [[r.AmbientOcclusionLevels:-1]]
[2020.08.10-09.18.42:323][  0]LogConfig: Setting CVar [[r.AmbientOcclusionRadiusScale:1.0]]
[2020.08.10-09.18.42:323][  0]LogConfig: Setting CVar [[r.DepthOfFieldQuality:2]]
[2020.08.10-09.18.42:323][  0]LogConfig: Setting CVar [[r.RenderTargetPoolMin:400]]
[2020.08.10-09.18.42:323][  0]LogConfig: Setting CVar [[r.LensFlareQuality:2]]
[2020.08.10-09.18.42:323][  0]LogConfig: Setting CVar [[r.SceneColorFringeQuality:1]]
[2020.08.10-09.18.42:323][  0]LogConfig: Setting CVar [[r.EyeAdaptationQuality:2]]
[2020.08.10-09.18.42:323][  0]LogConfig: Setting CVar [[r.BloomQuality:5]]
[2020.08.10-09.18.42:323][  0]LogConfig: Setting CVar [[r.FastBlurThreshold:100]]
[2020.08.10-09.18.42:323][  0]LogConfig: Setting CVar [[r.Upscale.Quality:3]]
[2020.08.10-09.18.42:324][  0]LogConfig: Setting CVar [[r.Tonemapper.GrainQuantization:1]]
[2020.08.10-09.18.42:324][  0]LogConfig: Setting CVar [[r.LightShaftQuality:1]]
[2020.08.10-09.18.42:324][  0]LogConfig: Setting CVar [[r.Filter.SizeScale:1]]
[2020.08.10-09.18.42:324][  0]LogConfig: Setting CVar [[r.Tonemapper.Quality:5]]
[2020.08.10-09.18.42:324][  0]LogConfig: Setting CVar [[r.DOF.Gather.AccumulatorQuality:1        ; higher gathering accumulator quality]]
[2020.08.10-09.18.42:324][  0]LogConfig: Setting CVar [[r.DOF.Gather.PostfilterMethod:1          ; Median3x3 postfilering method]]
[2020.08.10-09.18.42:324][  0]LogConfig: Setting CVar [[r.DOF.Gather.EnableBokehSettings:0       ; no bokeh simulation when gathering]]
[2020.08.10-09.18.42:324][  0]LogConfig: Setting CVar [[r.DOF.Gather.RingCount:4                 ; medium number of samples when gathering]]
[2020.08.10-09.18.42:324][  0]LogConfig: Setting CVar [[r.DOF.Scatter.ForegroundCompositing:1    ; additive foreground scattering]]
[2020.08.10-09.18.42:325][  0]LogConfig: Setting CVar [[r.DOF.Scatter.BackgroundCompositing:2    ; additive background scattering]]
[2020.08.10-09.18.42:327][  0]LogConfig: Setting CVar [[r.DOF.Scatter.EnableBokehSettings:1      ; bokeh simulation when scattering]]
[2020.08.10-09.18.42:328][  0]LogConfig: Setting CVar [[r.DOF.Scatter.MaxSpriteRatio:0.1         ; only a maximum of 10% of scattered bokeh]]
[2020.08.10-09.18.42:329][  0]LogConfig: Setting CVar [[r.DOF.Recombine.Quality:1                ; cheap slight out of focus]]
[2020.08.10-09.18.42:330][  0]LogConfig: Setting CVar [[r.DOF.Recombine.EnableBokehSettings:0    ; no bokeh simulation on slight out of focus]]
[2020.08.10-09.18.42:331][  0]LogConfig: Setting CVar [[r.DOF.TemporalAAQuality:1                ; more stable temporal accumulation]]
[2020.08.10-09.18.42:331][  0]LogConfig: Setting CVar [[r.DOF.Kernel.MaxForegroundRadius:0.025]]
[2020.08.10-09.18.42:332][  0]LogConfig: Setting CVar [[r.DOF.Kernel.MaxBackgroundRadius:0.025]]
[2020.08.10-09.18.42:333][  0]LogConfig: Applying CVar settings from Section [TextureQuality@3] File [C:/WYProject/MultiThreadSC/Saved/Config/Windows/Scalability.ini]
[2020.08.10-09.18.42:334][  0]LogConfig: Setting CVar [[r.Streaming.MipBias:0]]
[2020.08.10-09.18.42:335][  0]LogConfig: Setting CVar [[r.Streaming.AmortizeCPUToGPUCopy:0]]
[2020.08.10-09.18.42:337][  0]LogConfig: Setting CVar [[r.Streaming.MaxNumTexturesToStreamPerFrame:0]]
[2020.08.10-09.18.42:337][  0]LogConfig: Setting CVar [[r.Streaming.Boost:1]]
[2020.08.10-09.18.42:337][  0]LogConfig: Setting CVar [[r.MaxAnisotropy:8]]
[2020.08.10-09.18.42:337][  0]LogConfig: Setting CVar [[r.VT.MaxAnisotropy:8]]
[2020.08.10-09.18.42:337][  0]LogConfig: Setting CVar [[r.Streaming.LimitPoolSizeToVRAM:0]]
[2020.08.10-09.18.42:337][  0]LogConfig: Setting CVar [[r.Streaming.PoolSize:1000]]
[2020.08.10-09.18.42:337][  0]LogConfig: Setting CVar [[r.Streaming.MaxEffectiveScreenSize:0]]
[2020.08.10-09.18.42:337][  0]LogConfig: Applying CVar settings from Section [EffectsQuality@3] File [C:/WYProject/MultiThreadSC/Saved/Config/Windows/Scalability.ini]
[2020.08.10-09.18.42:337][  0]LogConfig: Setting CVar [[r.TranslucencyLightingVolumeDim:64]]
[2020.08.10-09.18.42:337][  0]LogConfig: Setting CVar [[r.RefractionQuality:2]]
[2020.08.10-09.18.42:337][  0]LogConfig: Setting CVar [[r.SSR.Quality:3]]
[2020.08.10-09.18.42:337][  0]LogConfig: Setting CVar [[r.SSR.HalfResSceneColor:0]]
[2020.08.10-09.18.42:337][  0]LogConfig: Setting CVar [[r.SceneColorFormat:4]]
[2020.08.10-09.18.42:337][  0]LogConfig: Setting CVar [[r.DetailMode:2]]
[2020.08.10-09.18.42:337][  0]LogConfig: Setting CVar [[r.TranslucencyVolumeBlur:1]]
[2020.08.10-09.18.42:337][  0]LogConfig: Setting CVar [[r.MaterialQualityLevel:1 ; High quality]]
[2020.08.10-09.18.42:337][  0]LogConfig: Setting CVar [[r.SSS.Scale:1]]
[2020.08.10-09.18.42:337][  0]LogConfig: Setting CVar [[r.SSS.SampleSet:2]]
[2020.08.10-09.18.42:337][  0]LogConfig: Setting CVar [[r.SSS.Quality:1]]
[2020.08.10-09.18.42:337][  0]LogConfig: Setting CVar [[r.SSS.HalfRes:0]]
[2020.08.10-09.18.42:337][  0]LogConfig: Setting CVar [[r.SSGI.Quality:3]]
[2020.08.10-09.18.42:338][  0]LogConfig: Setting CVar [[r.EmitterSpawnRateScale:1.0]]
[2020.08.10-09.18.42:338][  0]LogConfig: Setting CVar [[r.ParticleLightQuality:2]]
[2020.08.10-09.18.42:338][  0]LogConfig: Setting CVar [[r.SkyAtmosphere.AerialPerspectiveLUT.FastApplyOnOpaque:1 ; Always have FastSkyLUT 1 in this case to avoid wrong sky]]
[2020.08.10-09.18.42:338][  0]LogConfig: Setting CVar [[r.SkyAtmosphere.AerialPerspectiveLUT.SampleCountPerSlice:1]]
[2020.08.10-09.18.42:338][  0]LogConfig: Setting CVar [[r.SkyAtmosphere.AerialPerspectiveLUT.DepthResolution:16.0]]
[2020.08.10-09.18.42:338][  0]LogConfig: Setting CVar [[r.SkyAtmosphere.FastSkyLUT:1]]
[2020.08.10-09.18.42:338][  0]LogConfig: Setting CVar [[r.SkyAtmosphere.FastSkyLUT.SampleCountMin:4.0]]
[2020.08.10-09.18.42:338][  0]LogConfig: Setting CVar [[r.SkyAtmosphere.FastSkyLUT.SampleCountMax:32.0]]
[2020.08.10-09.18.42:338][  0]LogConfig: Setting CVar [[r.SkyAtmosphere.SampleCountMin:4.0]]
[2020.08.10-09.18.42:338][  0]LogConfig: Setting CVar [[r.SkyAtmosphere.SampleCountMax:32.0]]
[2020.08.10-09.18.42:338][  0]LogConfig: Setting CVar [[r.SkyAtmosphere.TransmittanceLUT.UseSmallFormat:0]]
[2020.08.10-09.18.42:338][  0]LogConfig: Setting CVar [[r.SkyAtmosphere.TransmittanceLUT.SampleCount:10.0]]
[2020.08.10-09.18.42:338][  0]LogConfig: Setting CVar [[r.SkyAtmosphere.MultiScatteringLUT.SampleCount:15.0]]
[2020.08.10-09.18.42:338][  0]LogConfig: Applying CVar settings from Section [FoliageQuality@3] File [C:/WYProject/MultiThreadSC/Saved/Config/Windows/Scalability.ini]
[2020.08.10-09.18.42:338][  0]LogConfig: Setting CVar [[foliage.DensityScale:1.0]]
[2020.08.10-09.18.42:338][  0]LogConfig: Setting CVar [[grass.DensityScale:1.0]]
[2020.08.10-09.18.42:338][  0]LogConfig: Applying CVar settings from Section [ShadingQuality@3] File [C:/WYProject/MultiThreadSC/Saved/Config/Windows/Scalability.ini]
[2020.08.10-09.18.42:338][  0]LogConfig: Setting CVar [[r.HairStrands.SkyLighting.SampleCount:16]]
[2020.08.10-09.18.42:338][  0]LogConfig: Setting CVar [[r.HairStrands.SkyLighting.JitterIntegration:0]]
[2020.08.10-09.18.42:338][  0]LogConfig: Setting CVar [[r.HairStrands.SkyAO.SampleCount:16]]
[2020.08.10-09.18.42:338][  0]LogConfig: Setting CVar [[r.HairStrands.DeepShadow.SuperSampling:0]]
[2020.08.10-09.18.42:338][  0]LogConfig: Setting CVar [[r.HairStrands.VisibilityPPLL:0]]
[2020.08.10-09.18.42:338][  0]LogConfig: Setting CVar [[r.HairStrands.RasterizationScale:0.5]]
[2020.08.10-09.18.42:338][  0]LogConfig: Setting CVar [[r.HairStrands.VelocityRasterizationScale:1]]
[2020.08.10-09.18.42:338][  0]LogConfig: Applying CVar settings from Section [Startup] File [../../../Engine/Config/ConsoleVariables.ini]
[2020.08.10-09.18.42:338][  0]LogConfig: Setting CVar [[net.UseAdaptiveNetUpdateFrequency:0]]
[2020.08.10-09.18.42:339][  0]LogConfig: Setting CVar [[p.chaos.AllowCreatePhysxBodies:1]]
[2020.08.10-09.18.42:339][  0]LogConfig: Setting CVar [[fx.SkipVectorVMBackendOptimizations:1]]
[2020.08.10-09.18.42:339][  0]LogConfig: Applying CVar settings from Section [ConsoleVariables] File [C:/WYProject/MultiThreadSC/Saved/Config/Windows/Engine.ini]
[2020.08.10-09.18.42:339][  0]LogInit: Computer: v_iwyuewan-PC0
[2020.08.10-09.18.42:339][  0]LogInit: User: viwyuewang
[2020.08.10-09.18.42:339][  0]LogInit: CPU Page size=4096, Cores=4
[2020.08.10-09.18.42:339][  0]LogInit: High frequency timer resolution =3.515630 MHz
[2020.08.10-09.18.42:339][  0]LogMemory: Memory total: Physical=15.9GB (16GB approx)
[2020.08.10-09.18.42:339][  0]LogMemory: Platform Memory Stats for Windows
[2020.08.10-09.18.42:339][  0]LogMemory: Process Physical Memory: 114.00 MB used, 114.00 MB peak
[2020.08.10-09.18.42:339][  0]LogMemory: Process Virtual Memory: 95.69 MB used, 95.69 MB peak
[2020.08.10-09.18.42:339][  0]LogMemory: Physical Memory: 5858.19 MB used,  10414.17 MB free, 16272.36 MB total
[2020.08.10-09.18.42:339][  0]LogMemory: Virtual Memory: 1006.13 MB used,  134216720.00 MB free, 134217728.00 MB total
[2020.08.10-09.18.42:343][  0]LogWindows: WindowsPlatformFeatures disabled or dedicated server build
[2020.08.10-09.18.42:361][  0]LogInit: Physics initialised using underlying interface: PhysX
[2020.08.10-09.18.42:362][  0]LogInit: Using OS detected language (zh-CN).
[2020.08.10-09.18.42:362][  0]LogInit: Using OS detected locale (zh-CN).
[2020.08.10-09.18.42:368][  0]LogTextLocalizationManager: No specific localization for 'zh-CN' exists, so the 'zh-Hans' localization will be used.
[2020.08.10-09.18.42:487][  0]LogTextLocalizationResource: LocRes '../../../Engine/Content/Localization/Editor/zh/Editor.locres' could not be opened for reading!
[2020.08.10-09.18.42:487][  0]LogTextLocalizationResource: LocRes '../../../Engine/Content/Localization/EditorTutorials/zh/EditorTutorials.locres' could not be opened for reading!
[2020.08.10-09.18.42:488][  0]LogTextLocalizationResource: LocRes '../../../Engine/Content/Localization/Keywords/zh/Keywords.locres' could not be opened for reading!
[2020.08.10-09.18.42:489][  0]LogTextLocalizationResource: LocRes '../../../Engine/Content/Localization/Category/zh/Category.locres' could not be opened for reading!
[2020.08.10-09.18.42:489][  0]LogTextLocalizationResource: LocRes '../../../Engine/Content/Localization/ToolTips/zh/ToolTips.locres' could not be opened for reading!
[2020.08.10-09.18.42:490][  0]LogTextLocalizationResource: LocRes '../../../Engine/Content/Localization/PropertyNames/zh/PropertyNames.locres' could not be opened for reading!
[2020.08.10-09.18.42:491][  0]LogTextLocalizationResource: LocRes '../../../Engine/Content/Localization/Engine/zh/Engine.locres' could not be opened for reading!
[2020.08.10-09.18.42:492][  0]LogTextLocalizationResource: LocRes '../../../Engine/Plugins/Online/Android/OnlineSubsystemGooglePlay/Content/Localization/OnlineSubsystemGooglePlay/zh/OnlineSubsystemGooglePlay.locres' could not be opened for reading!
[2020.08.10-09.18.42:492][  0]LogTextLocalizationResource: LocRes '../../../Engine/Plugins/Online/IOS/OnlineSubsystemIOS/Content/Localization/OnlineSubsystemIOS/zh/OnlineSubsystemIOS.locres' could not be opened for reading!
[2020.08.10-09.18.42:493][  0]LogTextLocalizationResource: LocRes '../../../Engine/Plugins/Online/OnlineSubsystem/Content/Localization/OnlineSubsystem/zh/OnlineSubsystem.locres' could not be opened for reading!
[2020.08.10-09.18.42:493][  0]LogTextLocalizationResource: LocRes '../../../Engine/Plugins/Online/OnlineSubsystemUtils/Content/Localization/OnlineSubsystemUtils/zh/OnlineSubsystemUtils.locres' could not be opened for reading!
[2020.08.10-09.18.42:852][  0]LogTargetPlatformManager: Display: Loaded TargetPlatform 'AllDesktop'
[2020.08.10-09.18.42:874][  0]LogTargetPlatformManager: Display: Loaded TargetPlatform 'Android'
[2020.08.10-09.18.42:874][  0]LogTargetPlatformManager: Display: Loaded TargetPlatform 'Android_ASTC'
[2020.08.10-09.18.43:016][  0]LogTargetPlatformManager: Display: Loaded TargetPlatform 'Android_DXT'
[2020.08.10-09.18.43:018][  0]LogTargetPlatformManager: Display: Loaded TargetPlatform 'Android_ETC2'
[2020.08.10-09.18.43:019][  0]LogTargetPlatformManager: Display: Loaded TargetPlatform 'AndroidClient'
[2020.08.10-09.18.43:019][  0]LogTargetPlatformManager: Display: Loaded TargetPlatform 'Android_ASTCClient'
[2020.08.10-09.18.43:019][  0]LogTargetPlatformManager: Display: Loaded TargetPlatform 'Android_DXTClient'
[2020.08.10-09.18.43:020][  0]LogTargetPlatformManager: Display: Loaded TargetPlatform 'Android_ETC2Client'
[2020.08.10-09.18.43:021][  0]LogTargetPlatformManager: Display: Loaded TargetPlatform 'Android_Multi'
[2020.08.10-09.18.43:022][  0]LogTargetPlatformManager: Display: Loaded TargetPlatform 'Android_MultiClient'
[2020.08.10-09.18.43:061][  0]LogTargetPlatformManager: Display: Loaded TargetPlatform 'IOSClient'
[2020.08.10-09.18.43:062][  0]LogTargetPlatformManager: Display: Loaded TargetPlatform 'IOS'
[2020.08.10-09.18.43:083][  0]LogTargetPlatformManager: Display: Loaded TargetPlatform 'Linux'
[2020.08.10-09.18.43:099][  0]LogTargetPlatformManager: Display: Loaded TargetPlatform 'LinuxNoEditor'
[2020.08.10-09.18.43:118][  0]LogTargetPlatformManager: Display: Loaded TargetPlatform 'LinuxClient'
[2020.08.10-09.18.43:137][  0]LogTargetPlatformManager: Display: Loaded TargetPlatform 'LinuxServer'
[2020.08.10-09.18.43:156][  0]LogTargetPlatformManager: Display: Loaded TargetPlatform 'LinuxAArch64NoEditor'
[2020.08.10-09.18.43:175][  0]LogTargetPlatformManager: Display: Loaded TargetPlatform 'LinuxAArch64Client'
[2020.08.10-09.18.43:193][  0]LogTargetPlatformManager: Display: Loaded TargetPlatform 'LinuxAArch64Server'
[2020.08.10-09.18.43:239][  0]LogTargetPlatformManager: Display: Loaded TargetPlatform 'Lumin'
[2020.08.10-09.18.43:239][  0]LogTargetPlatformManager: Display: Loaded TargetPlatform 'LuminClient'
[2020.08.10-09.18.43:264][  0]LogTargetPlatformManager: Display: Loaded TargetPlatform 'TVOSClient'
[2020.08.10-09.18.43:265][  0]LogTargetPlatformManager: Display: Loaded TargetPlatform 'TVOS'
[2020.08.10-09.18.43:281][  0]LogTargetPlatformManager: Display: Loaded TargetPlatform 'WindowsNoEditor'
[2020.08.10-09.18.43:297][  0]LogTargetPlatformManager: Display: Loaded TargetPlatform 'Windows'
[2020.08.10-09.18.43:311][  0]LogTargetPlatformManager: Display: Loaded TargetPlatform 'WindowsClient'
[2020.08.10-09.18.43:326][  0]LogTargetPlatformManager: Display: Loaded TargetPlatform 'WindowsServer'
[2020.08.10-09.18.43:326][  0]LogTargetPlatformManager: Display: Building Assets For Windows
[2020.08.10-09.18.43:345][  0]LogAudioDebug: Display: Lib vorbis DLL was dynamically loaded.
[2020.08.10-09.18.43:495][  0]LogShaderCompilers: Guid format shader working directory is 14 characters bigger than the processId version (../../../../../WYProject/MultiThreadSC/Intermediate/Shaders/WorkingDirectory/8364/).
[2020.08.10-09.18.43:496][  0]LogShaderCompilers: Cleaned the shader compiler working directory 'C:/Users/v_iwyuewang/AppData/Local/Temp/UnrealShaderWorkingDir/8D4C735A4517F9B570188BAAD5F87E65/'.
[2020.08.10-09.18.43:498][  0]LogXGEController: Cannot use XGE Controller as Incredibuild is not installed on this machine.
[2020.08.10-09.18.43:499][  0]LogShaderCompilers: Cannot use XGE Shader Compiler as Incredibuild is not installed on this machine.
[2020.08.10-09.18.43:499][  0]LogShaderCompilers: Display: Using Local Shader Compiler.
[2020.08.10-09.18.44:223][  0]LogDerivedDataCache: Display: Max Cache Size: 512 MB
[2020.08.10-09.18.44:357][  0]LogDerivedDataCache: Loaded boot cache 0.13s 76MB C:/Users/v_iwyuewang/AppData/Local/UnrealEngine/4.25/DerivedDataCache/Boot.ddc.
[2020.08.10-09.18.44:358][  0]LogDerivedDataCache: Display: Loaded Boot cache: C:/Users/v_iwyuewang/AppData/Local/UnrealEngine/4.25/DerivedDataCache/Boot.ddc
[2020.08.10-09.18.44:362][  0]LogDerivedDataCache: FDerivedDataBackendGraph:  Pak pak cache file ../../../../../WYProject/MultiThreadSC/DerivedDataCache/DDC.ddp not found, will not use a pak cache.
[2020.08.10-09.18.44:362][  0]LogDerivedDataCache: Unable to find inner node Pak for hierarchical cache Hierarchy.
[2020.08.10-09.18.44:363][  0]LogDerivedDataCache: FDerivedDataBackendGraph:  CompressedPak pak cache file ../../../../../WYProject/MultiThreadSC/DerivedDataCache/Compressed.ddp not found, will not use a pak cache.
[2020.08.10-09.18.44:364][  0]LogDerivedDataCache: Unable to find inner node CompressedPak for hierarchical cache Hierarchy.
[2020.08.10-09.18.44:376][  0]LogDerivedDataCache: Display: Pak cache opened for reading ../../../Engine/DerivedDataCache/Compressed.ddp.
[2020.08.10-09.18.44:377][  0]LogDerivedDataCache: FDerivedDataBackendGraph:  EnterprisePak pak cache file ../../../Enterprise/DerivedDataCache/Compressed.ddp not found, will not use a pak cache.
[2020.08.10-09.18.44:378][  0]LogDerivedDataCache: Unable to find inner node EnterprisePak for hierarchical cache Hierarchy.
[2020.08.10-09.18.44:380][  0]LogDerivedDataCache: Using Local data cache path C:/Users/v_iwyuewang/AppData/Local/UnrealEngine/Common/DerivedDataCache: Writable
[2020.08.10-09.18.44:380][  0]LogDerivedDataCache: Shared data cache path not found in *engine.ini, will not use an Shared cache.
[2020.08.10-09.18.44:382][  0]LogDerivedDataCache: Unable to find inner node Shared for hierarchical cache Hierarchy.
[2020.08.10-09.18.44:389][  0]LogInit: Using OS detected language (zh-CN).
[2020.08.10-09.18.44:389][  0]LogInit: Using OS detected locale (zh-CN).
[2020.08.10-09.18.44:390][  0]LogTextLocalizationManager: No localization for 'zh-CN' exists, so 'en' will be used for the language.
[2020.08.10-09.18.44:391][  0]LogTextLocalizationManager: No localization for 'zh-CN' exists, so 'en' will be used for the locale.
[2020.08.10-09.18.44:394][  0]LogTextLocalizationManager: Compacting localization data took   0.01ms
[2020.08.10-09.18.44:400][  0]LogAssetRegistry: FAssetRegistry took 0.0028 seconds to start up
[2020.08.10-09.18.44:686][  0]LogPackageLocalizationCache: Processed 19 localized package path(s) for 1 prioritized culture(s) in 0.054497 seconds
[2020.08.10-09.18.44:756][  0]LogInit: Selected Device Profile: [Windows]
[2020.08.10-09.18.44:828][  0]LogMeshReduction: Using QuadricMeshReduction for automatic static mesh reduction
[2020.08.10-09.18.44:828][  0]LogMeshReduction: Using SimplygonMeshReduction for automatic skeletal mesh reduction
[2020.08.10-09.18.44:831][  0]LogMeshReduction: Using ProxyLODMeshReduction for automatic mesh merging
[2020.08.10-09.18.44:832][  0]LogMeshReduction: No distributed automatic mesh merging module available
[2020.08.10-09.18.44:833][  0]LogMeshMerging: No distributed automatic mesh merging module available
[2020.08.10-09.18.44:857][  0]LogNetVersion: MultiThreadSC 1.0.0, NetCL: 13144385, EngineNetVer: 14, GameNetVer: 0 (Checksum: 954989454)
[2020.08.10-09.18.45:003][  0]LogAISub: UAISubsystem::UAISubsystem AISubsystem (000002064439DEC0), frame # 0
[2020.08.10-09.18.45:003][  0]LogAISub: UAISubsystem::UAISubsystem AIPerceptionSystem (0000020645320F40), frame # 0
[2020.08.10-09.18.45:007][  0]LogAISub: UAISubsystem::UAISubsystem EnvQueryManager (0000020645307400), frame # 0
[2020.08.10-09.18.45:095][  0]LogCollectionManager: Loaded 0 collections in 0.002041 seconds
[2020.08.10-09.18.45:101][  0]LogFileCache: Scanning file cache for directory 'C:/WYProject/MultiThreadSC/Saved/Collections/' took 0.00s
[2020.08.10-09.18.45:101][  0]LogFileCache: Scanning file cache for directory 'C:/WYProject/MultiThreadSC/Content/Developers/viwyuewang/Collections/' took 0.00s
[2020.08.10-09.18.45:102][  0]LogFileCache: Scanning file cache for directory 'C:/WYProject/MultiThreadSC/Content/Collections/' took 0.00s
[2020.08.10-09.18.45:103][  0]LogCollectionManager: Fixed up redirectors for 0 collections in 0.000004 seconds (updated 0 objects)
[2020.08.10-09.18.45:313][  0]SourceControl: 源码管理已禁用
[2020.08.10-09.18.45:315][  0]SourceControl: 源码管理已禁用
[2020.08.10-09.18.45:322][  0]SourceControl: 源码管理已禁用
[2020.08.10-09.18.45:432][  0]LogAndroidPermission: UAndroidPermissionCallbackProxy::GetInstance
[2020.08.10-09.18.45:444][  0]LogAudioCaptureCore: Display: No Audio Capture implementations found. Audio input will be silent.
[2020.08.10-09.18.45:445][  0]LogAudioCaptureCore: Display: No Audio Capture implementations found. Audio input will be silent.
[2020.08.10-09.18.45:484][  0]LogOcInput: OculusInput pre-init called
[2020.08.10-09.18.45:504][  0]LogUObjectArray: 18917 objects as part of root set at end of initial load.
[2020.08.10-09.18.45:504][  0]LogUObjectAllocator: 4960080 out of 0 bytes used by permanent object pool.
[2020.08.10-09.18.45:506][  0]LogUObjectArray: CloseDisregardForGC: 0/0 objects in disregard for GC pool
[2020.08.10-09.18.45:541][  0]LogEngine: Initializing Engine...
[2020.08.10-09.18.45:544][  0]LogStats: UGameplayTagsManager::InitializeManager -  0.000 s
[2020.08.10-09.18.45:564][  0]LogInit: Initializing FReadOnlyCVARCache
[2020.08.10-09.18.45:564][  0]LogNetVersion: Set ProjectVersion to 1.0.0.0. Version Checksum will be recalculated on next use.
[2020.08.10-09.18.45:646][  0]LogDerivedDataCache: Saved boot cache 0.08s 76MB C:/Users/v_iwyuewang/AppData/Local/UnrealEngine/4.25/DerivedDataCache/Boot.ddc.
[2020.08.10-09.18.45:653][  0]LogInit: Texture streaming: Disabled
[2020.08.10-09.18.45:689][  0]LogInit: Display: Game Engine Initialized.
[2020.08.10-09.18.45:689][  0]LogNiagaraEditor: Warning: GEditor isn't valid! Particle reset commands will not work for Niagara components!
[2020.08.10-09.18.45:716][  0]LogInit: Display: Starting Game.
[2020.08.10-09.18.45:716][  0]LogNet: Browse: /Game/Maps/MyMap?Name=Player
[2020.08.10-09.18.45:718][  0]LogLoad: LoadMap: /Game/Maps/MyMap?Name=Player
[2020.08.10-09.18.45:719][  0]LogWorld: BeginTearingDown for /Temp/Untitled_0
[2020.08.10-09.18.45:720][  0]LogWorld: UWorld::CleanupWorld for Untitled, bSessionEnded=true, bCleanupResources=true
[2020.08.10-09.18.45:732][  0]LogUObjectHash: Compacting FUObjectHashTables data took   0.95ms
[2020.08.10-09.18.45:892][  0]LogAIModule: Creating AISystem for world MyMap
[2020.08.10-09.18.45:893][  0]LogAISub: UAISubsystem::UAISubsystem EnvQueryManager (0000020642021000), frame # 0
[2020.08.10-09.18.45:894][  0]LogAISub: UAISubsystem::UAISubsystem AIPerceptionSystem (000002064200DE40), frame # 0
[2020.08.10-09.18.45:895][  0]LogLoad: Game class is 'MyGameMode_C'
[2020.08.10-09.18.45:897][  0]LogNet: ReplicationDriverClass is null! Not using ReplicationDriver.
[2020.08.10-09.18.45:898][  0]LogNetCore: DDoS detection status: detection enabled: 0 analytics enabled: 0
[2020.08.10-09.18.45:900][  0]LogInit: WinSock: Socket queue. Rx: 131072 (config 131072) Tx: 131072 (config 131072)
[2020.08.10-09.18.45:901][  0]LogNet: Created socket for bind address: 0.0.0.0 on port 7777
[2020.08.10-09.18.45:902][  0]PacketHandlerLog: Loaded PacketHandler component: Engine.EngineHandlerComponentFactory (StatelessConnectHandlerComponent)
[2020.08.10-09.18.45:903][  0]LogNet: GameNetDriver IpNetDriver_0 IpNetDriver listening on port 7777
[2020.08.10-09.18.45:906][  0]LogWorld: Bringing World /Game/Maps/MyMap.MyMap up for play (max tick rate 30) at 2020.08.10-17.18.45
[2020.08.10-09.18.45:907][  0]LogWorld: Bringing up level for play took: 0.001723
[2020.08.10-09.18.45:908][  0]LogLoad: Took 0.189718 seconds to LoadMap(/Game/Maps/MyMap)
[2020.08.10-09.18.45:917][  0]LogLoad: (Engine Initialization) Total time: 11.54 seconds
[2020.08.10-09.18.45:917][  0]LogLoad: (Engine Initialization) Total Blueprint compile time: 0.00 seconds
[2020.08.10-09.18.46:609][ 20]LogNet: NotifyAcceptingConnection accepted from: 10.81.18.47:52784
[2020.08.10-09.18.46:609][ 20]LogHandshake: SendConnectChallenge. Timestamp: 0.690412, Cookie: 037013119214027196223057131220037034228230023219096205187193
[2020.08.10-09.18.46:642][ 21]LogNet: NotifyAcceptingConnection accepted from: 10.81.18.47:52784
[2020.08.10-09.18.46:642][ 21]LogHandshake: SendChallengeAck. InCookie: 037013119214027196223057131220037034228230023219096205187193
[2020.08.10-09.18.46:644][ 21]LogNet: Server accepting post-challenge connection from: 10.81.18.47:52784
[2020.08.10-09.18.46:645][ 21]PacketHandlerLog: Loaded PacketHandler component: Engine.EngineHandlerComponentFactory (StatelessConnectHandlerComponent)
[2020.08.10-09.18.46:646][ 21]LogNet: NotifyAcceptedConnection: Name: MyMap, TimeStamp: 08/10/20 17:18:46, [UNetConnection] RemoteAddr: 10.81.18.47:52784, Name: IpConnection_0, Driver: GameNetDriver IpNetDriver_0, IsServer: YES, PC: NULL, Owner: NULL, UniqueId: INVALID
[2020.08.10-09.18.46:646][ 21]LogNet: AddClientConnection: Added client connection: [UNetConnection] RemoteAddr: 10.81.18.47:52784, Name: IpConnection_0, Driver: GameNetDriver IpNetDriver_0, IsServer: YES, PC: NULL, Owner: NULL, UniqueId: INVALID
[2020.08.10-09.18.46:647][ 21]LogNet: NotifyAcceptingChannel Control 0 server World /Game/Maps/MyMap.MyMap: Accepted
[2020.08.10-09.18.46:648][ 21]LogNet: Remote platform little endian=1
[2020.08.10-09.18.46:649][ 21]LogNet: This platform little endian=1
[2020.08.10-09.18.46:650][ 21]LogNetVersion: MultiThreadSC 1.0.0.0, NetCL: 13144385, EngineNetVer: 14, GameNetVer: 0 (Checksum: 3695063982)
[2020.08.10-09.18.46:675][ 22]LogNet: Login request: ?Name=v_iwyuewan-PC0-215AD35C4A4BDBFB86789EB79919B92A userId: NULL:v_iwyuewan-PC0-215AD35C4A4BDBFB86789EB79919B92A platform: NULL
[2020.08.10-09.18.46:773][ 25]LogNet: Client netspeed is 10000
[2020.08.10-09.18.46:773][ 25]LogNet: Join request: /Engine/Maps/Entry?Name=v_iwyuewan-PC0-215AD35C4A4BDBFB86789EB79919B92A?SplitscreenCount=1
[2020.08.10-09.18.46:775][ 25]LogOnlineSession: Warning: OSS: No game present to join for session (GameSession)
[2020.08.10-09.18.46:776][ 25]LogNet: Join succeeded: v_iwyuewan-PC0-215AD
[2020.08.10-09.18.54:750][266]LogNet: UChannel::ReceivedSequencedBunch: Bunch.bClose == true. ChIndex == 0. Calling ConditionalCleanUp.
[2020.08.10-09.18.54:750][266]LogNet: UChannel::CleanUp: ChIndex == 0. Closing connection. [UChannel] ChIndex: 0, Closing: 0 [UNetConnection] RemoteAddr: 10.81.18.47:52784, Name: IpConnection_0, Driver: GameNetDriver IpNetDriver_0, IsServer: YES, PC: MyPlayerController_C_0, Owner: MyPlayerController_C_0, UniqueId: NULL:v_iwyuewan-PC0-215AD35C4A4BDBFB86789EB79919B92A
[2020.08.10-09.18.54:751][266]LogNet: UNetConnection::Close: [UNetConnection] RemoteAddr: 10.81.18.47:52784, Name: IpConnection_0, Driver: GameNetDriver IpNetDriver_0, IsServer: YES, PC: MyPlayerController_C_0, Owner: MyPlayerController_C_0, UniqueId: NULL:v_iwyuewan-PC0-215AD35C4A4BDBFB86789EB79919B92A, Channels: 9, Time: 2020.08.10-09.18.54
[2020.08.10-09.18.54:751][266]LogNet: UChannel::Close: Sending CloseBunch. ChIndex == 0. Name: [UChannel] ChIndex: 0, Closing: 0 [UNetConnection] RemoteAddr: 10.81.18.47:52784, Name: IpConnection_0, Driver: GameNetDriver IpNetDriver_0, IsServer: YES, PC: MyPlayerController_C_0, Owner: MyPlayerController_C_0, UniqueId: NULL:v_iwyuewan-PC0-215AD35C4A4BDBFB86789EB79919B92A
[2020.08.10-09.18.54:751][266]LogOnlineSession: Warning: OSS: No game present to leave for session (GameSession)
[2020.08.10-09.19.08:196][670]LogNet: NotifyAcceptingConnection accepted from: 10.81.18.47:61223
[2020.08.10-09.19.08:197][670]LogHandshake: SendConnectChallenge. Timestamp: 22.277183, Cookie: 057225150015102190162218143253140197032204066160120056096055
[2020.08.10-09.19.08:230][671]LogNet: NotifyAcceptingConnection accepted from: 10.81.18.47:61223
[2020.08.10-09.19.08:230][671]LogHandshake: SendChallengeAck. InCookie: 057225150015102190162218143253140197032204066160120056096055
[2020.08.10-09.19.08:231][671]LogNet: Server accepting post-challenge connection from: 10.81.18.47:61223
[2020.08.10-09.19.08:232][671]PacketHandlerLog: Loaded PacketHandler component: Engine.EngineHandlerComponentFactory (StatelessConnectHandlerComponent)
[2020.08.10-09.19.08:232][671]LogNet: NotifyAcceptedConnection: Name: MyMap, TimeStamp: 08/10/20 17:19:08, [UNetConnection] RemoteAddr: 10.81.18.47:61223, Name: IpConnection_1, Driver: GameNetDriver IpNetDriver_0, IsServer: YES, PC: NULL, Owner: NULL, UniqueId: INVALID
[2020.08.10-09.19.08:232][671]LogNet: AddClientConnection: Added client connection: [UNetConnection] RemoteAddr: 10.81.18.47:61223, Name: IpConnection_1, Driver: GameNetDriver IpNetDriver_0, IsServer: YES, PC: NULL, Owner: NULL, UniqueId: INVALID
[2020.08.10-09.19.08:232][671]LogNet: NotifyAcceptingChannel Control 0 server World /Game/Maps/MyMap.MyMap: Accepted
[2020.08.10-09.19.08:232][671]LogNet: Remote platform little endian=1
[2020.08.10-09.19.08:233][671]LogNet: This platform little endian=1
[2020.08.10-09.19.08:263][672]LogNet: Login request: ?Name=v_iwyuewan-PC0-B6089F144CC4BB384DCBCB87B52BCC7D userId: NULL:v_iwyuewan-PC0-B6089F144CC4BB384DCBCB87B52BCC7D platform: NULL
[2020.08.10-09.19.08:363][675]LogNet: Client netspeed is 10000
[2020.08.10-09.19.08:363][675]LogNet: Join request: /Engine/Maps/Entry?Name=v_iwyuewan-PC0-B6089F144CC4BB384DCBCB87B52BCC7D?SplitscreenCount=1
[2020.08.10-09.19.08:364][675]LogOnlineSession: Warning: OSS: No game present to join for session (GameSession)
[2020.08.10-09.19.08:365][675]LogNet: Join succeeded: v_iwyuewan-PC0-B6089
[2020.08.10-09.19.30:181][335]LogNet: UChannel::ReceivedSequencedBunch: Bunch.bClose == true. ChIndex == 0. Calling ConditionalCleanUp.
[2020.08.10-09.19.30:181][335]LogNet: UChannel::CleanUp: ChIndex == 0. Closing connection. [UChannel] ChIndex: 0, Closing: 0 [UNetConnection] RemoteAddr: 10.81.18.47:61223, Name: IpConnection_1, Driver: GameNetDriver IpNetDriver_0, IsServer: YES, PC: MyPlayerController_C_1, Owner: MyPlayerController_C_1, UniqueId: NULL:v_iwyuewan-PC0-B6089F144CC4BB384DCBCB87B52BCC7D
[2020.08.10-09.19.30:182][335]LogNet: UNetConnection::Close: [UNetConnection] RemoteAddr: 10.81.18.47:61223, Name: IpConnection_1, Driver: GameNetDriver IpNetDriver_0, IsServer: YES, PC: MyPlayerController_C_1, Owner: MyPlayerController_C_1, UniqueId: NULL:v_iwyuewan-PC0-B6089F144CC4BB384DCBCB87B52BCC7D, Channels: 9, Time: 2020.08.10-09.19.30
[2020.08.10-09.19.30:183][335]LogNet: UChannel::Close: Sending CloseBunch. ChIndex == 0. Name: [UChannel] ChIndex: 0, Closing: 0 [UNetConnection] RemoteAddr: 10.81.18.47:61223, Name: IpConnection_1, Driver: GameNetDriver IpNetDriver_0, IsServer: YES, PC: MyPlayerController_C_1, Owner: MyPlayerController_C_1, UniqueId: NULL:v_iwyuewan-PC0-B6089F144CC4BB384DCBCB87B52BCC7D
[2020.08.10-09.19.30:184][335]LogOnlineSession: Warning: OSS: No game present to leave for session (GameSession)
