Log file open, 08/10/20 17:58:58
LogInit: Display: Running engine for game: MultiThreadSC
LogPlatformFile: Not using cached read wrapper
LogTaskGraph: Started task graph with 5 named threads and 17 total threads with 3 sets of task threads.
LogStats: Stats thread started at 10.360911
LogD3D11RHI: Loaded GFSDK_Aftermath_Lib.x64.dll
LogICUInternationalization: ICU TimeZone Detection - Raw Offset: +8:00, Platform Override: ''
LogPluginManager: Mounting plugin Paper2D
LogPluginManager: Mounting plugin AISupport
LogPluginManager: Mounting plugin LightPropagationVolume
LogPluginManager: Mounting plugin CameraShakePreviewer
LogPluginManager: Mounting plugin ActorLayerUtilities
LogPluginManager: Mounting plugin AnimationSharing
LogPluginManager: Mounting plugin CLionSourceCodeAccess
LogPluginManager: Mounting plugin CodeLiteSourceCodeAccess
LogPluginManager: Mounting plugin GitSourceControl
LogPluginManager: Mounting plugin KDevelopSourceCodeAccess
LogPluginManager: Mounting plugin NullSourceCodeAccess
LogPluginManager: Mounting plugin PerforceSourceControl
LogPluginManager: Mounting plugin PlasticSourceControl
LogPluginManager: Mounting plugin RiderSourceCodeAccess
LogPluginManager: Mounting plugin SubversionSourceControl
LogPluginManager: Mounting plugin UObjectPlugin
LogPluginManager: Mounting plugin VisualStudioCodeSourceCodeAccess
LogPluginManager: Mounting plugin VisualStudioSourceCodeAccess
LogPluginManager: Mounting plugin XCodeSourceCodeAccess
LogPluginManager: Mounting plugin AssetManagerEditor
LogPluginManager: Mounting plugin CryptoKeys
LogPluginManager: Mounting plugin CurveEditorTools
LogPluginManager: Mounting plugin DataValidation
LogPluginManager: Mounting plugin EditorScriptingUtilities
LogPluginManager: Mounting plugin FacialAnimation
LogPluginManager: Mounting plugin GameplayTagsEditor
LogPluginManager: Mounting plugin GeometryMode
LogPluginManager: Mounting plugin MacGraphicsSwitching
LogPluginManager: Mounting plugin MaterialAnalyzer
LogPluginManager: Mounting plugin MobileLauncherProfileWizard
LogPluginManager: Mounting plugin PluginBrowser
LogPluginManager: Mounting plugin SpeedTreeImporter
LogPluginManager: Mounting plugin DatasmithContent
LogPluginManager: Mounting plugin VariantManagerContent
LogPluginManager: Mounting plugin AlembicImporter
LogPluginManager: Mounting plugin AutomationUtils
LogPluginManager: Mounting plugin BackChannel
LogPluginManager: Mounting plugin ChaosCloth
LogPluginManager: Mounting plugin ChaosClothEditor
LogPluginManager: Mounting plugin ChaosEditor
LogPluginManager: Mounting plugin ChaosNiagara
LogPluginManager: Mounting plugin ChaosSolverPlugin
LogPluginManager: Mounting plugin CharacterAI
LogPluginManager: Mounting plugin GeometryCache
LogPluginManager: Mounting plugin GeometryCollectionPlugin
LogPluginManager: Mounting plugin GeometryProcessing
LogPluginManager: Mounting plugin PlanarCut
LogPluginManager: Mounting plugin PlatformCrypto
LogPluginManager: Mounting plugin ProxyLODPlugin
LogPluginManager: Mounting plugin SkeletalReduction
LogPluginManager: Mounting plugin Niagara
LogPluginManager: Mounting plugin MagicLeap
LogPluginManager: Mounting plugin MagicLeapLightEstimation
LogPluginManager: Mounting plugin MagicLeapMedia
LogPluginManager: Mounting plugin MagicLeapPassableWorld
LogPluginManager: Mounting plugin MLSDK
LogPluginManager: Mounting plugin AndroidMedia
LogPluginManager: Mounting plugin AvfMedia
LogPluginManager: Mounting plugin ImgMedia
LogPluginManager: Mounting plugin MediaCompositing
LogPluginManager: Mounting plugin MediaPlayerEditor
LogPluginManager: Mounting plugin WebMMedia
LogPluginManager: Mounting plugin WmfMedia
LogPluginManager: Mounting plugin MeshPainting
LogPluginManager: Mounting plugin TcpMessaging
LogPluginManager: Mounting plugin UdpMessaging
LogPluginManager: Mounting plugin ActorSequence
LogPluginManager: Mounting plugin LevelSequenceEditor
LogPluginManager: Mounting plugin MatineeToLevelSequence
LogPluginManager: Mounting plugin MovieRenderPipeline
LogPluginManager: Mounting plugin TemplateSequence
LogPluginManager: Mounting plugin NetcodeUnitTest
LogPluginManager: Mounting plugin NUTUnrealEngine4
LogPluginManager: Mounting plugin OnlineSubsystemGooglePlay
LogPluginManager: Mounting plugin OnlineSubsystemIOS
LogPluginManager: Mounting plugin OnlineSubsystem
LogPluginManager: Mounting plugin OnlineSubsystemNull
LogPluginManager: Mounting plugin OnlineSubsystemUtils
LogPluginManager: Mounting plugin LauncherChunkInstaller
LogPluginManager: Mounting plugin AndroidDeviceProfileSelector
LogPluginManager: Mounting plugin AndroidMoviePlayer
LogPluginManager: Mounting plugin AndroidPermission
LogPluginManager: Mounting plugin AppleImageUtils
LogPluginManager: Mounting plugin AppleMoviePlayer
LogPluginManager: Mounting plugin ArchVisCharacter
LogPluginManager: Mounting plugin AssetTags
LogPluginManager: Mounting plugin AudioCapture
LogPluginManager: Mounting plugin CableComponent
LogPluginManager: Mounting plugin CustomMeshComponent
LogPluginManager: Mounting plugin EditableMesh
LogPluginManager: Mounting plugin ExampleDeviceProfileSelector
LogPluginManager: Mounting plugin GoogleCloudMessaging
LogPluginManager: Mounting plugin GooglePAD
LogPluginManager: Mounting plugin IOSDeviceProfileSelector
LogPluginManager: Mounting plugin LinuxDeviceProfileSelector
LogPluginManager: Mounting plugin LocationServicesBPLibrary
LogPluginManager: Mounting plugin MobilePatchingUtils
LogPluginManager: Mounting plugin OculusVR
LogPluginManager: Mounting plugin PhysXVehicles
LogPluginManager: Mounting plugin PostSplashScreen
LogPluginManager: Mounting plugin ProceduralMeshComponent
LogPluginManager: Mounting plugin RuntimePhysXCooking
LogPluginManager: Mounting plugin SignificanceManager
LogPluginManager: Mounting plugin SoundFields
LogPluginManager: Mounting plugin SteamVR
LogPluginManager: Mounting plugin Synthesis
LogPluginManager: Mounting plugin WebMMoviePlayer
LogPluginManager: Mounting plugin WindowsMoviePlayer
LogPluginManager: Mounting plugin ScreenshotTools
LogInit: Using libcurl 7.55.1-DEV
LogInit:  - built for x86_64-pc-win32
LogInit:  - supports SSL with OpenSSL/1.1.1
LogInit:  - supports HTTP deflate (compression) using libz 1.2.8
LogInit:  - other features:
LogInit:      CURL_VERSION_SSL
LogInit:      CURL_VERSION_LIBZ
LogInit:      CURL_VERSION_IPV6
LogInit:      CURL_VERSION_ASYNCHDNS
LogInit:      CURL_VERSION_LARGEFILE
LogInit:      CURL_VERSION_IDN
LogInit:  CurlRequestOptions (configurable via config and command line):
LogInit:  - bVerifyPeer = true  - Libcurl will verify peer certificate
LogInit:  - bUseHttpProxy = false  - Libcurl will NOT use HTTP proxy
LogInit:  - bDontReuseConnections = false  - Libcurl will reuse connections
LogInit:  - MaxHostConnections = 16  - Libcurl will limit the number of connections to a host
LogInit:  - LocalHostAddr = Default
LogInit:  - BufferSize = 65536
LogOnline: OSS: Creating online subsystem instance for: NULL
LogInit: WinSock: version 1.1 (2.2), MaxSocks=32767, MaxUdp=65467
LogOnline: OSS: TryLoadSubsystemAndSetDefault: Loaded subsystem for module [NULL]
LogInit: Build: ++UE4+Release-4.25-CL-13594126
LogInit: Engine Version: 4.25.1-13594126+++UE4+Release-4.25
LogInit: Compatible Engine Version: 4.25.0-13144385+++UE4+Release-4.25
LogInit: Net CL: 13144385
LogInit: OS: Windows 10 (Release 1703) (), CPU: Intel(R) Core(TM) i7-7700 CPU @ 3.60GHz, GPU: Intel(R) HD Graphics 630
LogInit: Compiled (64-bit): Jun  2 2020 02:10:36
LogInit: Compiled with Visual C++: 19.24.28315.00
LogInit: Build Configuration: Development
LogInit: Branch Name: ++UE4+Release-4.25
LogInit: Command Line:  /Game/Maps/MyMap -server -log
LogInit: Base Directory: C:/UE4/UE_4.25/Engine/Binaries/Win64/
LogInit: Allocator: TBB
LogInit: Installed Engine Build: 1
LogDevObjectVersion: Number of dev versions registered: 26
LogDevObjectVersion:   Dev-Blueprints (B0D832E4-1F89-4F0D-ACCF-7EB736FD4AA2): 10
LogDevObjectVersion:   Dev-Build (E1C64328-A22C-4D53-A36C-8E866417BD8C): 0
LogDevObjectVersion:   Dev-Core (375EC13C-06E4-48FB-B500-84F0262A717E): 4
LogDevObjectVersion:   Dev-Editor (E4B068ED-F494-42E9-A231-DA0B2E46BB41): 38
LogDevObjectVersion:   Dev-Framework (CFFC743F-43B0-4480-9391-14DF171D2073): 37
LogDevObjectVersion:   Dev-Mobile (B02B49B5-BB20-44E9-A304-32B752E40360): 2
LogDevObjectVersion:   Dev-Networking (A4E4105C-59A1-49B5-A7C5-40C4547EDFEE): 0
LogDevObjectVersion:   Dev-Online (39C831C9-5AE6-47DC-9A44-9C173E1C8E7C): 0
LogDevObjectVersion:   Dev-Physics (78F01B33-EBEA-4F98-B9B4-84EACCB95AA2): 4
LogDevObjectVersion:   Dev-Platform (6631380F-2D4D-43E0-8009-CF276956A95A): 0
LogDevObjectVersion:   Dev-Rendering (12F88B9F-8875-4AFC-A67C-D90C383ABD29): 43
LogDevObjectVersion:   Dev-Sequencer (7B5AE74C-D270-4C10-A958-57980B212A5A): 12
LogDevObjectVersion:   Dev-VR (D7296918-1DD6-4BDD-9DE2-64A83CC13884): 3
LogDevObjectVersion:   Dev-LoadTimes (C2A15278-BFE7-4AFE-6C17-90FF531DF755): 1
LogDevObjectVersion:   Private-Geometry (6EACA3D4-40EC-4CC1-B786-8BED09428FC5): 3
LogDevObjectVersion:   Dev-AnimPhys (29E575DD-E0A3-4627-9D10-D276232CDCEA): 17
LogDevObjectVersion:   Dev-Anim (AF43A65D-7FD3-4947-9873-3E8ED9C1BB05): 7
LogDevObjectVersion:   Dev-ReflectionCapture (6B266CEC-1EC7-4B8F-A30B-E4D90942FC07): 1
LogDevObjectVersion:   Dev-Automation (0DF73D61-A23F-47EA-B727-89E90C41499A): 1
LogDevObjectVersion:   FortniteMain (601D1886-AC64-4F84-AA16-D3DE0DEAC7D6): 31
LogDevObjectVersion:   Dev-Enterprise (9DFFBCD6-494F-0158-E221-12823C92A888): 10
LogDevObjectVersion:   Dev-Niagara (F2AED0AC-9AFE-416F-8664-AA7FFA26D6FC): 1
LogDevObjectVersion:   Dev-Destruction (174F1F0B-B4C6-45A5-B13F-2EE8D0FB917D): 10
LogDevObjectVersion:   Dev-Physics-Ext (35F94A83-E258-406C-A318-09F59610247C): 37
LogDevObjectVersion:   Dev-PhysicsMaterial-Chaos (B68FC16E-8B1B-42E2-B453-215C058844FE): 1
LogDevObjectVersion:   Dev-CineCamera (B2E18506-4273-CFC2-A54E-F4BB758BBA07): 1
LogInit: Presizing for max 25165824 objects, including 0 objects not considered by GC, pre-allocating 0 bytes for permanent pool.
LogConfig: Applying CVar settings from Section [/Script/Engine.StreamingSettings] File [C:/WYProject/MultiThreadSC/Saved/Config/Windows/Engine.ini]
LogConfig: Setting CVar [[s.MinBulkDataSizeForAsyncLoading:131072]]
LogConfig: Setting CVar [[s.AsyncLoadingThreadEnabled:0]]
LogConfig: Setting CVar [[s.EventDrivenLoaderEnabled:1]]
LogConfig: Setting CVar [[s.WarnIfTimeLimitExceeded:0]]
LogConfig: Setting CVar [[s.TimeLimitExceededMultiplier:1.5]]
LogConfig: Setting CVar [[s.TimeLimitExceededMinTime:0.005]]
LogConfig: Setting CVar [[s.UseBackgroundLevelStreaming:1]]
LogConfig: Setting CVar [[s.PriorityAsyncLoadingExtraTime:15.0]]
LogConfig: Setting CVar [[s.LevelStreamingActorsUpdateTimeLimit:5.0]]
LogConfig: Setting CVar [[s.PriorityLevelStreamingActorsUpdateExtraTime:5.0]]
LogConfig: Setting CVar [[s.LevelStreamingComponentsRegistrationGranularity:10]]
LogConfig: Setting CVar [[s.UnregisterComponentsTimeLimit:1.0]]
LogConfig: Setting CVar [[s.LevelStreamingComponentsUnregistrationGranularity:5]]
LogConfig: Setting CVar [[s.FlushStreamingOnExit:1]]
LogInit: Object subsystem initialized
LogConfig: Setting CVar [[con.DebugEarlyDefault:1]]
LogConfig: Setting CVar [[r.setres:1280x720]]
[2020.08.10-09.58.59:403][  0]LogConfig: Setting CVar [[con.DebugEarlyDefault:1]]
[2020.08.10-09.58.59:404][  0]LogConfig: Setting CVar [[r.setres:1280x720]]
[2020.08.10-09.58.59:404][  0]LogConfig: Applying CVar settings from Section [/Script/Engine.RendererSettings] File [C:/WYProject/MultiThreadSC/Saved/Config/Windows/Engine.ini]
[2020.08.10-09.58.59:405][  0]LogConfig: Setting CVar [[r.GPUCrashDebugging:0]]
[2020.08.10-09.58.59:405][  0]LogConfig: Applying CVar settings from Section [/Script/Engine.RendererOverrideSettings] File [C:/WYProject/MultiThreadSC/Saved/Config/Windows/Engine.ini]
[2020.08.10-09.58.59:406][  0]LogConfig: Applying CVar settings from Section [/Script/Engine.StreamingSettings] File [C:/WYProject/MultiThreadSC/Saved/Config/Windows/Engine.ini]
[2020.08.10-09.58.59:407][  0]LogConfig: Setting CVar [[s.MinBulkDataSizeForAsyncLoading:131072]]
[2020.08.10-09.58.59:407][  0]LogConfig: Setting CVar [[s.AsyncLoadingThreadEnabled:0]]
[2020.08.10-09.58.59:408][  0]LogConfig: Setting CVar [[s.EventDrivenLoaderEnabled:1]]
[2020.08.10-09.58.59:408][  0]LogConfig: Setting CVar [[s.WarnIfTimeLimitExceeded:0]]
[2020.08.10-09.58.59:409][  0]LogConfig: Setting CVar [[s.TimeLimitExceededMultiplier:1.5]]
[2020.08.10-09.58.59:410][  0]LogConfig: Setting CVar [[s.TimeLimitExceededMinTime:0.005]]
[2020.08.10-09.58.59:411][  0]LogConfig: Setting CVar [[s.UseBackgroundLevelStreaming:1]]
[2020.08.10-09.58.59:412][  0]LogConfig: Setting CVar [[s.PriorityAsyncLoadingExtraTime:15.0]]
[2020.08.10-09.58.59:412][  0]LogConfig: Setting CVar [[s.LevelStreamingActorsUpdateTimeLimit:5.0]]
[2020.08.10-09.58.59:413][  0]LogConfig: Setting CVar [[s.PriorityLevelStreamingActorsUpdateExtraTime:5.0]]
[2020.08.10-09.58.59:413][  0]LogConfig: Setting CVar [[s.LevelStreamingComponentsRegistrationGranularity:10]]
[2020.08.10-09.58.59:414][  0]LogConfig: Setting CVar [[s.UnregisterComponentsTimeLimit:1.0]]
[2020.08.10-09.58.59:415][  0]LogConfig: Setting CVar [[s.LevelStreamingComponentsUnregistrationGranularity:5]]
[2020.08.10-09.58.59:416][  0]LogConfig: Setting CVar [[s.FlushStreamingOnExit:1]]
[2020.08.10-09.58.59:417][  0]LogConfig: Applying CVar settings from Section [/Script/Engine.GarbageCollectionSettings] File [C:/WYProject/MultiThreadSC/Saved/Config/Windows/Engine.ini]
[2020.08.10-09.58.59:418][  0]LogConfig: Setting CVar [[gc.MaxObjectsNotConsideredByGC:1]]
[2020.08.10-09.58.59:418][  0]LogConfig: Setting CVar [[gc.SizeOfPermanentObjectPool:0]]
[2020.08.10-09.58.59:419][  0]LogConfig: Setting CVar [[gc.FlushStreamingOnGC:0]]
[2020.08.10-09.58.59:420][  0]LogConfig: Setting CVar [[gc.NumRetriesBeforeForcingGC:10]]
[2020.08.10-09.58.59:421][  0]LogConfig: Setting CVar [[gc.AllowParallelGC:1]]
[2020.08.10-09.58.59:421][  0]LogConfig: Setting CVar [[gc.TimeBetweenPurgingPendingKillObjects:61.1]]
[2020.08.10-09.58.59:421][  0]LogConfig: Setting CVar [[gc.MaxObjectsInEditor:25165824]]
[2020.08.10-09.58.59:422][  0]LogConfig: Setting CVar [[gc.IncrementalBeginDestroyEnabled:1]]
[2020.08.10-09.58.59:422][  0]LogConfig: Setting CVar [[gc.CreateGCClusters:1]]
[2020.08.10-09.58.59:423][  0]LogConfig: Setting CVar [[gc.MinGCClusterSize:5]]
[2020.08.10-09.58.59:423][  0]LogConfig: Setting CVar [[gc.ActorClusteringEnabled:0]]
[2020.08.10-09.58.59:424][  0]LogConfig: Setting CVar [[gc.BlueprintClusteringEnabled:0]]
[2020.08.10-09.58.59:424][  0]LogConfig: Setting CVar [[gc.UseDisregardForGCOnDedicatedServers:0]]
[2020.08.10-09.58.59:425][  0]LogConfig: Applying CVar settings from Section [/Script/Engine.NetworkSettings] File [C:/WYProject/MultiThreadSC/Saved/Config/Windows/Engine.ini]
[2020.08.10-09.58.59:425][  0]LogConfig: Applying CVar settings from Section [/Script/UnrealEd.CookerSettings] File [C:/WYProject/MultiThreadSC/Saved/Config/Windows/Engine.ini]
[2020.08.10-09.58.59:426][  0]LogConfig: Applying CVar settings from Section [ViewDistanceQuality@3] File [C:/WYProject/MultiThreadSC/Saved/Config/Windows/Scalability.ini]
[2020.08.10-09.58.59:426][  0]LogConfig: Setting CVar [[r.SkeletalMeshLODBias:0]]
[2020.08.10-09.58.59:427][  0]LogConfig: Setting CVar [[r.ViewDistanceScale:1.0]]
[2020.08.10-09.58.59:427][  0]LogConfig: Applying CVar settings from Section [AntiAliasingQuality@3] File [C:/WYProject/MultiThreadSC/Saved/Config/Windows/Scalability.ini]
[2020.08.10-09.58.59:428][  0]LogConfig: Setting CVar [[r.PostProcessAAQuality:4]]
[2020.08.10-09.58.59:428][  0]LogConfig: Applying CVar settings from Section [ShadowQuality@3] File [C:/WYProject/MultiThreadSC/Saved/Config/Windows/Scalability.ini]
[2020.08.10-09.58.59:429][  0]LogConfig: Setting CVar [[r.LightFunctionQuality:1]]
[2020.08.10-09.58.59:430][  0]LogConfig: Setting CVar [[r.ShadowQuality:5]]
[2020.08.10-09.58.59:431][  0]LogConfig: Setting CVar [[r.Shadow.CSM.MaxCascades:10]]
[2020.08.10-09.58.59:432][  0]LogConfig: Setting CVar [[r.Shadow.MaxResolution:2048]]
[2020.08.10-09.58.59:432][  0]LogConfig: Setting CVar [[r.Shadow.MaxCSMResolution:2048]]
[2020.08.10-09.58.59:433][  0]LogConfig: Setting CVar [[r.Shadow.RadiusThreshold:0.01]]
[2020.08.10-09.58.59:434][  0]LogConfig: Setting CVar [[r.Shadow.DistanceScale:1.0]]
[2020.08.10-09.58.59:434][  0]LogConfig: Setting CVar [[r.Shadow.CSM.TransitionScale:1.0]]
[2020.08.10-09.58.59:435][  0]LogConfig: Setting CVar [[r.Shadow.PreShadowResolutionFactor:1.0]]
[2020.08.10-09.58.59:435][  0]LogConfig: Setting CVar [[r.DistanceFieldShadowing:1]]
[2020.08.10-09.58.59:436][  0]LogConfig: Setting CVar [[r.DistanceFieldAO:1]]
[2020.08.10-09.58.59:436][  0]LogConfig: Setting CVar [[r.AOQuality:2]]
[2020.08.10-09.58.59:437][  0]LogConfig: Setting CVar [[r.VolumetricFog:1]]
[2020.08.10-09.58.59:437][  0]LogConfig: Setting CVar [[r.VolumetricFog.GridPixelSize:8]]
[2020.08.10-09.58.59:437][  0]LogConfig: Setting CVar [[r.VolumetricFog.GridSizeZ:128]]
[2020.08.10-09.58.59:438][  0]LogConfig: Setting CVar [[r.VolumetricFog.HistoryMissSupersampleCount:4]]
[2020.08.10-09.58.59:438][  0]LogConfig: Setting CVar [[r.LightMaxDrawDistanceScale:1]]
[2020.08.10-09.58.59:439][  0]LogConfig: Setting CVar [[r.CapsuleShadows:1]]
[2020.08.10-09.58.59:440][  0]LogConfig: Applying CVar settings from Section [PostProcessQuality@3] File [C:/WYProject/MultiThreadSC/Saved/Config/Windows/Scalability.ini]
[2020.08.10-09.58.59:440][  0]LogConfig: Setting CVar [[r.MotionBlurQuality:4]]
[2020.08.10-09.58.59:441][  0]LogConfig: Setting CVar [[r.AmbientOcclusionMipLevelFactor:0.4]]
[2020.08.10-09.58.59:441][  0]LogConfig: Setting CVar [[r.AmbientOcclusionMaxQuality:100]]
[2020.08.10-09.58.59:442][  0]LogConfig: Setting CVar [[r.AmbientOcclusionLevels:-1]]
[2020.08.10-09.58.59:442][  0]LogConfig: Setting CVar [[r.AmbientOcclusionRadiusScale:1.0]]
[2020.08.10-09.58.59:443][  0]LogConfig: Setting CVar [[r.DepthOfFieldQuality:2]]
[2020.08.10-09.58.59:443][  0]LogConfig: Setting CVar [[r.RenderTargetPoolMin:400]]
[2020.08.10-09.58.59:443][  0]LogConfig: Setting CVar [[r.LensFlareQuality:2]]
[2020.08.10-09.58.59:444][  0]LogConfig: Setting CVar [[r.SceneColorFringeQuality:1]]
[2020.08.10-09.58.59:444][  0]LogConfig: Setting CVar [[r.EyeAdaptationQuality:2]]
[2020.08.10-09.58.59:445][  0]LogConfig: Setting CVar [[r.BloomQuality:5]]
[2020.08.10-09.58.59:445][  0]LogConfig: Setting CVar [[r.FastBlurThreshold:100]]
[2020.08.10-09.58.59:446][  0]LogConfig: Setting CVar [[r.Upscale.Quality:3]]
[2020.08.10-09.58.59:447][  0]LogConfig: Setting CVar [[r.Tonemapper.GrainQuantization:1]]
[2020.08.10-09.58.59:449][  0]LogConfig: Setting CVar [[r.LightShaftQuality:1]]
[2020.08.10-09.58.59:451][  0]LogConfig: Setting CVar [[r.Filter.SizeScale:1]]
[2020.08.10-09.58.59:451][  0]LogConfig: Setting CVar [[r.Tonemapper.Quality:5]]
[2020.08.10-09.58.59:452][  0]LogConfig: Setting CVar [[r.DOF.Gather.AccumulatorQuality:1        ; higher gathering accumulator quality]]
[2020.08.10-09.58.59:452][  0]LogConfig: Setting CVar [[r.DOF.Gather.PostfilterMethod:1          ; Median3x3 postfilering method]]
[2020.08.10-09.58.59:453][  0]LogConfig: Setting CVar [[r.DOF.Gather.EnableBokehSettings:0       ; no bokeh simulation when gathering]]
[2020.08.10-09.58.59:454][  0]LogConfig: Setting CVar [[r.DOF.Gather.RingCount:4                 ; medium number of samples when gathering]]
[2020.08.10-09.58.59:454][  0]LogConfig: Setting CVar [[r.DOF.Scatter.ForegroundCompositing:1    ; additive foreground scattering]]
[2020.08.10-09.58.59:455][  0]LogConfig: Setting CVar [[r.DOF.Scatter.BackgroundCompositing:2    ; additive background scattering]]
[2020.08.10-09.58.59:455][  0]LogConfig: Setting CVar [[r.DOF.Scatter.EnableBokehSettings:1      ; bokeh simulation when scattering]]
[2020.08.10-09.58.59:456][  0]LogConfig: Setting CVar [[r.DOF.Scatter.MaxSpriteRatio:0.1         ; only a maximum of 10% of scattered bokeh]]
[2020.08.10-09.58.59:456][  0]LogConfig: Setting CVar [[r.DOF.Recombine.Quality:1                ; cheap slight out of focus]]
[2020.08.10-09.58.59:457][  0]LogConfig: Setting CVar [[r.DOF.Recombine.EnableBokehSettings:0    ; no bokeh simulation on slight out of focus]]
[2020.08.10-09.58.59:457][  0]LogConfig: Setting CVar [[r.DOF.TemporalAAQuality:1                ; more stable temporal accumulation]]
[2020.08.10-09.58.59:458][  0]LogConfig: Setting CVar [[r.DOF.Kernel.MaxForegroundRadius:0.025]]
[2020.08.10-09.58.59:458][  0]LogConfig: Setting CVar [[r.DOF.Kernel.MaxBackgroundRadius:0.025]]
[2020.08.10-09.58.59:458][  0]LogConfig: Applying CVar settings from Section [TextureQuality@3] File [C:/WYProject/MultiThreadSC/Saved/Config/Windows/Scalability.ini]
[2020.08.10-09.58.59:459][  0]LogConfig: Setting CVar [[r.Streaming.MipBias:0]]
[2020.08.10-09.58.59:461][  0]LogConfig: Setting CVar [[r.Streaming.AmortizeCPUToGPUCopy:0]]
[2020.08.10-09.58.59:461][  0]LogConfig: Setting CVar [[r.Streaming.MaxNumTexturesToStreamPerFrame:0]]
[2020.08.10-09.58.59:462][  0]LogConfig: Setting CVar [[r.Streaming.Boost:1]]
[2020.08.10-09.58.59:462][  0]LogConfig: Setting CVar [[r.MaxAnisotropy:8]]
[2020.08.10-09.58.59:463][  0]LogConfig: Setting CVar [[r.VT.MaxAnisotropy:8]]
[2020.08.10-09.58.59:464][  0]LogConfig: Setting CVar [[r.Streaming.LimitPoolSizeToVRAM:0]]
[2020.08.10-09.58.59:465][  0]LogConfig: Setting CVar [[r.Streaming.PoolSize:1000]]
[2020.08.10-09.58.59:465][  0]LogConfig: Setting CVar [[r.Streaming.MaxEffectiveScreenSize:0]]
[2020.08.10-09.58.59:466][  0]LogConfig: Applying CVar settings from Section [EffectsQuality@3] File [C:/WYProject/MultiThreadSC/Saved/Config/Windows/Scalability.ini]
[2020.08.10-09.58.59:466][  0]LogConfig: Setting CVar [[r.TranslucencyLightingVolumeDim:64]]
[2020.08.10-09.58.59:467][  0]LogConfig: Setting CVar [[r.RefractionQuality:2]]
[2020.08.10-09.58.59:467][  0]LogConfig: Setting CVar [[r.SSR.Quality:3]]
[2020.08.10-09.58.59:468][  0]LogConfig: Setting CVar [[r.SSR.HalfResSceneColor:0]]
[2020.08.10-09.58.59:468][  0]LogConfig: Setting CVar [[r.SceneColorFormat:4]]
[2020.08.10-09.58.59:468][  0]LogConfig: Setting CVar [[r.DetailMode:2]]
[2020.08.10-09.58.59:468][  0]LogConfig: Setting CVar [[r.TranslucencyVolumeBlur:1]]
[2020.08.10-09.58.59:469][  0]LogConfig: Setting CVar [[r.MaterialQualityLevel:1 ; High quality]]
[2020.08.10-09.58.59:470][  0]LogConfig: Setting CVar [[r.SSS.Scale:1]]
[2020.08.10-09.58.59:471][  0]LogConfig: Setting CVar [[r.SSS.SampleSet:2]]
[2020.08.10-09.58.59:471][  0]LogConfig: Setting CVar [[r.SSS.Quality:1]]
[2020.08.10-09.58.59:472][  0]LogConfig: Setting CVar [[r.SSS.HalfRes:0]]
[2020.08.10-09.58.59:472][  0]LogConfig: Setting CVar [[r.SSGI.Quality:3]]
[2020.08.10-09.58.59:472][  0]LogConfig: Setting CVar [[r.EmitterSpawnRateScale:1.0]]
[2020.08.10-09.58.59:472][  0]LogConfig: Setting CVar [[r.ParticleLightQuality:2]]
[2020.08.10-09.58.59:473][  0]LogConfig: Setting CVar [[r.SkyAtmosphere.AerialPerspectiveLUT.FastApplyOnOpaque:1 ; Always have FastSkyLUT 1 in this case to avoid wrong sky]]
[2020.08.10-09.58.59:473][  0]LogConfig: Setting CVar [[r.SkyAtmosphere.AerialPerspectiveLUT.SampleCountPerSlice:1]]
[2020.08.10-09.58.59:473][  0]LogConfig: Setting CVar [[r.SkyAtmosphere.AerialPerspectiveLUT.DepthResolution:16.0]]
[2020.08.10-09.58.59:473][  0]LogConfig: Setting CVar [[r.SkyAtmosphere.FastSkyLUT:1]]
[2020.08.10-09.58.59:474][  0]LogConfig: Setting CVar [[r.SkyAtmosphere.FastSkyLUT.SampleCountMin:4.0]]
[2020.08.10-09.58.59:474][  0]LogConfig: Setting CVar [[r.SkyAtmosphere.FastSkyLUT.SampleCountMax:32.0]]
[2020.08.10-09.58.59:475][  0]LogConfig: Setting CVar [[r.SkyAtmosphere.SampleCountMin:4.0]]
[2020.08.10-09.58.59:475][  0]LogConfig: Setting CVar [[r.SkyAtmosphere.SampleCountMax:32.0]]
[2020.08.10-09.58.59:475][  0]LogConfig: Setting CVar [[r.SkyAtmosphere.TransmittanceLUT.UseSmallFormat:0]]
[2020.08.10-09.58.59:476][  0]LogConfig: Setting CVar [[r.SkyAtmosphere.TransmittanceLUT.SampleCount:10.0]]
[2020.08.10-09.58.59:476][  0]LogConfig: Setting CVar [[r.SkyAtmosphere.MultiScatteringLUT.SampleCount:15.0]]
[2020.08.10-09.58.59:477][  0]LogConfig: Applying CVar settings from Section [FoliageQuality@3] File [C:/WYProject/MultiThreadSC/Saved/Config/Windows/Scalability.ini]
[2020.08.10-09.58.59:477][  0]LogConfig: Setting CVar [[foliage.DensityScale:1.0]]
[2020.08.10-09.58.59:477][  0]LogConfig: Setting CVar [[grass.DensityScale:1.0]]
[2020.08.10-09.58.59:478][  0]LogConfig: Applying CVar settings from Section [ShadingQuality@3] File [C:/WYProject/MultiThreadSC/Saved/Config/Windows/Scalability.ini]
[2020.08.10-09.58.59:478][  0]LogConfig: Setting CVar [[r.HairStrands.SkyLighting.SampleCount:16]]
[2020.08.10-09.58.59:480][  0]LogConfig: Setting CVar [[r.HairStrands.SkyLighting.JitterIntegration:0]]
[2020.08.10-09.58.59:482][  0]LogConfig: Setting CVar [[r.HairStrands.SkyAO.SampleCount:16]]
[2020.08.10-09.58.59:483][  0]LogConfig: Setting CVar [[r.HairStrands.DeepShadow.SuperSampling:0]]
[2020.08.10-09.58.59:483][  0]LogConfig: Setting CVar [[r.HairStrands.VisibilityPPLL:0]]
[2020.08.10-09.58.59:484][  0]LogConfig: Setting CVar [[r.HairStrands.RasterizationScale:0.5]]
[2020.08.10-09.58.59:484][  0]LogConfig: Setting CVar [[r.HairStrands.VelocityRasterizationScale:1]]
[2020.08.10-09.58.59:485][  0]LogInit: Selected Device Profile: [Windows]
[2020.08.10-09.58.59:485][  0]LogInit: Applying CVar settings loaded from the selected device profile: [Windows]
[2020.08.10-09.58.59:486][  0]LogHAL: Display: Platform has ~ 16 GB [17062805504 / 17179869184 / 16], which maps to Larger [LargestMinGB=32, LargerMinGB=12, DefaultMinGB=8, SmallerMinGB=6, SmallestMinGB=0)
[2020.08.10-09.58.59:486][  0]LogInit: Going up to parent DeviceProfile []
[2020.08.10-09.58.59:487][  0]LogConfig: Applying CVar settings from Section [ViewDistanceQuality@3] File [C:/WYProject/MultiThreadSC/Saved/Config/Windows/Scalability.ini]
[2020.08.10-09.58.59:488][  0]LogConfig: Setting CVar [[r.SkeletalMeshLODBias:0]]
[2020.08.10-09.58.59:488][  0]LogConfig: Setting CVar [[r.ViewDistanceScale:1.0]]
[2020.08.10-09.58.59:488][  0]LogConfig: Applying CVar settings from Section [AntiAliasingQuality@3] File [C:/WYProject/MultiThreadSC/Saved/Config/Windows/Scalability.ini]
[2020.08.10-09.58.59:489][  0]LogConfig: Setting CVar [[r.PostProcessAAQuality:4]]
[2020.08.10-09.58.59:489][  0]LogConfig: Applying CVar settings from Section [ShadowQuality@3] File [C:/WYProject/MultiThreadSC/Saved/Config/Windows/Scalability.ini]
[2020.08.10-09.58.59:490][  0]LogConfig: Setting CVar [[r.LightFunctionQuality:1]]
[2020.08.10-09.58.59:491][  0]LogConfig: Setting CVar [[r.ShadowQuality:5]]
[2020.08.10-09.58.59:492][  0]LogConfig: Setting CVar [[r.Shadow.CSM.MaxCascades:10]]
[2020.08.10-09.58.59:492][  0]LogConfig: Setting CVar [[r.Shadow.MaxResolution:2048]]
[2020.08.10-09.58.59:493][  0]LogConfig: Setting CVar [[r.Shadow.MaxCSMResolution:2048]]
[2020.08.10-09.58.59:494][  0]LogConfig: Setting CVar [[r.Shadow.RadiusThreshold:0.01]]
[2020.08.10-09.58.59:495][  0]LogConfig: Setting CVar [[r.Shadow.DistanceScale:1.0]]
[2020.08.10-09.58.59:495][  0]LogConfig: Setting CVar [[r.Shadow.CSM.TransitionScale:1.0]]
[2020.08.10-09.58.59:496][  0]LogConfig: Setting CVar [[r.Shadow.PreShadowResolutionFactor:1.0]]
[2020.08.10-09.58.59:497][  0]LogConfig: Setting CVar [[r.DistanceFieldShadowing:1]]
[2020.08.10-09.58.59:497][  0]LogConfig: Setting CVar [[r.DistanceFieldAO:1]]
[2020.08.10-09.58.59:498][  0]LogConfig: Setting CVar [[r.AOQuality:2]]
[2020.08.10-09.58.59:498][  0]LogConfig: Setting CVar [[r.VolumetricFog:1]]
[2020.08.10-09.58.59:499][  0]LogConfig: Setting CVar [[r.VolumetricFog.GridPixelSize:8]]
[2020.08.10-09.58.59:500][  0]LogConfig: Setting CVar [[r.VolumetricFog.GridSizeZ:128]]
[2020.08.10-09.58.59:501][  0]LogConfig: Setting CVar [[r.VolumetricFog.HistoryMissSupersampleCount:4]]
[2020.08.10-09.58.59:501][  0]LogConfig: Setting CVar [[r.LightMaxDrawDistanceScale:1]]
[2020.08.10-09.58.59:502][  0]LogConfig: Setting CVar [[r.CapsuleShadows:1]]
[2020.08.10-09.58.59:502][  0]LogConfig: Applying CVar settings from Section [PostProcessQuality@3] File [C:/WYProject/MultiThreadSC/Saved/Config/Windows/Scalability.ini]
[2020.08.10-09.58.59:503][  0]LogConfig: Setting CVar [[r.MotionBlurQuality:4]]
[2020.08.10-09.58.59:503][  0]LogConfig: Setting CVar [[r.AmbientOcclusionMipLevelFactor:0.4]]
[2020.08.10-09.58.59:504][  0]LogConfig: Setting CVar [[r.AmbientOcclusionMaxQuality:100]]
[2020.08.10-09.58.59:505][  0]LogConfig: Setting CVar [[r.AmbientOcclusionLevels:-1]]
[2020.08.10-09.58.59:505][  0]LogConfig: Setting CVar [[r.AmbientOcclusionRadiusScale:1.0]]
[2020.08.10-09.58.59:506][  0]LogConfig: Setting CVar [[r.DepthOfFieldQuality:2]]
[2020.08.10-09.58.59:506][  0]LogConfig: Setting CVar [[r.RenderTargetPoolMin:400]]
[2020.08.10-09.58.59:507][  0]LogConfig: Setting CVar [[r.LensFlareQuality:2]]
[2020.08.10-09.58.59:507][  0]LogConfig: Setting CVar [[r.SceneColorFringeQuality:1]]
[2020.08.10-09.58.59:508][  0]LogConfig: Setting CVar [[r.EyeAdaptationQuality:2]]
[2020.08.10-09.58.59:508][  0]LogConfig: Setting CVar [[r.BloomQuality:5]]
[2020.08.10-09.58.59:509][  0]LogConfig: Setting CVar [[r.FastBlurThreshold:100]]
[2020.08.10-09.58.59:511][  0]LogConfig: Setting CVar [[r.Upscale.Quality:3]]
[2020.08.10-09.58.59:511][  0]LogConfig: Setting CVar [[r.Tonemapper.GrainQuantization:1]]
[2020.08.10-09.58.59:512][  0]LogConfig: Setting CVar [[r.LightShaftQuality:1]]
[2020.08.10-09.58.59:512][  0]LogConfig: Setting CVar [[r.Filter.SizeScale:1]]
[2020.08.10-09.58.59:513][  0]LogConfig: Setting CVar [[r.Tonemapper.Quality:5]]
[2020.08.10-09.58.59:513][  0]LogConfig: Setting CVar [[r.DOF.Gather.AccumulatorQuality:1        ; higher gathering accumulator quality]]
[2020.08.10-09.58.59:514][  0]LogConfig: Setting CVar [[r.DOF.Gather.PostfilterMethod:1          ; Median3x3 postfilering method]]
[2020.08.10-09.58.59:515][  0]LogConfig: Setting CVar [[r.DOF.Gather.EnableBokehSettings:0       ; no bokeh simulation when gathering]]
[2020.08.10-09.58.59:515][  0]LogConfig: Setting CVar [[r.DOF.Gather.RingCount:4                 ; medium number of samples when gathering]]
[2020.08.10-09.58.59:515][  0]LogConfig: Setting CVar [[r.DOF.Scatter.ForegroundCompositing:1    ; additive foreground scattering]]
[2020.08.10-09.58.59:516][  0]LogConfig: Setting CVar [[r.DOF.Scatter.BackgroundCompositing:2    ; additive background scattering]]
[2020.08.10-09.58.59:516][  0]LogConfig: Setting CVar [[r.DOF.Scatter.EnableBokehSettings:1      ; bokeh simulation when scattering]]
[2020.08.10-09.58.59:517][  0]LogConfig: Setting CVar [[r.DOF.Scatter.MaxSpriteRatio:0.1         ; only a maximum of 10% of scattered bokeh]]
[2020.08.10-09.58.59:517][  0]LogConfig: Setting CVar [[r.DOF.Recombine.Quality:1                ; cheap slight out of focus]]
[2020.08.10-09.58.59:518][  0]LogConfig: Setting CVar [[r.DOF.Recombine.EnableBokehSettings:0    ; no bokeh simulation on slight out of focus]]
[2020.08.10-09.58.59:518][  0]LogConfig: Setting CVar [[r.DOF.TemporalAAQuality:1                ; more stable temporal accumulation]]
[2020.08.10-09.58.59:519][  0]LogConfig: Setting CVar [[r.DOF.Kernel.MaxForegroundRadius:0.025]]
[2020.08.10-09.58.59:520][  0]LogConfig: Setting CVar [[r.DOF.Kernel.MaxBackgroundRadius:0.025]]
[2020.08.10-09.58.59:521][  0]LogConfig: Applying CVar settings from Section [TextureQuality@3] File [C:/WYProject/MultiThreadSC/Saved/Config/Windows/Scalability.ini]
[2020.08.10-09.58.59:521][  0]LogConfig: Setting CVar [[r.Streaming.MipBias:0]]
[2020.08.10-09.58.59:522][  0]LogConfig: Setting CVar [[r.Streaming.AmortizeCPUToGPUCopy:0]]
[2020.08.10-09.58.59:522][  0]LogConfig: Setting CVar [[r.Streaming.MaxNumTexturesToStreamPerFrame:0]]
[2020.08.10-09.58.59:522][  0]LogConfig: Setting CVar [[r.Streaming.Boost:1]]
[2020.08.10-09.58.59:523][  0]LogConfig: Setting CVar [[r.MaxAnisotropy:8]]
[2020.08.10-09.58.59:523][  0]LogConfig: Setting CVar [[r.VT.MaxAnisotropy:8]]
[2020.08.10-09.58.59:524][  0]LogConfig: Setting CVar [[r.Streaming.LimitPoolSizeToVRAM:0]]
[2020.08.10-09.58.59:524][  0]LogConfig: Setting CVar [[r.Streaming.PoolSize:1000]]
[2020.08.10-09.58.59:525][  0]LogConfig: Setting CVar [[r.Streaming.MaxEffectiveScreenSize:0]]
[2020.08.10-09.58.59:525][  0]LogConfig: Applying CVar settings from Section [EffectsQuality@3] File [C:/WYProject/MultiThreadSC/Saved/Config/Windows/Scalability.ini]
[2020.08.10-09.58.59:526][  0]LogConfig: Setting CVar [[r.TranslucencyLightingVolumeDim:64]]
[2020.08.10-09.58.59:526][  0]LogConfig: Setting CVar [[r.RefractionQuality:2]]
[2020.08.10-09.58.59:527][  0]LogConfig: Setting CVar [[r.SSR.Quality:3]]
[2020.08.10-09.58.59:528][  0]LogConfig: Setting CVar [[r.SSR.HalfResSceneColor:0]]
[2020.08.10-09.58.59:528][  0]LogConfig: Setting CVar [[r.SceneColorFormat:4]]
[2020.08.10-09.58.59:530][  0]LogConfig: Setting CVar [[r.DetailMode:2]]
[2020.08.10-09.58.59:533][  0]LogConfig: Setting CVar [[r.TranslucencyVolumeBlur:1]]
[2020.08.10-09.58.59:534][  0]LogConfig: Setting CVar [[r.MaterialQualityLevel:1 ; High quality]]
[2020.08.10-09.58.59:534][  0]LogConfig: Setting CVar [[r.SSS.Scale:1]]
[2020.08.10-09.58.59:535][  0]LogConfig: Setting CVar [[r.SSS.SampleSet:2]]
[2020.08.10-09.58.59:535][  0]LogConfig: Setting CVar [[r.SSS.Quality:1]]
[2020.08.10-09.58.59:536][  0]LogConfig: Setting CVar [[r.SSS.HalfRes:0]]
[2020.08.10-09.58.59:536][  0]LogConfig: Setting CVar [[r.SSGI.Quality:3]]
[2020.08.10-09.58.59:537][  0]LogConfig: Setting CVar [[r.EmitterSpawnRateScale:1.0]]
[2020.08.10-09.58.59:537][  0]LogConfig: Setting CVar [[r.ParticleLightQuality:2]]
[2020.08.10-09.58.59:538][  0]LogConfig: Setting CVar [[r.SkyAtmosphere.AerialPerspectiveLUT.FastApplyOnOpaque:1 ; Always have FastSkyLUT 1 in this case to avoid wrong sky]]
[2020.08.10-09.58.59:538][  0]LogConfig: Setting CVar [[r.SkyAtmosphere.AerialPerspectiveLUT.SampleCountPerSlice:1]]
[2020.08.10-09.58.59:539][  0]LogConfig: Setting CVar [[r.SkyAtmosphere.AerialPerspectiveLUT.DepthResolution:16.0]]
[2020.08.10-09.58.59:539][  0]LogConfig: Setting CVar [[r.SkyAtmosphere.FastSkyLUT:1]]
[2020.08.10-09.58.59:540][  0]LogConfig: Setting CVar [[r.SkyAtmosphere.FastSkyLUT.SampleCountMin:4.0]]
[2020.08.10-09.58.59:540][  0]LogConfig: Setting CVar [[r.SkyAtmosphere.FastSkyLUT.SampleCountMax:32.0]]
[2020.08.10-09.58.59:541][  0]LogConfig: Setting CVar [[r.SkyAtmosphere.SampleCountMin:4.0]]
[2020.08.10-09.58.59:542][  0]LogConfig: Setting CVar [[r.SkyAtmosphere.SampleCountMax:32.0]]
[2020.08.10-09.58.59:542][  0]LogConfig: Setting CVar [[r.SkyAtmosphere.TransmittanceLUT.UseSmallFormat:0]]
[2020.08.10-09.58.59:543][  0]LogConfig: Setting CVar [[r.SkyAtmosphere.TransmittanceLUT.SampleCount:10.0]]
[2020.08.10-09.58.59:544][  0]LogConfig: Setting CVar [[r.SkyAtmosphere.MultiScatteringLUT.SampleCount:15.0]]
[2020.08.10-09.58.59:545][  0]LogConfig: Applying CVar settings from Section [FoliageQuality@3] File [C:/WYProject/MultiThreadSC/Saved/Config/Windows/Scalability.ini]
[2020.08.10-09.58.59:545][  0]LogConfig: Setting CVar [[foliage.DensityScale:1.0]]
[2020.08.10-09.58.59:546][  0]LogConfig: Setting CVar [[grass.DensityScale:1.0]]
[2020.08.10-09.58.59:546][  0]LogConfig: Applying CVar settings from Section [ShadingQuality@3] File [C:/WYProject/MultiThreadSC/Saved/Config/Windows/Scalability.ini]
[2020.08.10-09.58.59:547][  0]LogConfig: Setting CVar [[r.HairStrands.SkyLighting.SampleCount:16]]
[2020.08.10-09.58.59:547][  0]LogConfig: Setting CVar [[r.HairStrands.SkyLighting.JitterIntegration:0]]
[2020.08.10-09.58.59:548][  0]LogConfig: Setting CVar [[r.HairStrands.SkyAO.SampleCount:16]]
[2020.08.10-09.58.59:549][  0]LogConfig: Setting CVar [[r.HairStrands.DeepShadow.SuperSampling:0]]
[2020.08.10-09.58.59:549][  0]LogConfig: Setting CVar [[r.HairStrands.VisibilityPPLL:0]]
[2020.08.10-09.58.59:550][  0]LogConfig: Setting CVar [[r.HairStrands.RasterizationScale:0.5]]
[2020.08.10-09.58.59:550][  0]LogConfig: Setting CVar [[r.HairStrands.VelocityRasterizationScale:1]]
[2020.08.10-09.58.59:551][  0]LogConfig: Applying CVar settings from Section [Startup] File [../../../Engine/Config/ConsoleVariables.ini]
[2020.08.10-09.58.59:552][  0]LogConfig: Setting CVar [[net.UseAdaptiveNetUpdateFrequency:0]]
[2020.08.10-09.58.59:552][  0]LogConfig: Setting CVar [[p.chaos.AllowCreatePhysxBodies:1]]
[2020.08.10-09.58.59:553][  0]LogConfig: Setting CVar [[fx.SkipVectorVMBackendOptimizations:1]]
[2020.08.10-09.58.59:553][  0]LogConfig: Applying CVar settings from Section [ConsoleVariables] File [C:/WYProject/MultiThreadSC/Saved/Config/Windows/Engine.ini]
[2020.08.10-09.58.59:554][  0]LogInit: Computer: v_iwyuewan-PC0
[2020.08.10-09.58.59:554][  0]LogInit: User: viwyuewang
[2020.08.10-09.58.59:555][  0]LogInit: CPU Page size=4096, Cores=4
[2020.08.10-09.58.59:555][  0]LogInit: High frequency timer resolution =3.515630 MHz
[2020.08.10-09.58.59:556][  0]LogMemory: Memory total: Physical=15.9GB (16GB approx)
[2020.08.10-09.58.59:556][  0]LogMemory: Platform Memory Stats for Windows
[2020.08.10-09.58.59:558][  0]LogMemory: Process Physical Memory: 114.61 MB used, 114.61 MB peak
[2020.08.10-09.58.59:558][  0]LogMemory: Process Virtual Memory: 95.60 MB used, 95.60 MB peak
[2020.08.10-09.58.59:559][  0]LogMemory: Physical Memory: 4053.14 MB used,  12219.22 MB free, 16272.36 MB total
[2020.08.10-09.58.59:559][  0]LogMemory: Virtual Memory: 1006.13 MB used,  134216720.00 MB free, 134217728.00 MB total
[2020.08.10-09.58.59:594][  0]LogWindows: WindowsPlatformFeatures disabled or dedicated server build
[2020.08.10-09.58.59:714][  0]LogInit: Physics initialised using underlying interface: PhysX
[2020.08.10-09.58.59:715][  0]LogInit: Using OS detected language (zh-CN).
[2020.08.10-09.58.59:715][  0]LogInit: Using OS detected locale (zh-CN).
[2020.08.10-09.58.59:722][  0]LogTextLocalizationManager: No specific localization for 'zh-CN' exists, so the 'zh-Hans' localization will be used.
[2020.08.10-09.58.59:816][  0]LogTextLocalizationResource: LocRes '../../../Engine/Content/Localization/Editor/zh/Editor.locres' could not be opened for reading!
[2020.08.10-09.58.59:816][  0]LogTextLocalizationResource: LocRes '../../../Engine/Content/Localization/EditorTutorials/zh/EditorTutorials.locres' could not be opened for reading!
[2020.08.10-09.58.59:817][  0]LogTextLocalizationResource: LocRes '../../../Engine/Content/Localization/Keywords/zh/Keywords.locres' could not be opened for reading!
[2020.08.10-09.58.59:818][  0]LogTextLocalizationResource: LocRes '../../../Engine/Content/Localization/Category/zh/Category.locres' could not be opened for reading!
[2020.08.10-09.58.59:819][  0]LogTextLocalizationResource: LocRes '../../../Engine/Content/Localization/ToolTips/zh/ToolTips.locres' could not be opened for reading!
[2020.08.10-09.58.59:819][  0]LogTextLocalizationResource: LocRes '../../../Engine/Content/Localization/PropertyNames/zh/PropertyNames.locres' could not be opened for reading!
[2020.08.10-09.58.59:820][  0]LogTextLocalizationResource: LocRes '../../../Engine/Content/Localization/Engine/zh/Engine.locres' could not be opened for reading!
[2020.08.10-09.58.59:820][  0]LogTextLocalizationResource: LocRes '../../../Engine/Plugins/Online/Android/OnlineSubsystemGooglePlay/Content/Localization/OnlineSubsystemGooglePlay/zh/OnlineSubsystemGooglePlay.locres' could not be opened for reading!
[2020.08.10-09.58.59:821][  0]LogTextLocalizationResource: LocRes '../../../Engine/Plugins/Online/IOS/OnlineSubsystemIOS/Content/Localization/OnlineSubsystemIOS/zh/OnlineSubsystemIOS.locres' could not be opened for reading!
[2020.08.10-09.58.59:822][  0]LogTextLocalizationResource: LocRes '../../../Engine/Plugins/Online/OnlineSubsystem/Content/Localization/OnlineSubsystem/zh/OnlineSubsystem.locres' could not be opened for reading!
[2020.08.10-09.58.59:822][  0]LogTextLocalizationResource: LocRes '../../../Engine/Plugins/Online/OnlineSubsystemUtils/Content/Localization/OnlineSubsystemUtils/zh/OnlineSubsystemUtils.locres' could not be opened for reading!
[2020.08.10-09.59.00:722][  0]LogTargetPlatformManager: Display: Loaded TargetPlatform 'AllDesktop'
[2020.08.10-09.59.00:745][  0]LogTargetPlatformManager: Display: Loaded TargetPlatform 'Android'
[2020.08.10-09.59.00:745][  0]LogTargetPlatformManager: Display: Loaded TargetPlatform 'Android_ASTC'
[2020.08.10-09.59.00:746][  0]LogTargetPlatformManager: Display: Loaded TargetPlatform 'Android_DXT'
[2020.08.10-09.59.00:746][  0]LogTargetPlatformManager: Display: Loaded TargetPlatform 'Android_ETC2'
[2020.08.10-09.59.00:747][  0]LogTargetPlatformManager: Display: Loaded TargetPlatform 'AndroidClient'
[2020.08.10-09.59.00:747][  0]LogTargetPlatformManager: Display: Loaded TargetPlatform 'Android_ASTCClient'
[2020.08.10-09.59.00:748][  0]LogTargetPlatformManager: Display: Loaded TargetPlatform 'Android_DXTClient'
[2020.08.10-09.59.00:748][  0]LogTargetPlatformManager: Display: Loaded TargetPlatform 'Android_ETC2Client'
[2020.08.10-09.59.00:749][  0]LogTargetPlatformManager: Display: Loaded TargetPlatform 'Android_Multi'
[2020.08.10-09.59.00:750][  0]LogTargetPlatformManager: Display: Loaded TargetPlatform 'Android_MultiClient'
[2020.08.10-09.59.00:780][  0]LogTargetPlatformManager: Display: Loaded TargetPlatform 'IOSClient'
[2020.08.10-09.59.00:780][  0]LogTargetPlatformManager: Display: Loaded TargetPlatform 'IOS'
[2020.08.10-09.59.00:795][  0]LogTargetPlatformManager: Display: Loaded TargetPlatform 'Linux'
[2020.08.10-09.59.00:806][  0]LogTargetPlatformManager: Display: Loaded TargetPlatform 'LinuxNoEditor'
[2020.08.10-09.59.00:817][  0]LogTargetPlatformManager: Display: Loaded TargetPlatform 'LinuxClient'
[2020.08.10-09.59.00:827][  0]LogTargetPlatformManager: Display: Loaded TargetPlatform 'LinuxServer'
[2020.08.10-09.59.00:839][  0]LogTargetPlatformManager: Display: Loaded TargetPlatform 'LinuxAArch64NoEditor'
[2020.08.10-09.59.00:850][  0]LogTargetPlatformManager: Display: Loaded TargetPlatform 'LinuxAArch64Client'
[2020.08.10-09.59.00:862][  0]LogTargetPlatformManager: Display: Loaded TargetPlatform 'LinuxAArch64Server'
[2020.08.10-09.59.00:891][  0]LogTargetPlatformManager: Display: Loaded TargetPlatform 'Lumin'
[2020.08.10-09.59.00:891][  0]LogTargetPlatformManager: Display: Loaded TargetPlatform 'LuminClient'
[2020.08.10-09.59.00:909][  0]LogTargetPlatformManager: Display: Loaded TargetPlatform 'TVOSClient'
[2020.08.10-09.59.00:909][  0]LogTargetPlatformManager: Display: Loaded TargetPlatform 'TVOS'
[2020.08.10-09.59.00:923][  0]LogTargetPlatformManager: Display: Loaded TargetPlatform 'WindowsNoEditor'
[2020.08.10-09.59.00:934][  0]LogTargetPlatformManager: Display: Loaded TargetPlatform 'Windows'
[2020.08.10-09.59.00:946][  0]LogTargetPlatformManager: Display: Loaded TargetPlatform 'WindowsClient'
[2020.08.10-09.59.00:957][  0]LogTargetPlatformManager: Display: Loaded TargetPlatform 'WindowsServer'
[2020.08.10-09.59.00:958][  0]LogTargetPlatformManager: Display: Building Assets For Windows
[2020.08.10-09.59.00:983][  0]LogAudioDebug: Display: Lib vorbis DLL was dynamically loaded.
[2020.08.10-09.59.01:173][  0]LogShaderCompilers: Guid format shader working directory is 13 characters bigger than the processId version (../../../../../WYProject/MultiThreadSC/Intermediate/Shaders/WorkingDirectory/21400/).
[2020.08.10-09.59.01:173][  0]LogShaderCompilers: Cleaned the shader compiler working directory 'C:/Users/v_iwyuewang/AppData/Local/Temp/UnrealShaderWorkingDir/A951C1924F98B046271E60BA04039077/'.
[2020.08.10-09.59.01:175][  0]LogXGEController: Cleaning working directory: C:/Users/v_iwyuewang/AppData/Local/Temp/UnrealXGEWorkingDir/
[2020.08.10-09.59.01:175][  0]LogXGEController: Cannot use XGE Controller as Incredibuild is not installed on this machine.
[2020.08.10-09.59.01:176][  0]LogShaderCompilers: Cannot use XGE Shader Compiler as Incredibuild is not installed on this machine.
[2020.08.10-09.59.01:177][  0]LogShaderCompilers: Display: Using Local Shader Compiler.
[2020.08.10-09.59.01:617][  0]LogDerivedDataCache: Display: Max Cache Size: 512 MB
[2020.08.10-09.59.01:679][  0]LogDerivedDataCache: Loaded boot cache 0.06s 79MB C:/Users/v_iwyuewang/AppData/Local/UnrealEngine/4.25/DerivedDataCache/Boot.ddc.
[2020.08.10-09.59.01:679][  0]LogDerivedDataCache: Display: Loaded Boot cache: C:/Users/v_iwyuewang/AppData/Local/UnrealEngine/4.25/DerivedDataCache/Boot.ddc
[2020.08.10-09.59.01:681][  0]LogDerivedDataCache: FDerivedDataBackendGraph:  Pak pak cache file ../../../../../WYProject/MultiThreadSC/DerivedDataCache/DDC.ddp not found, will not use a pak cache.
[2020.08.10-09.59.01:682][  0]LogDerivedDataCache: Unable to find inner node Pak for hierarchical cache Hierarchy.
[2020.08.10-09.59.01:682][  0]LogDerivedDataCache: FDerivedDataBackendGraph:  CompressedPak pak cache file ../../../../../WYProject/MultiThreadSC/DerivedDataCache/Compressed.ddp not found, will not use a pak cache.
[2020.08.10-09.59.01:683][  0]LogDerivedDataCache: Unable to find inner node CompressedPak for hierarchical cache Hierarchy.
[2020.08.10-09.59.01:693][  0]LogDerivedDataCache: Display: Pak cache opened for reading ../../../Engine/DerivedDataCache/Compressed.ddp.
[2020.08.10-09.59.01:693][  0]LogDerivedDataCache: FDerivedDataBackendGraph:  EnterprisePak pak cache file ../../../Enterprise/DerivedDataCache/Compressed.ddp not found, will not use a pak cache.
[2020.08.10-09.59.01:694][  0]LogDerivedDataCache: Unable to find inner node EnterprisePak for hierarchical cache Hierarchy.
[2020.08.10-09.59.01:696][  0]LogDerivedDataCache: Using Local data cache path C:/Users/v_iwyuewang/AppData/Local/UnrealEngine/Common/DerivedDataCache: Writable
[2020.08.10-09.59.01:696][  0]LogDerivedDataCache: Shared data cache path not found in *engine.ini, will not use an Shared cache.
[2020.08.10-09.59.01:697][  0]LogDerivedDataCache: Unable to find inner node Shared for hierarchical cache Hierarchy.
[2020.08.10-09.59.01:702][  0]LogInit: Using OS detected language (zh-CN).
[2020.08.10-09.59.01:702][  0]LogInit: Using OS detected locale (zh-CN).
[2020.08.10-09.59.01:703][  0]LogTextLocalizationManager: No localization for 'zh-CN' exists, so 'en' will be used for the language.
[2020.08.10-09.59.01:704][  0]LogTextLocalizationManager: No localization for 'zh-CN' exists, so 'en' will be used for the locale.
[2020.08.10-09.59.01:706][  0]LogTextLocalizationManager: Compacting localization data took   0.00ms
[2020.08.10-09.59.01:708][  0]LogAssetRegistry: FAssetRegistry took 0.0014 seconds to start up
[2020.08.10-09.59.01:935][  0]LogPackageLocalizationCache: Processed 19 localized package path(s) for 1 prioritized culture(s) in 0.032942 seconds
[2020.08.10-09.59.01:988][  0]LogInit: Selected Device Profile: [Windows]
[2020.08.10-09.59.02:207][  0]LogMeshReduction: Using QuadricMeshReduction for automatic static mesh reduction
[2020.08.10-09.59.02:207][  0]LogMeshReduction: Using SimplygonMeshReduction for automatic skeletal mesh reduction
[2020.08.10-09.59.02:208][  0]LogMeshReduction: Using ProxyLODMeshReduction for automatic mesh merging
[2020.08.10-09.59.02:209][  0]LogMeshReduction: No distributed automatic mesh merging module available
[2020.08.10-09.59.02:210][  0]LogMeshMerging: No distributed automatic mesh merging module available
[2020.08.10-09.59.02:229][  0]LogNetVersion: MultiThreadSC 1.0.0, NetCL: 13144385, EngineNetVer: 14, GameNetVer: 0 (Checksum: 954989454)
[2020.08.10-09.59.02:335][  0]LogAISub: UAISubsystem::UAISubsystem AISubsystem (00000222054C5EC0), frame # 0
[2020.08.10-09.59.02:335][  0]LogAISub: UAISubsystem::UAISubsystem AIPerceptionSystem (0000022208868F40), frame # 0
[2020.08.10-09.59.02:337][  0]LogAISub: UAISubsystem::UAISubsystem EnvQueryManager (000002220884F400), frame # 0
[2020.08.10-09.59.02:552][  0]LogCollectionManager: Loaded 0 collections in 0.001306 seconds
[2020.08.10-09.59.02:555][  0]LogFileCache: Scanning file cache for directory 'C:/WYProject/MultiThreadSC/Saved/Collections/' took 0.00s
[2020.08.10-09.59.02:555][  0]LogFileCache: Scanning file cache for directory 'C:/WYProject/MultiThreadSC/Content/Developers/viwyuewang/Collections/' took 0.00s
[2020.08.10-09.59.02:556][  0]LogFileCache: Scanning file cache for directory 'C:/WYProject/MultiThreadSC/Content/Collections/' took 0.00s
[2020.08.10-09.59.02:556][  0]LogCollectionManager: Fixed up redirectors for 0 collections in 0.000003 seconds (updated 0 objects)
[2020.08.10-09.59.03:223][  0]SourceControl: 源码管理已禁用
[2020.08.10-09.59.03:224][  0]SourceControl: 源码管理已禁用
[2020.08.10-09.59.03:240][  0]SourceControl: 源码管理已禁用
[2020.08.10-09.59.03:536][  0]LogAndroidPermission: UAndroidPermissionCallbackProxy::GetInstance
[2020.08.10-09.59.03:565][  0]LogAudioCaptureCore: Display: No Audio Capture implementations found. Audio input will be silent.
[2020.08.10-09.59.03:566][  0]LogAudioCaptureCore: Display: No Audio Capture implementations found. Audio input will be silent.
[2020.08.10-09.59.03:639][  0]LogOcInput: OculusInput pre-init called
[2020.08.10-09.59.03:665][  0]LogUObjectArray: 18917 objects as part of root set at end of initial load.
[2020.08.10-09.59.03:665][  0]LogUObjectAllocator: 4960080 out of 0 bytes used by permanent object pool.
[2020.08.10-09.59.03:667][  0]LogUObjectArray: CloseDisregardForGC: 0/0 objects in disregard for GC pool
[2020.08.10-09.59.03:717][  0]LogEngine: Initializing Engine...
[2020.08.10-09.59.03:719][  0]LogStats: UGameplayTagsManager::InitializeManager -  0.000 s
[2020.08.10-09.59.03:733][  0]LogInit: Initializing FReadOnlyCVARCache
[2020.08.10-09.59.03:733][  0]LogNetVersion: Set ProjectVersion to 1.0.0.0. Version Checksum will be recalculated on next use.
[2020.08.10-09.59.03:786][  0]LogDerivedDataCache: Saved boot cache 0.05s 76MB C:/Users/v_iwyuewang/AppData/Local/UnrealEngine/4.25/DerivedDataCache/Boot.ddc.
[2020.08.10-09.59.03:791][  0]LogInit: Texture streaming: Disabled
[2020.08.10-09.59.03:822][  0]LogInit: Display: Game Engine Initialized.
[2020.08.10-09.59.03:822][  0]LogNiagaraEditor: Warning: GEditor isn't valid! Particle reset commands will not work for Niagara components!
[2020.08.10-09.59.03:869][  0]LogInit: Display: Starting Game.
[2020.08.10-09.59.03:869][  0]LogNet: Browse: /Game/Maps/MyMap?Name=Player
[2020.08.10-09.59.03:870][  0]LogLoad: LoadMap: /Game/Maps/MyMap?Name=Player
[2020.08.10-09.59.03:871][  0]LogWorld: BeginTearingDown for /Temp/Untitled_0
[2020.08.10-09.59.03:873][  0]LogWorld: UWorld::CleanupWorld for Untitled, bSessionEnded=true, bCleanupResources=true
[2020.08.10-09.59.03:880][  0]LogUObjectHash: Compacting FUObjectHashTables data took   0.60ms
[2020.08.10-09.59.03:989][  0]LogAIModule: Creating AISystem for world MyMap
[2020.08.10-09.59.03:989][  0]LogAISub: UAISubsystem::UAISubsystem EnvQueryManager (000002220616D000), frame # 0
[2020.08.10-09.59.03:990][  0]LogAISub: UAISubsystem::UAISubsystem AIPerceptionSystem (0000022206169E40), frame # 0
[2020.08.10-09.59.03:990][  0]LogLoad: Game class is 'MyGameMode_C'
[2020.08.10-09.59.03:991][  0]LogNet: ReplicationDriverClass is null! Not using ReplicationDriver.
[2020.08.10-09.59.03:991][  0]LogNetCore: DDoS detection status: detection enabled: 0 analytics enabled: 0
[2020.08.10-09.59.03:992][  0]LogInit: WinSock: Socket queue. Rx: 131072 (config 131072) Tx: 131072 (config 131072)
[2020.08.10-09.59.03:993][  0]LogNet: Created socket for bind address: 0.0.0.0 on port 7777
[2020.08.10-09.59.03:993][  0]PacketHandlerLog: Loaded PacketHandler component: Engine.EngineHandlerComponentFactory (StatelessConnectHandlerComponent)
[2020.08.10-09.59.03:994][  0]LogNet: GameNetDriver IpNetDriver_0 IpNetDriver listening on port 7777
[2020.08.10-09.59.03:995][  0]LogWorld: Bringing World /Game/Maps/MyMap.MyMap up for play (max tick rate 30) at 2020.08.10-17.59.03
[2020.08.10-09.59.03:996][  0]LogWorld: Bringing up level for play took: 0.000984
[2020.08.10-09.59.03:996][  0]LogLoad: Took 0.126486 seconds to LoadMap(/Game/Maps/MyMap)
[2020.08.10-09.59.04:008][  0]LogLoad: (Engine Initialization) Total time: 16.79 seconds
[2020.08.10-09.59.04:009][  0]LogLoad: (Engine Initialization) Total Blueprint compile time: 0.00 seconds
[2020.08.10-09.59.19:353][460]LogNet: NotifyAcceptingConnection accepted from: 10.81.18.47:60343
[2020.08.10-09.59.19:353][460]LogHandshake: SendConnectChallenge. Timestamp: 15.342199, Cookie: 158240071146079059186121011097208218080183027068148255205025
[2020.08.10-09.59.19:387][461]LogNet: NotifyAcceptingConnection accepted from: 10.81.18.47:60343
[2020.08.10-09.59.19:387][461]LogHandshake: SendChallengeAck. InCookie: 158240071146079059186121011097208218080183027068148255205025
[2020.08.10-09.59.19:390][461]LogNet: Server accepting post-challenge connection from: 10.81.18.47:60343
[2020.08.10-09.59.19:393][461]PacketHandlerLog: Loaded PacketHandler component: Engine.EngineHandlerComponentFactory (StatelessConnectHandlerComponent)
[2020.08.10-09.59.19:393][461]LogNet: NotifyAcceptedConnection: Name: MyMap, TimeStamp: 08/10/20 17:59:19, [UNetConnection] RemoteAddr: 10.81.18.47:60343, Name: IpConnection_0, Driver: GameNetDriver IpNetDriver_0, IsServer: YES, PC: NULL, Owner: NULL, UniqueId: INVALID
[2020.08.10-09.59.19:394][461]LogNet: AddClientConnection: Added client connection: [UNetConnection] RemoteAddr: 10.81.18.47:60343, Name: IpConnection_0, Driver: GameNetDriver IpNetDriver_0, IsServer: YES, PC: NULL, Owner: NULL, UniqueId: INVALID
[2020.08.10-09.59.19:395][461]LogNet: NotifyAcceptingChannel Control 0 server World /Game/Maps/MyMap.MyMap: Accepted
[2020.08.10-09.59.19:396][461]LogNet: Remote platform little endian=1
[2020.08.10-09.59.19:397][461]LogNet: This platform little endian=1
[2020.08.10-09.59.19:399][461]LogNetVersion: MultiThreadSC 1.0.0.0, NetCL: 13144385, EngineNetVer: 14, GameNetVer: 0 (Checksum: 3695063982)
[2020.08.10-09.59.19:421][462]LogNet: Login request: ?Name=v_iwyuewan-PC0-E258AFD94A3191DA26C23DBAD9BF85D8 userId: NULL:v_iwyuewan-PC0-E258AFD94A3191DA26C23DBAD9BF85D8 platform: NULL
[2020.08.10-09.59.19:551][466]LogNet: Client netspeed is 10000
[2020.08.10-09.59.19:554][466]LogNet: Join request: /Engine/Maps/Entry?Name=v_iwyuewan-PC0-E258AFD94A3191DA26C23DBAD9BF85D8?SplitscreenCount=1
[2020.08.10-09.59.19:556][466]LogOnlineSession: Warning: OSS: No game present to join for session (GameSession)
[2020.08.10-09.59.19:567][466]LogNet: Join succeeded: v_iwyuewan-PC0-E258A
[2020.08.10-09.59.45:162][239]LogNet: NotifyAcceptingConnection accepted from: 10.81.18.47:62205
[2020.08.10-09.59.45:162][239]LogHandshake: SendConnectChallenge. Timestamp: 41.151300, Cookie: 130207215249014055152228047099238191251051122161162250079145
[2020.08.10-09.59.45:196][240]LogNet: NotifyAcceptingConnection accepted from: 10.81.18.47:62205
[2020.08.10-09.59.45:196][240]LogHandshake: SendChallengeAck. InCookie: 130207215249014055152228047099238191251051122161162250079145
[2020.08.10-09.59.45:197][240]LogNet: Server accepting post-challenge connection from: 10.81.18.47:62205
[2020.08.10-09.59.45:200][240]PacketHandlerLog: Loaded PacketHandler component: Engine.EngineHandlerComponentFactory (StatelessConnectHandlerComponent)
[2020.08.10-09.59.45:201][240]LogNet: NotifyAcceptedConnection: Name: MyMap, TimeStamp: 08/10/20 17:59:45, [UNetConnection] RemoteAddr: 10.81.18.47:62205, Name: IpConnection_1, Driver: GameNetDriver IpNetDriver_0, IsServer: YES, PC: NULL, Owner: NULL, UniqueId: INVALID
[2020.08.10-09.59.45:203][240]LogNet: AddClientConnection: Added client connection: [UNetConnection] RemoteAddr: 10.81.18.47:62205, Name: IpConnection_1, Driver: GameNetDriver IpNetDriver_0, IsServer: YES, PC: NULL, Owner: NULL, UniqueId: INVALID
[2020.08.10-09.59.45:205][240]LogNet: NotifyAcceptingChannel Control 0 server World /Game/Maps/MyMap.MyMap: Accepted
[2020.08.10-09.59.45:205][240]LogNet: Remote platform little endian=1
[2020.08.10-09.59.45:206][240]LogNet: This platform little endian=1
[2020.08.10-09.59.45:228][241]LogNet: Login request: ?Name=v_iwyuewan-PC0-9F7B5CA8444B61A511B647AA37E9AEDC userId: NULL:v_iwyuewan-PC0-9F7B5CA8444B61A511B647AA37E9AEDC platform: NULL
[2020.08.10-09.59.45:262][242]LogNet: Client netspeed is 10000
[2020.08.10-09.59.45:361][245]LogNet: Join request: /Engine/Maps/Entry?Name=v_iwyuewan-PC0-9F7B5CA8444B61A511B647AA37E9AEDC?SplitscreenCount=1
[2020.08.10-09.59.45:363][245]LogOnlineSession: Warning: OSS: No game present to join for session (GameSession)
[2020.08.10-09.59.45:367][245]LogNet: Join succeeded: v_iwyuewan-PC0-9F7B5
