Log file open, 08/10/20 16:56:01
LogInit: Display: Running engine for game: MultiThreadSC
LogPlatformFile: Not using cached read wrapper
LogTaskGraph: Started task graph with 5 named threads and 17 total threads with 3 sets of task threads.
LogStats: Stats thread started at 2.851555
LogD3D11RHI: Loaded GFSDK_Aftermath_Lib.x64.dll
LogICUInternationalization: ICU TimeZone Detection - Raw Offset: +8:00, Platform Override: ''
LogPluginManager: Mounting plugin Paper2D
LogPluginManager: Mounting plugin AISupport
LogPluginManager: Mounting plugin LightPropagationVolume
LogPluginManager: Mounting plugin CameraShakePreviewer
LogPluginManager: Mounting plugin ActorLayerUtilities
LogPluginManager: Mounting plugin AnimationSharing
LogPluginManager: Mounting plugin CLionSourceCodeAccess
LogPluginManager: Mounting plugin CodeLiteSourceCodeAccess
LogPluginManager: Mounting plugin GitSourceControl
LogPluginManager: Mounting plugin KDevelopSourceCodeAccess
LogPluginManager: Mounting plugin NullSourceCodeAccess
LogPluginManager: Mounting plugin PerforceSourceControl
LogPluginManager: Mounting plugin PlasticSourceControl
LogPluginManager: Mounting plugin RiderSourceCodeAccess
LogPluginManager: Mounting plugin SubversionSourceControl
LogPluginManager: Mounting plugin UObjectPlugin
LogPluginManager: Mounting plugin VisualStudioCodeSourceCodeAccess
LogPluginManager: Mounting plugin VisualStudioSourceCodeAccess
LogPluginManager: Mounting plugin XCodeSourceCodeAccess
LogPluginManager: Mounting plugin AssetManagerEditor
LogPluginManager: Mounting plugin CryptoKeys
LogPluginManager: Mounting plugin CurveEditorTools
LogPluginManager: Mounting plugin DataValidation
LogPluginManager: Mounting plugin EditorScriptingUtilities
LogPluginManager: Mounting plugin FacialAnimation
LogPluginManager: Mounting plugin GameplayTagsEditor
LogPluginManager: Mounting plugin GeometryMode
LogPluginManager: Mounting plugin MacGraphicsSwitching
LogPluginManager: Mounting plugin MaterialAnalyzer
LogPluginManager: Mounting plugin MobileLauncherProfileWizard
LogPluginManager: Mounting plugin PluginBrowser
LogPluginManager: Mounting plugin SpeedTreeImporter
LogPluginManager: Mounting plugin DatasmithContent
LogPluginManager: Mounting plugin VariantManagerContent
LogPluginManager: Mounting plugin AlembicImporter
LogPluginManager: Mounting plugin AutomationUtils
LogPluginManager: Mounting plugin BackChannel
LogPluginManager: Mounting plugin ChaosCloth
LogPluginManager: Mounting plugin ChaosClothEditor
LogPluginManager: Mounting plugin ChaosEditor
LogPluginManager: Mounting plugin ChaosNiagara
LogPluginManager: Mounting plugin ChaosSolverPlugin
LogPluginManager: Mounting plugin CharacterAI
LogPluginManager: Mounting plugin GeometryCache
LogPluginManager: Mounting plugin GeometryCollectionPlugin
LogPluginManager: Mounting plugin GeometryProcessing
LogPluginManager: Mounting plugin PlanarCut
LogPluginManager: Mounting plugin PlatformCrypto
LogPluginManager: Mounting plugin ProxyLODPlugin
LogPluginManager: Mounting plugin SkeletalReduction
LogPluginManager: Mounting plugin Niagara
LogPluginManager: Mounting plugin MagicLeap
LogPluginManager: Mounting plugin MagicLeapLightEstimation
LogPluginManager: Mounting plugin MagicLeapMedia
LogPluginManager: Mounting plugin MagicLeapPassableWorld
LogPluginManager: Mounting plugin MLSDK
LogPluginManager: Mounting plugin AndroidMedia
LogPluginManager: Mounting plugin AvfMedia
LogPluginManager: Mounting plugin ImgMedia
LogPluginManager: Mounting plugin MediaCompositing
LogPluginManager: Mounting plugin MediaPlayerEditor
LogPluginManager: Mounting plugin WebMMedia
LogPluginManager: Mounting plugin WmfMedia
LogPluginManager: Mounting plugin MeshPainting
LogPluginManager: Mounting plugin TcpMessaging
LogPluginManager: Mounting plugin UdpMessaging
LogPluginManager: Mounting plugin ActorSequence
LogPluginManager: Mounting plugin LevelSequenceEditor
LogPluginManager: Mounting plugin MatineeToLevelSequence
LogPluginManager: Mounting plugin MovieRenderPipeline
LogPluginManager: Mounting plugin TemplateSequence
LogPluginManager: Mounting plugin NetcodeUnitTest
LogPluginManager: Mounting plugin NUTUnrealEngine4
LogPluginManager: Mounting plugin OnlineSubsystemGooglePlay
LogPluginManager: Mounting plugin OnlineSubsystemIOS
LogPluginManager: Mounting plugin OnlineSubsystem
LogPluginManager: Mounting plugin OnlineSubsystemNull
LogPluginManager: Mounting plugin OnlineSubsystemUtils
LogPluginManager: Mounting plugin LauncherChunkInstaller
LogPluginManager: Mounting plugin AndroidDeviceProfileSelector
LogPluginManager: Mounting plugin AndroidMoviePlayer
LogPluginManager: Mounting plugin AndroidPermission
LogPluginManager: Mounting plugin AppleImageUtils
LogPluginManager: Mounting plugin AppleMoviePlayer
LogPluginManager: Mounting plugin ArchVisCharacter
LogPluginManager: Mounting plugin AssetTags
LogPluginManager: Mounting plugin AudioCapture
LogPluginManager: Mounting plugin CableComponent
LogPluginManager: Mounting plugin CustomMeshComponent
LogPluginManager: Mounting plugin EditableMesh
LogPluginManager: Mounting plugin ExampleDeviceProfileSelector
LogPluginManager: Mounting plugin GoogleCloudMessaging
LogPluginManager: Mounting plugin GooglePAD
LogPluginManager: Mounting plugin IOSDeviceProfileSelector
LogPluginManager: Mounting plugin LinuxDeviceProfileSelector
LogPluginManager: Mounting plugin LocationServicesBPLibrary
LogPluginManager: Mounting plugin MobilePatchingUtils
LogPluginManager: Mounting plugin OculusVR
LogPluginManager: Mounting plugin PhysXVehicles
LogPluginManager: Mounting plugin PostSplashScreen
LogPluginManager: Mounting plugin ProceduralMeshComponent
LogPluginManager: Mounting plugin RuntimePhysXCooking
LogPluginManager: Mounting plugin SignificanceManager
LogPluginManager: Mounting plugin SoundFields
LogPluginManager: Mounting plugin SteamVR
LogPluginManager: Mounting plugin Synthesis
LogPluginManager: Mounting plugin WebMMoviePlayer
LogPluginManager: Mounting plugin WindowsMoviePlayer
LogPluginManager: Mounting plugin ScreenshotTools
LogInit: Using libcurl 7.55.1-DEV
LogInit:  - built for x86_64-pc-win32
LogInit:  - supports SSL with OpenSSL/1.1.1
LogInit:  - supports HTTP deflate (compression) using libz 1.2.8
LogInit:  - other features:
LogInit:      CURL_VERSION_SSL
LogInit:      CURL_VERSION_LIBZ
LogInit:      CURL_VERSION_IPV6
LogInit:      CURL_VERSION_ASYNCHDNS
LogInit:      CURL_VERSION_LARGEFILE
LogInit:      CURL_VERSION_IDN
LogInit:  CurlRequestOptions (configurable via config and command line):
LogInit:  - bVerifyPeer = true  - Libcurl will verify peer certificate
LogInit:  - bUseHttpProxy = false  - Libcurl will NOT use HTTP proxy
LogInit:  - bDontReuseConnections = false  - Libcurl will reuse connections
LogInit:  - MaxHostConnections = 16  - Libcurl will limit the number of connections to a host
LogInit:  - LocalHostAddr = Default
LogInit:  - BufferSize = 65536
LogOnline: OSS: Creating online subsystem instance for: NULL
LogInit: WinSock: version 1.1 (2.2), MaxSocks=32767, MaxUdp=65467
LogOnline: OSS: TryLoadSubsystemAndSetDefault: Loaded subsystem for module [NULL]
LogInit: Build: ++UE4+Release-4.25-CL-13594126
LogInit: Engine Version: 4.25.1-13594126+++UE4+Release-4.25
LogInit: Compatible Engine Version: 4.25.0-13144385+++UE4+Release-4.25
LogInit: Net CL: 13144385
LogInit: OS: Windows 10 (Release 1703) (), CPU: Intel(R) Core(TM) i7-7700 CPU @ 3.60GHz, GPU: Intel(R) HD Graphics 630
LogInit: Compiled (64-bit): Jun  2 2020 02:10:36
LogInit: Compiled with Visual C++: 19.24.28315.00
LogInit: Build Configuration: Development
LogInit: Branch Name: ++UE4+Release-4.25
LogInit: Command Line:  /Game/Maps/MyMap -server -log
LogInit: Base Directory: C:/UE4/UE_4.25/Engine/Binaries/Win64/
LogInit: Allocator: TBB
LogInit: Installed Engine Build: 1
LogDevObjectVersion: Number of dev versions registered: 26
LogDevObjectVersion:   Dev-Blueprints (B0D832E4-1F89-4F0D-ACCF-7EB736FD4AA2): 10
LogDevObjectVersion:   Dev-Build (E1C64328-A22C-4D53-A36C-8E866417BD8C): 0
LogDevObjectVersion:   Dev-Core (375EC13C-06E4-48FB-B500-84F0262A717E): 4
LogDevObjectVersion:   Dev-Editor (E4B068ED-F494-42E9-A231-DA0B2E46BB41): 38
LogDevObjectVersion:   Dev-Framework (CFFC743F-43B0-4480-9391-14DF171D2073): 37
LogDevObjectVersion:   Dev-Mobile (B02B49B5-BB20-44E9-A304-32B752E40360): 2
LogDevObjectVersion:   Dev-Networking (A4E4105C-59A1-49B5-A7C5-40C4547EDFEE): 0
LogDevObjectVersion:   Dev-Online (39C831C9-5AE6-47DC-9A44-9C173E1C8E7C): 0
LogDevObjectVersion:   Dev-Physics (78F01B33-EBEA-4F98-B9B4-84EACCB95AA2): 4
LogDevObjectVersion:   Dev-Platform (6631380F-2D4D-43E0-8009-CF276956A95A): 0
LogDevObjectVersion:   Dev-Rendering (12F88B9F-8875-4AFC-A67C-D90C383ABD29): 43
LogDevObjectVersion:   Dev-Sequencer (7B5AE74C-D270-4C10-A958-57980B212A5A): 12
LogDevObjectVersion:   Dev-VR (D7296918-1DD6-4BDD-9DE2-64A83CC13884): 3
LogDevObjectVersion:   Dev-LoadTimes (C2A15278-BFE7-4AFE-6C17-90FF531DF755): 1
LogDevObjectVersion:   Private-Geometry (6EACA3D4-40EC-4CC1-B786-8BED09428FC5): 3
LogDevObjectVersion:   Dev-AnimPhys (29E575DD-E0A3-4627-9D10-D276232CDCEA): 17
LogDevObjectVersion:   Dev-Anim (AF43A65D-7FD3-4947-9873-3E8ED9C1BB05): 7
LogDevObjectVersion:   Dev-ReflectionCapture (6B266CEC-1EC7-4B8F-A30B-E4D90942FC07): 1
LogDevObjectVersion:   Dev-Automation (0DF73D61-A23F-47EA-B727-89E90C41499A): 1
LogDevObjectVersion:   FortniteMain (601D1886-AC64-4F84-AA16-D3DE0DEAC7D6): 31
LogDevObjectVersion:   Dev-Enterprise (9DFFBCD6-494F-0158-E221-12823C92A888): 10
LogDevObjectVersion:   Dev-Niagara (F2AED0AC-9AFE-416F-8664-AA7FFA26D6FC): 1
LogDevObjectVersion:   Dev-Destruction (174F1F0B-B4C6-45A5-B13F-2EE8D0FB917D): 10
LogDevObjectVersion:   Dev-Physics-Ext (35F94A83-E258-406C-A318-09F59610247C): 37
LogDevObjectVersion:   Dev-PhysicsMaterial-Chaos (B68FC16E-8B1B-42E2-B453-215C058844FE): 1
LogDevObjectVersion:   Dev-CineCamera (B2E18506-4273-CFC2-A54E-F4BB758BBA07): 1
LogInit: Presizing for max 25165824 objects, including 0 objects not considered by GC, pre-allocating 0 bytes for permanent pool.
LogConfig: Applying CVar settings from Section [/Script/Engine.StreamingSettings] File [C:/WYProject/MultiThreadSC/Saved/Config/Windows/Engine.ini]
LogConfig: Setting CVar [[s.MinBulkDataSizeForAsyncLoading:131072]]
LogConfig: Setting CVar [[s.AsyncLoadingThreadEnabled:0]]
LogConfig: Setting CVar [[s.EventDrivenLoaderEnabled:1]]
LogConfig: Setting CVar [[s.WarnIfTimeLimitExceeded:0]]
LogConfig: Setting CVar [[s.TimeLimitExceededMultiplier:1.5]]
LogConfig: Setting CVar [[s.TimeLimitExceededMinTime:0.005]]
LogConfig: Setting CVar [[s.UseBackgroundLevelStreaming:1]]
LogConfig: Setting CVar [[s.PriorityAsyncLoadingExtraTime:15.0]]
LogConfig: Setting CVar [[s.LevelStreamingActorsUpdateTimeLimit:5.0]]
LogConfig: Setting CVar [[s.PriorityLevelStreamingActorsUpdateExtraTime:5.0]]
LogConfig: Setting CVar [[s.LevelStreamingComponentsRegistrationGranularity:10]]
LogConfig: Setting CVar [[s.UnregisterComponentsTimeLimit:1.0]]
LogConfig: Setting CVar [[s.LevelStreamingComponentsUnregistrationGranularity:5]]
LogConfig: Setting CVar [[s.FlushStreamingOnExit:1]]
LogInit: Object subsystem initialized
LogConfig: Setting CVar [[con.DebugEarlyDefault:1]]
LogConfig: Setting CVar [[r.setres:1280x720]]
[2020.08.10-08.56.02:999][  0]LogConfig: Setting CVar [[con.DebugEarlyDefault:1]]
[2020.08.10-08.56.02:999][  0]LogConfig: Setting CVar [[r.setres:1280x720]]
[2020.08.10-08.56.03:000][  0]LogConfig: Applying CVar settings from Section [/Script/Engine.RendererSettings] File [C:/WYProject/MultiThreadSC/Saved/Config/Windows/Engine.ini]
[2020.08.10-08.56.03:001][  0]LogConfig: Setting CVar [[r.GPUCrashDebugging:0]]
[2020.08.10-08.56.03:001][  0]LogConfig: Applying CVar settings from Section [/Script/Engine.RendererOverrideSettings] File [C:/WYProject/MultiThreadSC/Saved/Config/Windows/Engine.ini]
[2020.08.10-08.56.03:002][  0]LogConfig: Applying CVar settings from Section [/Script/Engine.StreamingSettings] File [C:/WYProject/MultiThreadSC/Saved/Config/Windows/Engine.ini]
[2020.08.10-08.56.03:002][  0]LogConfig: Setting CVar [[s.MinBulkDataSizeForAsyncLoading:131072]]
[2020.08.10-08.56.03:003][  0]LogConfig: Setting CVar [[s.AsyncLoadingThreadEnabled:0]]
[2020.08.10-08.56.03:003][  0]LogConfig: Setting CVar [[s.EventDrivenLoaderEnabled:1]]
[2020.08.10-08.56.03:004][  0]LogConfig: Setting CVar [[s.WarnIfTimeLimitExceeded:0]]
[2020.08.10-08.56.03:006][  0]LogConfig: Setting CVar [[s.TimeLimitExceededMultiplier:1.5]]
[2020.08.10-08.56.03:007][  0]LogConfig: Setting CVar [[s.TimeLimitExceededMinTime:0.005]]
[2020.08.10-08.56.03:007][  0]LogConfig: Setting CVar [[s.UseBackgroundLevelStreaming:1]]
[2020.08.10-08.56.03:008][  0]LogConfig: Setting CVar [[s.PriorityAsyncLoadingExtraTime:15.0]]
[2020.08.10-08.56.03:009][  0]LogConfig: Setting CVar [[s.LevelStreamingActorsUpdateTimeLimit:5.0]]
[2020.08.10-08.56.03:014][  0]LogConfig: Setting CVar [[s.PriorityLevelStreamingActorsUpdateExtraTime:5.0]]
[2020.08.10-08.56.03:015][  0]LogConfig: Setting CVar [[s.LevelStreamingComponentsRegistrationGranularity:10]]
[2020.08.10-08.56.03:015][  0]LogConfig: Setting CVar [[s.UnregisterComponentsTimeLimit:1.0]]
[2020.08.10-08.56.03:016][  0]LogConfig: Setting CVar [[s.LevelStreamingComponentsUnregistrationGranularity:5]]
[2020.08.10-08.56.03:016][  0]LogConfig: Setting CVar [[s.FlushStreamingOnExit:1]]
[2020.08.10-08.56.03:017][  0]LogConfig: Applying CVar settings from Section [/Script/Engine.GarbageCollectionSettings] File [C:/WYProject/MultiThreadSC/Saved/Config/Windows/Engine.ini]
[2020.08.10-08.56.03:017][  0]LogConfig: Setting CVar [[gc.MaxObjectsNotConsideredByGC:1]]
[2020.08.10-08.56.03:019][  0]LogConfig: Setting CVar [[gc.SizeOfPermanentObjectPool:0]]
[2020.08.10-08.56.03:019][  0]LogConfig: Setting CVar [[gc.FlushStreamingOnGC:0]]
[2020.08.10-08.56.03:020][  0]LogConfig: Setting CVar [[gc.NumRetriesBeforeForcingGC:10]]
[2020.08.10-08.56.03:021][  0]LogConfig: Setting CVar [[gc.AllowParallelGC:1]]
[2020.08.10-08.56.03:022][  0]LogConfig: Setting CVar [[gc.TimeBetweenPurgingPendingKillObjects:61.1]]
[2020.08.10-08.56.03:022][  0]LogConfig: Setting CVar [[gc.MaxObjectsInEditor:25165824]]
[2020.08.10-08.56.03:023][  0]LogConfig: Setting CVar [[gc.IncrementalBeginDestroyEnabled:1]]
[2020.08.10-08.56.03:023][  0]LogConfig: Setting CVar [[gc.CreateGCClusters:1]]
[2020.08.10-08.56.03:024][  0]LogConfig: Setting CVar [[gc.MinGCClusterSize:5]]
[2020.08.10-08.56.03:024][  0]LogConfig: Setting CVar [[gc.ActorClusteringEnabled:0]]
[2020.08.10-08.56.03:025][  0]LogConfig: Setting CVar [[gc.BlueprintClusteringEnabled:0]]
[2020.08.10-08.56.03:025][  0]LogConfig: Setting CVar [[gc.UseDisregardForGCOnDedicatedServers:0]]
[2020.08.10-08.56.03:026][  0]LogConfig: Applying CVar settings from Section [/Script/Engine.NetworkSettings] File [C:/WYProject/MultiThreadSC/Saved/Config/Windows/Engine.ini]
[2020.08.10-08.56.03:026][  0]LogConfig: Applying CVar settings from Section [/Script/UnrealEd.CookerSettings] File [C:/WYProject/MultiThreadSC/Saved/Config/Windows/Engine.ini]
[2020.08.10-08.56.03:028][  0]LogConfig: Applying CVar settings from Section [ViewDistanceQuality@3] File [C:/WYProject/MultiThreadSC/Saved/Config/Windows/Scalability.ini]
[2020.08.10-08.56.03:029][  0]LogConfig: Setting CVar [[r.SkeletalMeshLODBias:0]]
[2020.08.10-08.56.03:029][  0]LogConfig: Setting CVar [[r.ViewDistanceScale:1.0]]
[2020.08.10-08.56.03:030][  0]LogConfig: Applying CVar settings from Section [AntiAliasingQuality@3] File [C:/WYProject/MultiThreadSC/Saved/Config/Windows/Scalability.ini]
[2020.08.10-08.56.03:031][  0]LogConfig: Setting CVar [[r.PostProcessAAQuality:4]]
[2020.08.10-08.56.03:031][  0]LogConfig: Applying CVar settings from Section [ShadowQuality@3] File [C:/WYProject/MultiThreadSC/Saved/Config/Windows/Scalability.ini]
[2020.08.10-08.56.03:032][  0]LogConfig: Setting CVar [[r.LightFunctionQuality:1]]
[2020.08.10-08.56.03:033][  0]LogConfig: Setting CVar [[r.ShadowQuality:5]]
[2020.08.10-08.56.03:033][  0]LogConfig: Setting CVar [[r.Shadow.CSM.MaxCascades:10]]
[2020.08.10-08.56.03:034][  0]LogConfig: Setting CVar [[r.Shadow.MaxResolution:2048]]
[2020.08.10-08.56.03:034][  0]LogConfig: Setting CVar [[r.Shadow.MaxCSMResolution:2048]]
[2020.08.10-08.56.03:035][  0]LogConfig: Setting CVar [[r.Shadow.RadiusThreshold:0.01]]
[2020.08.10-08.56.03:036][  0]LogConfig: Setting CVar [[r.Shadow.DistanceScale:1.0]]
[2020.08.10-08.56.03:037][  0]LogConfig: Setting CVar [[r.Shadow.CSM.TransitionScale:1.0]]
[2020.08.10-08.56.03:037][  0]LogConfig: Setting CVar [[r.Shadow.PreShadowResolutionFactor:1.0]]
[2020.08.10-08.56.03:037][  0]LogConfig: Setting CVar [[r.DistanceFieldShadowing:1]]
[2020.08.10-08.56.03:037][  0]LogConfig: Setting CVar [[r.DistanceFieldAO:1]]
[2020.08.10-08.56.03:037][  0]LogConfig: Setting CVar [[r.AOQuality:2]]
[2020.08.10-08.56.03:039][  0]LogConfig: Setting CVar [[r.VolumetricFog:1]]
[2020.08.10-08.56.03:039][  0]LogConfig: Setting CVar [[r.VolumetricFog.GridPixelSize:8]]
[2020.08.10-08.56.03:040][  0]LogConfig: Setting CVar [[r.VolumetricFog.GridSizeZ:128]]
[2020.08.10-08.56.03:040][  0]LogConfig: Setting CVar [[r.VolumetricFog.HistoryMissSupersampleCount:4]]
[2020.08.10-08.56.03:041][  0]LogConfig: Setting CVar [[r.LightMaxDrawDistanceScale:1]]
[2020.08.10-08.56.03:041][  0]LogConfig: Setting CVar [[r.CapsuleShadows:1]]
[2020.08.10-08.56.03:042][  0]LogConfig: Applying CVar settings from Section [PostProcessQuality@3] File [C:/WYProject/MultiThreadSC/Saved/Config/Windows/Scalability.ini]
[2020.08.10-08.56.03:042][  0]LogConfig: Setting CVar [[r.MotionBlurQuality:4]]
[2020.08.10-08.56.03:043][  0]LogConfig: Setting CVar [[r.AmbientOcclusionMipLevelFactor:0.4]]
[2020.08.10-08.56.03:043][  0]LogConfig: Setting CVar [[r.AmbientOcclusionMaxQuality:100]]
[2020.08.10-08.56.03:044][  0]LogConfig: Setting CVar [[r.AmbientOcclusionLevels:-1]]
[2020.08.10-08.56.03:046][  0]LogConfig: Setting CVar [[r.AmbientOcclusionRadiusScale:1.0]]
[2020.08.10-08.56.03:046][  0]LogConfig: Setting CVar [[r.DepthOfFieldQuality:2]]
[2020.08.10-08.56.03:047][  0]LogConfig: Setting CVar [[r.RenderTargetPoolMin:400]]
[2020.08.10-08.56.03:047][  0]LogConfig: Setting CVar [[r.LensFlareQuality:2]]
[2020.08.10-08.56.03:048][  0]LogConfig: Setting CVar [[r.SceneColorFringeQuality:1]]
[2020.08.10-08.56.03:048][  0]LogConfig: Setting CVar [[r.EyeAdaptationQuality:2]]
[2020.08.10-08.56.03:049][  0]LogConfig: Setting CVar [[r.BloomQuality:5]]
[2020.08.10-08.56.03:049][  0]LogConfig: Setting CVar [[r.FastBlurThreshold:100]]
[2020.08.10-08.56.03:049][  0]LogConfig: Setting CVar [[r.Upscale.Quality:3]]
[2020.08.10-08.56.03:050][  0]LogConfig: Setting CVar [[r.Tonemapper.GrainQuantization:1]]
[2020.08.10-08.56.03:050][  0]LogConfig: Setting CVar [[r.LightShaftQuality:1]]
[2020.08.10-08.56.03:051][  0]LogConfig: Setting CVar [[r.Filter.SizeScale:1]]
[2020.08.10-08.56.03:051][  0]LogConfig: Setting CVar [[r.Tonemapper.Quality:5]]
[2020.08.10-08.56.03:052][  0]LogConfig: Setting CVar [[r.DOF.Gather.AccumulatorQuality:1        ; higher gathering accumulator quality]]
[2020.08.10-08.56.03:053][  0]LogConfig: Setting CVar [[r.DOF.Gather.PostfilterMethod:1          ; Median3x3 postfilering method]]
[2020.08.10-08.56.03:053][  0]LogConfig: Setting CVar [[r.DOF.Gather.EnableBokehSettings:0       ; no bokeh simulation when gathering]]
[2020.08.10-08.56.03:054][  0]LogConfig: Setting CVar [[r.DOF.Gather.RingCount:4                 ; medium number of samples when gathering]]
[2020.08.10-08.56.03:055][  0]LogConfig: Setting CVar [[r.DOF.Scatter.ForegroundCompositing:1    ; additive foreground scattering]]
[2020.08.10-08.56.03:055][  0]LogConfig: Setting CVar [[r.DOF.Scatter.BackgroundCompositing:2    ; additive background scattering]]
[2020.08.10-08.56.03:056][  0]LogConfig: Setting CVar [[r.DOF.Scatter.EnableBokehSettings:1      ; bokeh simulation when scattering]]
[2020.08.10-08.56.03:057][  0]LogConfig: Setting CVar [[r.DOF.Scatter.MaxSpriteRatio:0.1         ; only a maximum of 10% of scattered bokeh]]
[2020.08.10-08.56.03:057][  0]LogConfig: Setting CVar [[r.DOF.Recombine.Quality:1                ; cheap slight out of focus]]
[2020.08.10-08.56.03:058][  0]LogConfig: Setting CVar [[r.DOF.Recombine.EnableBokehSettings:0    ; no bokeh simulation on slight out of focus]]
[2020.08.10-08.56.03:058][  0]LogConfig: Setting CVar [[r.DOF.TemporalAAQuality:1                ; more stable temporal accumulation]]
[2020.08.10-08.56.03:059][  0]LogConfig: Setting CVar [[r.DOF.Kernel.MaxForegroundRadius:0.025]]
[2020.08.10-08.56.03:059][  0]LogConfig: Setting CVar [[r.DOF.Kernel.MaxBackgroundRadius:0.025]]
[2020.08.10-08.56.03:060][  0]LogConfig: Applying CVar settings from Section [TextureQuality@3] File [C:/WYProject/MultiThreadSC/Saved/Config/Windows/Scalability.ini]
[2020.08.10-08.56.03:061][  0]LogConfig: Setting CVar [[r.Streaming.MipBias:0]]
[2020.08.10-08.56.03:062][  0]LogConfig: Setting CVar [[r.Streaming.AmortizeCPUToGPUCopy:0]]
[2020.08.10-08.56.03:062][  0]LogConfig: Setting CVar [[r.Streaming.MaxNumTexturesToStreamPerFrame:0]]
[2020.08.10-08.56.03:063][  0]LogConfig: Setting CVar [[r.Streaming.Boost:1]]
[2020.08.10-08.56.03:063][  0]LogConfig: Setting CVar [[r.MaxAnisotropy:8]]
[2020.08.10-08.56.03:064][  0]LogConfig: Setting CVar [[r.VT.MaxAnisotropy:8]]
[2020.08.10-08.56.03:064][  0]LogConfig: Setting CVar [[r.Streaming.LimitPoolSizeToVRAM:0]]
[2020.08.10-08.56.03:065][  0]LogConfig: Setting CVar [[r.Streaming.PoolSize:1000]]
[2020.08.10-08.56.03:067][  0]LogConfig: Setting CVar [[r.Streaming.MaxEffectiveScreenSize:0]]
[2020.08.10-08.56.03:067][  0]LogConfig: Applying CVar settings from Section [EffectsQuality@3] File [C:/WYProject/MultiThreadSC/Saved/Config/Windows/Scalability.ini]
[2020.08.10-08.56.03:068][  0]LogConfig: Setting CVar [[r.TranslucencyLightingVolumeDim:64]]
[2020.08.10-08.56.03:068][  0]LogConfig: Setting CVar [[r.RefractionQuality:2]]
[2020.08.10-08.56.03:069][  0]LogConfig: Setting CVar [[r.SSR.Quality:3]]
[2020.08.10-08.56.03:069][  0]LogConfig: Setting CVar [[r.SSR.HalfResSceneColor:0]]
[2020.08.10-08.56.03:070][  0]LogConfig: Setting CVar [[r.SceneColorFormat:4]]
[2020.08.10-08.56.03:070][  0]LogConfig: Setting CVar [[r.DetailMode:2]]
[2020.08.10-08.56.03:071][  0]LogConfig: Setting CVar [[r.TranslucencyVolumeBlur:1]]
[2020.08.10-08.56.03:071][  0]LogConfig: Setting CVar [[r.MaterialQualityLevel:1 ; High quality]]
[2020.08.10-08.56.03:072][  0]LogConfig: Setting CVar [[r.SSS.Scale:1]]
[2020.08.10-08.56.03:073][  0]LogConfig: Setting CVar [[r.SSS.SampleSet:2]]
[2020.08.10-08.56.03:073][  0]LogConfig: Setting CVar [[r.SSS.Quality:1]]
[2020.08.10-08.56.03:074][  0]LogConfig: Setting CVar [[r.SSS.HalfRes:0]]
[2020.08.10-08.56.03:074][  0]LogConfig: Setting CVar [[r.SSGI.Quality:3]]
[2020.08.10-08.56.03:075][  0]LogConfig: Setting CVar [[r.EmitterSpawnRateScale:1.0]]
[2020.08.10-08.56.03:075][  0]LogConfig: Setting CVar [[r.ParticleLightQuality:2]]
[2020.08.10-08.56.03:076][  0]LogConfig: Setting CVar [[r.SkyAtmosphere.AerialPerspectiveLUT.FastApplyOnOpaque:1 ; Always have FastSkyLUT 1 in this case to avoid wrong sky]]
[2020.08.10-08.56.03:077][  0]LogConfig: Setting CVar [[r.SkyAtmosphere.AerialPerspectiveLUT.SampleCountPerSlice:1]]
[2020.08.10-08.56.03:077][  0]LogConfig: Setting CVar [[r.SkyAtmosphere.AerialPerspectiveLUT.DepthResolution:16.0]]
[2020.08.10-08.56.03:078][  0]LogConfig: Setting CVar [[r.SkyAtmosphere.FastSkyLUT:1]]
[2020.08.10-08.56.03:079][  0]LogConfig: Setting CVar [[r.SkyAtmosphere.FastSkyLUT.SampleCountMin:4.0]]
[2020.08.10-08.56.03:079][  0]LogConfig: Setting CVar [[r.SkyAtmosphere.FastSkyLUT.SampleCountMax:32.0]]
[2020.08.10-08.56.03:079][  0]LogConfig: Setting CVar [[r.SkyAtmosphere.SampleCountMin:4.0]]
[2020.08.10-08.56.03:080][  0]LogConfig: Setting CVar [[r.SkyAtmosphere.SampleCountMax:32.0]]
[2020.08.10-08.56.03:080][  0]LogConfig: Setting CVar [[r.SkyAtmosphere.TransmittanceLUT.UseSmallFormat:0]]
[2020.08.10-08.56.03:081][  0]LogConfig: Setting CVar [[r.SkyAtmosphere.TransmittanceLUT.SampleCount:10.0]]
[2020.08.10-08.56.03:081][  0]LogConfig: Setting CVar [[r.SkyAtmosphere.MultiScatteringLUT.SampleCount:15.0]]
[2020.08.10-08.56.03:083][  0]LogConfig: Applying CVar settings from Section [FoliageQuality@3] File [C:/WYProject/MultiThreadSC/Saved/Config/Windows/Scalability.ini]
[2020.08.10-08.56.03:083][  0]LogConfig: Setting CVar [[foliage.DensityScale:1.0]]
[2020.08.10-08.56.03:084][  0]LogConfig: Setting CVar [[grass.DensityScale:1.0]]
[2020.08.10-08.56.03:084][  0]LogConfig: Applying CVar settings from Section [ShadingQuality@3] File [C:/WYProject/MultiThreadSC/Saved/Config/Windows/Scalability.ini]
[2020.08.10-08.56.03:085][  0]LogConfig: Setting CVar [[r.HairStrands.SkyLighting.SampleCount:16]]
[2020.08.10-08.56.03:085][  0]LogConfig: Setting CVar [[r.HairStrands.SkyLighting.JitterIntegration:0]]
[2020.08.10-08.56.03:086][  0]LogConfig: Setting CVar [[r.HairStrands.SkyAO.SampleCount:16]]
[2020.08.10-08.56.03:086][  0]LogConfig: Setting CVar [[r.HairStrands.DeepShadow.SuperSampling:0]]
[2020.08.10-08.56.03:087][  0]LogConfig: Setting CVar [[r.HairStrands.VisibilityPPLL:0]]
[2020.08.10-08.56.03:087][  0]LogConfig: Setting CVar [[r.HairStrands.RasterizationScale:0.5]]
[2020.08.10-08.56.03:088][  0]LogConfig: Setting CVar [[r.HairStrands.VelocityRasterizationScale:1]]
[2020.08.10-08.56.03:089][  0]LogInit: Selected Device Profile: [Windows]
[2020.08.10-08.56.03:089][  0]LogInit: Applying CVar settings loaded from the selected device profile: [Windows]
[2020.08.10-08.56.03:090][  0]LogHAL: Display: Platform has ~ 16 GB [17062805504 / 17179869184 / 16], which maps to Larger [LargestMinGB=32, LargerMinGB=12, DefaultMinGB=8, SmallerMinGB=6, SmallestMinGB=0)
[2020.08.10-08.56.03:090][  0]LogInit: Going up to parent DeviceProfile []
[2020.08.10-08.56.03:092][  0]LogConfig: Applying CVar settings from Section [ViewDistanceQuality@3] File [C:/WYProject/MultiThreadSC/Saved/Config/Windows/Scalability.ini]
[2020.08.10-08.56.03:092][  0]LogConfig: Setting CVar [[r.SkeletalMeshLODBias:0]]
[2020.08.10-08.56.03:093][  0]LogConfig: Setting CVar [[r.ViewDistanceScale:1.0]]
[2020.08.10-08.56.03:094][  0]LogConfig: Applying CVar settings from Section [AntiAliasingQuality@3] File [C:/WYProject/MultiThreadSC/Saved/Config/Windows/Scalability.ini]
[2020.08.10-08.56.03:094][  0]LogConfig: Setting CVar [[r.PostProcessAAQuality:4]]
[2020.08.10-08.56.03:094][  0]LogConfig: Applying CVar settings from Section [ShadowQuality@3] File [C:/WYProject/MultiThreadSC/Saved/Config/Windows/Scalability.ini]
[2020.08.10-08.56.03:096][  0]LogConfig: Setting CVar [[r.LightFunctionQuality:1]]
[2020.08.10-08.56.03:096][  0]LogConfig: Setting CVar [[r.ShadowQuality:5]]
[2020.08.10-08.56.03:097][  0]LogConfig: Setting CVar [[r.Shadow.CSM.MaxCascades:10]]
[2020.08.10-08.56.03:097][  0]LogConfig: Setting CVar [[r.Shadow.MaxResolution:2048]]
[2020.08.10-08.56.03:098][  0]LogConfig: Setting CVar [[r.Shadow.MaxCSMResolution:2048]]
[2020.08.10-08.56.03:099][  0]LogConfig: Setting CVar [[r.Shadow.RadiusThreshold:0.01]]
[2020.08.10-08.56.03:099][  0]LogConfig: Setting CVar [[r.Shadow.DistanceScale:1.0]]
[2020.08.10-08.56.03:100][  0]LogConfig: Setting CVar [[r.Shadow.CSM.TransitionScale:1.0]]
[2020.08.10-08.56.03:101][  0]LogConfig: Setting CVar [[r.Shadow.PreShadowResolutionFactor:1.0]]
[2020.08.10-08.56.03:102][  0]LogConfig: Setting CVar [[r.DistanceFieldShadowing:1]]
[2020.08.10-08.56.03:102][  0]LogConfig: Setting CVar [[r.DistanceFieldAO:1]]
[2020.08.10-08.56.03:103][  0]LogConfig: Setting CVar [[r.AOQuality:2]]
[2020.08.10-08.56.03:103][  0]LogConfig: Setting CVar [[r.VolumetricFog:1]]
[2020.08.10-08.56.03:104][  0]LogConfig: Setting CVar [[r.VolumetricFog.GridPixelSize:8]]
[2020.08.10-08.56.03:104][  0]LogConfig: Setting CVar [[r.VolumetricFog.GridSizeZ:128]]
[2020.08.10-08.56.03:105][  0]LogConfig: Setting CVar [[r.VolumetricFog.HistoryMissSupersampleCount:4]]
[2020.08.10-08.56.03:106][  0]LogConfig: Setting CVar [[r.LightMaxDrawDistanceScale:1]]
[2020.08.10-08.56.03:106][  0]LogConfig: Setting CVar [[r.CapsuleShadows:1]]
[2020.08.10-08.56.03:107][  0]LogConfig: Applying CVar settings from Section [PostProcessQuality@3] File [C:/WYProject/MultiThreadSC/Saved/Config/Windows/Scalability.ini]
[2020.08.10-08.56.03:107][  0]LogConfig: Setting CVar [[r.MotionBlurQuality:4]]
[2020.08.10-08.56.03:108][  0]LogConfig: Setting CVar [[r.AmbientOcclusionMipLevelFactor:0.4]]
[2020.08.10-08.56.03:109][  0]LogConfig: Setting CVar [[r.AmbientOcclusionMaxQuality:100]]
[2020.08.10-08.56.03:109][  0]LogConfig: Setting CVar [[r.AmbientOcclusionLevels:-1]]
[2020.08.10-08.56.03:110][  0]LogConfig: Setting CVar [[r.AmbientOcclusionRadiusScale:1.0]]
[2020.08.10-08.56.03:112][  0]LogConfig: Setting CVar [[r.DepthOfFieldQuality:2]]
[2020.08.10-08.56.03:113][  0]LogConfig: Setting CVar [[r.RenderTargetPoolMin:400]]
[2020.08.10-08.56.03:113][  0]LogConfig: Setting CVar [[r.LensFlareQuality:2]]
[2020.08.10-08.56.03:114][  0]LogConfig: Setting CVar [[r.SceneColorFringeQuality:1]]
[2020.08.10-08.56.03:114][  0]LogConfig: Setting CVar [[r.EyeAdaptationQuality:2]]
[2020.08.10-08.56.03:115][  0]LogConfig: Setting CVar [[r.BloomQuality:5]]
[2020.08.10-08.56.03:115][  0]LogConfig: Setting CVar [[r.FastBlurThreshold:100]]
[2020.08.10-08.56.03:116][  0]LogConfig: Setting CVar [[r.Upscale.Quality:3]]
[2020.08.10-08.56.03:116][  0]LogConfig: Setting CVar [[r.Tonemapper.GrainQuantization:1]]
[2020.08.10-08.56.03:117][  0]LogConfig: Setting CVar [[r.LightShaftQuality:1]]
[2020.08.10-08.56.03:117][  0]LogConfig: Setting CVar [[r.Filter.SizeScale:1]]
[2020.08.10-08.56.03:118][  0]LogConfig: Setting CVar [[r.Tonemapper.Quality:5]]
[2020.08.10-08.56.03:119][  0]LogConfig: Setting CVar [[r.DOF.Gather.AccumulatorQuality:1        ; higher gathering accumulator quality]]
[2020.08.10-08.56.03:119][  0]LogConfig: Setting CVar [[r.DOF.Gather.PostfilterMethod:1          ; Median3x3 postfilering method]]
[2020.08.10-08.56.03:120][  0]LogConfig: Setting CVar [[r.DOF.Gather.EnableBokehSettings:0       ; no bokeh simulation when gathering]]
[2020.08.10-08.56.03:121][  0]LogConfig: Setting CVar [[r.DOF.Gather.RingCount:4                 ; medium number of samples when gathering]]
[2020.08.10-08.56.03:121][  0]LogConfig: Setting CVar [[r.DOF.Scatter.ForegroundCompositing:1    ; additive foreground scattering]]
[2020.08.10-08.56.03:121][  0]LogConfig: Setting CVar [[r.DOF.Scatter.BackgroundCompositing:2    ; additive background scattering]]
[2020.08.10-08.56.03:122][  0]LogConfig: Setting CVar [[r.DOF.Scatter.EnableBokehSettings:1      ; bokeh simulation when scattering]]
[2020.08.10-08.56.03:122][  0]LogConfig: Setting CVar [[r.DOF.Scatter.MaxSpriteRatio:0.1         ; only a maximum of 10% of scattered bokeh]]
[2020.08.10-08.56.03:122][  0]LogConfig: Setting CVar [[r.DOF.Recombine.Quality:1                ; cheap slight out of focus]]
[2020.08.10-08.56.03:122][  0]LogConfig: Setting CVar [[r.DOF.Recombine.EnableBokehSettings:0    ; no bokeh simulation on slight out of focus]]
[2020.08.10-08.56.03:123][  0]LogConfig: Setting CVar [[r.DOF.TemporalAAQuality:1                ; more stable temporal accumulation]]
[2020.08.10-08.56.03:124][  0]LogConfig: Setting CVar [[r.DOF.Kernel.MaxForegroundRadius:0.025]]
[2020.08.10-08.56.03:124][  0]LogConfig: Setting CVar [[r.DOF.Kernel.MaxBackgroundRadius:0.025]]
[2020.08.10-08.56.03:125][  0]LogConfig: Applying CVar settings from Section [TextureQuality@3] File [C:/WYProject/MultiThreadSC/Saved/Config/Windows/Scalability.ini]
[2020.08.10-08.56.03:125][  0]LogConfig: Setting CVar [[r.Streaming.MipBias:0]]
[2020.08.10-08.56.03:126][  0]LogConfig: Setting CVar [[r.Streaming.AmortizeCPUToGPUCopy:0]]
[2020.08.10-08.56.03:127][  0]LogConfig: Setting CVar [[r.Streaming.MaxNumTexturesToStreamPerFrame:0]]
[2020.08.10-08.56.03:127][  0]LogConfig: Setting CVar [[r.Streaming.Boost:1]]
[2020.08.10-08.56.03:128][  0]LogConfig: Setting CVar [[r.MaxAnisotropy:8]]
[2020.08.10-08.56.03:128][  0]LogConfig: Setting CVar [[r.VT.MaxAnisotropy:8]]
[2020.08.10-08.56.03:129][  0]LogConfig: Setting CVar [[r.Streaming.LimitPoolSizeToVRAM:0]]
[2020.08.10-08.56.03:130][  0]LogConfig: Setting CVar [[r.Streaming.PoolSize:1000]]
[2020.08.10-08.56.03:130][  0]LogConfig: Setting CVar [[r.Streaming.MaxEffectiveScreenSize:0]]
[2020.08.10-08.56.03:130][  0]LogConfig: Applying CVar settings from Section [EffectsQuality@3] File [C:/WYProject/MultiThreadSC/Saved/Config/Windows/Scalability.ini]
[2020.08.10-08.56.03:130][  0]LogConfig: Setting CVar [[r.TranslucencyLightingVolumeDim:64]]
[2020.08.10-08.56.03:130][  0]LogConfig: Setting CVar [[r.RefractionQuality:2]]
[2020.08.10-08.56.03:130][  0]LogConfig: Setting CVar [[r.SSR.Quality:3]]
[2020.08.10-08.56.03:130][  0]LogConfig: Setting CVar [[r.SSR.HalfResSceneColor:0]]
[2020.08.10-08.56.03:130][  0]LogConfig: Setting CVar [[r.SceneColorFormat:4]]
[2020.08.10-08.56.03:131][  0]LogConfig: Setting CVar [[r.DetailMode:2]]
[2020.08.10-08.56.03:131][  0]LogConfig: Setting CVar [[r.TranslucencyVolumeBlur:1]]
[2020.08.10-08.56.03:131][  0]LogConfig: Setting CVar [[r.MaterialQualityLevel:1 ; High quality]]
[2020.08.10-08.56.03:131][  0]LogConfig: Setting CVar [[r.SSS.Scale:1]]
[2020.08.10-08.56.03:131][  0]LogConfig: Setting CVar [[r.SSS.SampleSet:2]]
[2020.08.10-08.56.03:131][  0]LogConfig: Setting CVar [[r.SSS.Quality:1]]
[2020.08.10-08.56.03:131][  0]LogConfig: Setting CVar [[r.SSS.HalfRes:0]]
[2020.08.10-08.56.03:131][  0]LogConfig: Setting CVar [[r.SSGI.Quality:3]]
[2020.08.10-08.56.03:131][  0]LogConfig: Setting CVar [[r.EmitterSpawnRateScale:1.0]]
[2020.08.10-08.56.03:131][  0]LogConfig: Setting CVar [[r.ParticleLightQuality:2]]
[2020.08.10-08.56.03:132][  0]LogConfig: Setting CVar [[r.SkyAtmosphere.AerialPerspectiveLUT.FastApplyOnOpaque:1 ; Always have FastSkyLUT 1 in this case to avoid wrong sky]]
[2020.08.10-08.56.03:133][  0]LogConfig: Setting CVar [[r.SkyAtmosphere.AerialPerspectiveLUT.SampleCountPerSlice:1]]
[2020.08.10-08.56.03:133][  0]LogConfig: Setting CVar [[r.SkyAtmosphere.AerialPerspectiveLUT.DepthResolution:16.0]]
[2020.08.10-08.56.03:134][  0]LogConfig: Setting CVar [[r.SkyAtmosphere.FastSkyLUT:1]]
[2020.08.10-08.56.03:134][  0]LogConfig: Setting CVar [[r.SkyAtmosphere.FastSkyLUT.SampleCountMin:4.0]]
[2020.08.10-08.56.03:135][  0]LogConfig: Setting CVar [[r.SkyAtmosphere.FastSkyLUT.SampleCountMax:32.0]]
[2020.08.10-08.56.03:135][  0]LogConfig: Setting CVar [[r.SkyAtmosphere.SampleCountMin:4.0]]
[2020.08.10-08.56.03:136][  0]LogConfig: Setting CVar [[r.SkyAtmosphere.SampleCountMax:32.0]]
[2020.08.10-08.56.03:136][  0]LogConfig: Setting CVar [[r.SkyAtmosphere.TransmittanceLUT.UseSmallFormat:0]]
[2020.08.10-08.56.03:137][  0]LogConfig: Setting CVar [[r.SkyAtmosphere.TransmittanceLUT.SampleCount:10.0]]
[2020.08.10-08.56.03:137][  0]LogConfig: Setting CVar [[r.SkyAtmosphere.MultiScatteringLUT.SampleCount:15.0]]
[2020.08.10-08.56.03:138][  0]LogConfig: Applying CVar settings from Section [FoliageQuality@3] File [C:/WYProject/MultiThreadSC/Saved/Config/Windows/Scalability.ini]
[2020.08.10-08.56.03:139][  0]LogConfig: Setting CVar [[foliage.DensityScale:1.0]]
[2020.08.10-08.56.03:140][  0]LogConfig: Setting CVar [[grass.DensityScale:1.0]]
[2020.08.10-08.56.03:140][  0]LogConfig: Applying CVar settings from Section [ShadingQuality@3] File [C:/WYProject/MultiThreadSC/Saved/Config/Windows/Scalability.ini]
[2020.08.10-08.56.03:140][  0]LogConfig: Setting CVar [[r.HairStrands.SkyLighting.SampleCount:16]]
[2020.08.10-08.56.03:140][  0]LogConfig: Setting CVar [[r.HairStrands.SkyLighting.JitterIntegration:0]]
[2020.08.10-08.56.03:140][  0]LogConfig: Setting CVar [[r.HairStrands.SkyAO.SampleCount:16]]
[2020.08.10-08.56.03:140][  0]LogConfig: Setting CVar [[r.HairStrands.DeepShadow.SuperSampling:0]]
[2020.08.10-08.56.03:140][  0]LogConfig: Setting CVar [[r.HairStrands.VisibilityPPLL:0]]
[2020.08.10-08.56.03:141][  0]LogConfig: Setting CVar [[r.HairStrands.RasterizationScale:0.5]]
[2020.08.10-08.56.03:141][  0]LogConfig: Setting CVar [[r.HairStrands.VelocityRasterizationScale:1]]
[2020.08.10-08.56.03:141][  0]LogConfig: Applying CVar settings from Section [Startup] File [../../../Engine/Config/ConsoleVariables.ini]
[2020.08.10-08.56.03:141][  0]LogConfig: Setting CVar [[net.UseAdaptiveNetUpdateFrequency:0]]
[2020.08.10-08.56.03:141][  0]LogConfig: Setting CVar [[p.chaos.AllowCreatePhysxBodies:1]]
[2020.08.10-08.56.03:141][  0]LogConfig: Setting CVar [[fx.SkipVectorVMBackendOptimizations:1]]
[2020.08.10-08.56.03:141][  0]LogConfig: Applying CVar settings from Section [ConsoleVariables] File [C:/WYProject/MultiThreadSC/Saved/Config/Windows/Engine.ini]
[2020.08.10-08.56.03:141][  0]LogInit: Computer: v_iwyuewan-PC0
[2020.08.10-08.56.03:141][  0]LogInit: User: viwyuewang
[2020.08.10-08.56.03:141][  0]LogInit: CPU Page size=4096, Cores=4
[2020.08.10-08.56.03:141][  0]LogInit: High frequency timer resolution =3.515630 MHz
[2020.08.10-08.56.03:141][  0]LogMemory: Memory total: Physical=15.9GB (16GB approx)
[2020.08.10-08.56.03:141][  0]LogMemory: Platform Memory Stats for Windows
[2020.08.10-08.56.03:141][  0]LogMemory: Process Physical Memory: 114.64 MB used, 114.64 MB peak
[2020.08.10-08.56.03:141][  0]LogMemory: Process Virtual Memory: 95.80 MB used, 95.80 MB peak
[2020.08.10-08.56.03:141][  0]LogMemory: Physical Memory: 4755.86 MB used,  11516.50 MB free, 16272.36 MB total
[2020.08.10-08.56.03:141][  0]LogMemory: Virtual Memory: 1006.13 MB used,  134216720.00 MB free, 134217728.00 MB total
[2020.08.10-08.56.03:178][  0]LogWindows: WindowsPlatformFeatures disabled or dedicated server build
[2020.08.10-08.56.03:304][  0]LogInit: Physics initialised using underlying interface: PhysX
[2020.08.10-08.56.03:304][  0]LogInit: Using OS detected language (zh-CN).
[2020.08.10-08.56.03:306][  0]LogInit: Using OS detected locale (zh-CN).
[2020.08.10-08.56.03:311][  0]LogTextLocalizationManager: No specific localization for 'zh-CN' exists, so the 'zh-Hans' localization will be used.
[2020.08.10-08.56.03:404][  0]LogTextLocalizationResource: LocRes '../../../Engine/Content/Localization/Editor/zh/Editor.locres' could not be opened for reading!
[2020.08.10-08.56.03:405][  0]LogTextLocalizationResource: LocRes '../../../Engine/Content/Localization/EditorTutorials/zh/EditorTutorials.locres' could not be opened for reading!
[2020.08.10-08.56.03:406][  0]LogTextLocalizationResource: LocRes '../../../Engine/Content/Localization/Keywords/zh/Keywords.locres' could not be opened for reading!
[2020.08.10-08.56.03:406][  0]LogTextLocalizationResource: LocRes '../../../Engine/Content/Localization/Category/zh/Category.locres' could not be opened for reading!
[2020.08.10-08.56.03:407][  0]LogTextLocalizationResource: LocRes '../../../Engine/Content/Localization/ToolTips/zh/ToolTips.locres' could not be opened for reading!
[2020.08.10-08.56.03:407][  0]LogTextLocalizationResource: LocRes '../../../Engine/Content/Localization/PropertyNames/zh/PropertyNames.locres' could not be opened for reading!
[2020.08.10-08.56.03:408][  0]LogTextLocalizationResource: LocRes '../../../Engine/Content/Localization/Engine/zh/Engine.locres' could not be opened for reading!
[2020.08.10-08.56.03:409][  0]LogTextLocalizationResource: LocRes '../../../Engine/Plugins/Online/Android/OnlineSubsystemGooglePlay/Content/Localization/OnlineSubsystemGooglePlay/zh/OnlineSubsystemGooglePlay.locres' could not be opened for reading!
[2020.08.10-08.56.03:410][  0]LogTextLocalizationResource: LocRes '../../../Engine/Plugins/Online/IOS/OnlineSubsystemIOS/Content/Localization/OnlineSubsystemIOS/zh/OnlineSubsystemIOS.locres' could not be opened for reading!
[2020.08.10-08.56.03:411][  0]LogTextLocalizationResource: LocRes '../../../Engine/Plugins/Online/OnlineSubsystem/Content/Localization/OnlineSubsystem/zh/OnlineSubsystem.locres' could not be opened for reading!
[2020.08.10-08.56.03:411][  0]LogTextLocalizationResource: LocRes '../../../Engine/Plugins/Online/OnlineSubsystemUtils/Content/Localization/OnlineSubsystemUtils/zh/OnlineSubsystemUtils.locres' could not be opened for reading!
[2020.08.10-08.56.04:329][  0]LogTargetPlatformManager: Display: Loaded TargetPlatform 'AllDesktop'
[2020.08.10-08.56.04:351][  0]LogTargetPlatformManager: Display: Loaded TargetPlatform 'Android'
[2020.08.10-08.56.04:351][  0]LogTargetPlatformManager: Display: Loaded TargetPlatform 'Android_ASTC'
[2020.08.10-08.56.04:352][  0]LogTargetPlatformManager: Display: Loaded TargetPlatform 'Android_DXT'
[2020.08.10-08.56.04:353][  0]LogTargetPlatformManager: Display: Loaded TargetPlatform 'Android_ETC2'
[2020.08.10-08.56.04:353][  0]LogTargetPlatformManager: Display: Loaded TargetPlatform 'AndroidClient'
[2020.08.10-08.56.04:354][  0]LogTargetPlatformManager: Display: Loaded TargetPlatform 'Android_ASTCClient'
[2020.08.10-08.56.04:354][  0]LogTargetPlatformManager: Display: Loaded TargetPlatform 'Android_DXTClient'
[2020.08.10-08.56.04:355][  0]LogTargetPlatformManager: Display: Loaded TargetPlatform 'Android_ETC2Client'
[2020.08.10-08.56.04:355][  0]LogTargetPlatformManager: Display: Loaded TargetPlatform 'Android_Multi'
[2020.08.10-08.56.04:356][  0]LogTargetPlatformManager: Display: Loaded TargetPlatform 'Android_MultiClient'
[2020.08.10-08.56.04:387][  0]LogTargetPlatformManager: Display: Loaded TargetPlatform 'IOSClient'
[2020.08.10-08.56.04:387][  0]LogTargetPlatformManager: Display: Loaded TargetPlatform 'IOS'
[2020.08.10-08.56.04:400][  0]LogTargetPlatformManager: Display: Loaded TargetPlatform 'Linux'
[2020.08.10-08.56.04:412][  0]LogTargetPlatformManager: Display: Loaded TargetPlatform 'LinuxNoEditor'
[2020.08.10-08.56.04:424][  0]LogTargetPlatformManager: Display: Loaded TargetPlatform 'LinuxClient'
[2020.08.10-08.56.04:435][  0]LogTargetPlatformManager: Display: Loaded TargetPlatform 'LinuxServer'
[2020.08.10-08.56.04:448][  0]LogTargetPlatformManager: Display: Loaded TargetPlatform 'LinuxAArch64NoEditor'
[2020.08.10-08.56.04:462][  0]LogTargetPlatformManager: Display: Loaded TargetPlatform 'LinuxAArch64Client'
[2020.08.10-08.56.04:473][  0]LogTargetPlatformManager: Display: Loaded TargetPlatform 'LinuxAArch64Server'
[2020.08.10-08.56.04:503][  0]LogTargetPlatformManager: Display: Loaded TargetPlatform 'Lumin'
[2020.08.10-08.56.04:503][  0]LogTargetPlatformManager: Display: Loaded TargetPlatform 'LuminClient'
[2020.08.10-08.56.04:520][  0]LogTargetPlatformManager: Display: Loaded TargetPlatform 'TVOSClient'
[2020.08.10-08.56.04:520][  0]LogTargetPlatformManager: Display: Loaded TargetPlatform 'TVOS'
[2020.08.10-08.56.04:533][  0]LogTargetPlatformManager: Display: Loaded TargetPlatform 'WindowsNoEditor'
[2020.08.10-08.56.04:545][  0]LogTargetPlatformManager: Display: Loaded TargetPlatform 'Windows'
[2020.08.10-08.56.04:556][  0]LogTargetPlatformManager: Display: Loaded TargetPlatform 'WindowsClient'
[2020.08.10-08.56.04:568][  0]LogTargetPlatformManager: Display: Loaded TargetPlatform 'WindowsServer'
[2020.08.10-08.56.04:568][  0]LogTargetPlatformManager: Display: Building Assets For Windows
[2020.08.10-08.56.04:597][  0]LogAudioDebug: Display: Lib vorbis DLL was dynamically loaded.
[2020.08.10-08.56.04:795][  0]LogShaderCompilers: Guid format shader working directory is 13 characters bigger than the processId version (../../../../../WYProject/MultiThreadSC/Intermediate/Shaders/WorkingDirectory/11696/).
[2020.08.10-08.56.04:795][  0]LogShaderCompilers: Cleaned the shader compiler working directory 'C:/Users/v_iwyuewang/AppData/Local/Temp/UnrealShaderWorkingDir/4E03445348181FDE71587A9B5CC6F414/'.
[2020.08.10-08.56.04:797][  0]LogXGEController: Cannot use XGE Controller as Incredibuild is not installed on this machine.
[2020.08.10-08.56.04:798][  0]LogShaderCompilers: Cannot use XGE Shader Compiler as Incredibuild is not installed on this machine.
[2020.08.10-08.56.04:798][  0]LogShaderCompilers: Display: Using Local Shader Compiler.
[2020.08.10-08.56.05:227][  0]LogDerivedDataCache: Display: Max Cache Size: 512 MB
[2020.08.10-08.56.05:287][  0]LogDerivedDataCache: Loaded boot cache 0.06s 76MB C:/Users/v_iwyuewang/AppData/Local/UnrealEngine/4.25/DerivedDataCache/Boot.ddc.
[2020.08.10-08.56.05:288][  0]LogDerivedDataCache: Display: Loaded Boot cache: C:/Users/v_iwyuewang/AppData/Local/UnrealEngine/4.25/DerivedDataCache/Boot.ddc
[2020.08.10-08.56.05:288][  0]LogDerivedDataCache: FDerivedDataBackendGraph:  Pak pak cache file ../../../../../WYProject/MultiThreadSC/DerivedDataCache/DDC.ddp not found, will not use a pak cache.
[2020.08.10-08.56.05:289][  0]LogDerivedDataCache: Unable to find inner node Pak for hierarchical cache Hierarchy.
[2020.08.10-08.56.05:289][  0]LogDerivedDataCache: FDerivedDataBackendGraph:  CompressedPak pak cache file ../../../../../WYProject/MultiThreadSC/DerivedDataCache/Compressed.ddp not found, will not use a pak cache.
[2020.08.10-08.56.05:289][  0]LogDerivedDataCache: Unable to find inner node CompressedPak for hierarchical cache Hierarchy.
[2020.08.10-08.56.05:299][  0]LogDerivedDataCache: Display: Pak cache opened for reading ../../../Engine/DerivedDataCache/Compressed.ddp.
[2020.08.10-08.56.05:300][  0]LogDerivedDataCache: FDerivedDataBackendGraph:  EnterprisePak pak cache file ../../../Enterprise/DerivedDataCache/Compressed.ddp not found, will not use a pak cache.
[2020.08.10-08.56.05:300][  0]LogDerivedDataCache: Unable to find inner node EnterprisePak for hierarchical cache Hierarchy.
[2020.08.10-08.56.05:302][  0]LogDerivedDataCache: Using Local data cache path C:/Users/v_iwyuewang/AppData/Local/UnrealEngine/Common/DerivedDataCache: Writable
[2020.08.10-08.56.05:302][  0]LogDerivedDataCache: Shared data cache path not found in *engine.ini, will not use an Shared cache.
[2020.08.10-08.56.05:302][  0]LogDerivedDataCache: Unable to find inner node Shared for hierarchical cache Hierarchy.
[2020.08.10-08.56.05:307][  0]LogInit: Using OS detected language (zh-CN).
[2020.08.10-08.56.05:307][  0]LogInit: Using OS detected locale (zh-CN).
[2020.08.10-08.56.05:307][  0]LogTextLocalizationManager: No localization for 'zh-CN' exists, so 'en' will be used for the language.
[2020.08.10-08.56.05:307][  0]LogTextLocalizationManager: No localization for 'zh-CN' exists, so 'en' will be used for the locale.
[2020.08.10-08.56.05:309][  0]LogTextLocalizationManager: Compacting localization data took   0.00ms
[2020.08.10-08.56.05:312][  0]LogAssetRegistry: FAssetRegistry took 0.0015 seconds to start up
[2020.08.10-08.56.05:487][  0]LogPackageLocalizationCache: Processed 19 localized package path(s) for 1 prioritized culture(s) in 0.028620 seconds
[2020.08.10-08.56.05:531][  0]LogInit: Selected Device Profile: [Windows]
[2020.08.10-08.56.05:758][  0]LogMeshReduction: Using QuadricMeshReduction for automatic static mesh reduction
[2020.08.10-08.56.05:758][  0]LogMeshReduction: Using SimplygonMeshReduction for automatic skeletal mesh reduction
[2020.08.10-08.56.05:759][  0]LogMeshReduction: Using ProxyLODMeshReduction for automatic mesh merging
[2020.08.10-08.56.05:760][  0]LogMeshReduction: No distributed automatic mesh merging module available
[2020.08.10-08.56.05:763][  0]LogMeshMerging: No distributed automatic mesh merging module available
[2020.08.10-08.56.05:780][  0]LogNetVersion: MultiThreadSC 1.0.0, NetCL: 13144385, EngineNetVer: 14, GameNetVer: 0 (Checksum: 954989454)
[2020.08.10-08.56.05:872][  0]LogAISub: UAISubsystem::UAISubsystem AISubsystem (00000289AD0FDEC0), frame # 0
[2020.08.10-08.56.05:872][  0]LogAISub: UAISubsystem::UAISubsystem AIPerceptionSystem (00000289B0490F40), frame # 0
[2020.08.10-08.56.05:874][  0]LogAISub: UAISubsystem::UAISubsystem EnvQueryManager (00000289B0477400), frame # 0
[2020.08.10-08.56.06:073][  0]LogCollectionManager: Loaded 0 collections in 0.001192 seconds
[2020.08.10-08.56.06:076][  0]LogFileCache: Scanning file cache for directory 'C:/WYProject/MultiThreadSC/Saved/Collections/' took 0.00s
[2020.08.10-08.56.06:076][  0]LogFileCache: Scanning file cache for directory 'C:/WYProject/MultiThreadSC/Content/Developers/viwyuewang/Collections/' took 0.00s
[2020.08.10-08.56.06:078][  0]LogFileCache: Scanning file cache for directory 'C:/WYProject/MultiThreadSC/Content/Collections/' took 0.00s
[2020.08.10-08.56.06:079][  0]LogCollectionManager: Fixed up redirectors for 0 collections in 0.000002 seconds (updated 0 objects)
[2020.08.10-08.56.06:638][  0]SourceControl: 源码管理已禁用
[2020.08.10-08.56.06:648][  0]SourceControl: 源码管理已禁用
[2020.08.10-08.56.06:663][  0]SourceControl: 源码管理已禁用
[2020.08.10-08.56.06:957][  0]LogAndroidPermission: UAndroidPermissionCallbackProxy::GetInstance
[2020.08.10-08.56.06:989][  0]LogAudioCaptureCore: Display: No Audio Capture implementations found. Audio input will be silent.
[2020.08.10-08.56.06:990][  0]LogAudioCaptureCore: Display: No Audio Capture implementations found. Audio input will be silent.
[2020.08.10-08.56.07:065][  0]LogOcInput: OculusInput pre-init called
[2020.08.10-08.56.07:088][  0]LogUObjectArray: 18917 objects as part of root set at end of initial load.
[2020.08.10-08.56.07:088][  0]LogUObjectAllocator: 4960080 out of 0 bytes used by permanent object pool.
[2020.08.10-08.56.07:089][  0]LogUObjectArray: CloseDisregardForGC: 0/0 objects in disregard for GC pool
[2020.08.10-08.56.07:138][  0]LogEngine: Initializing Engine...
[2020.08.10-08.56.07:140][  0]LogStats: UGameplayTagsManager::InitializeManager -  0.000 s
[2020.08.10-08.56.07:154][  0]LogInit: Initializing FReadOnlyCVARCache
[2020.08.10-08.56.07:154][  0]LogNetVersion: Set ProjectVersion to 1.0.0.0. Version Checksum will be recalculated on next use.
[2020.08.10-08.56.07:220][  0]LogDerivedDataCache: Saved boot cache 0.06s 76MB C:/Users/v_iwyuewang/AppData/Local/UnrealEngine/4.25/DerivedDataCache/Boot.ddc.
[2020.08.10-08.56.07:221][  0]LogInit: Texture streaming: Disabled
[2020.08.10-08.56.07:250][  0]LogInit: Display: Game Engine Initialized.
[2020.08.10-08.56.07:251][  0]LogNiagaraEditor: Warning: GEditor isn't valid! Particle reset commands will not work for Niagara components!
[2020.08.10-08.56.07:300][  0]LogInit: Display: Starting Game.
[2020.08.10-08.56.07:300][  0]LogNet: Browse: /Game/Maps/MyMap?Name=Player
[2020.08.10-08.56.07:301][  0]LogLoad: LoadMap: /Game/Maps/MyMap?Name=Player
[2020.08.10-08.56.07:302][  0]LogWorld: BeginTearingDown for /Temp/Untitled_0
[2020.08.10-08.56.07:303][  0]LogWorld: UWorld::CleanupWorld for Untitled, bSessionEnded=true, bCleanupResources=true
[2020.08.10-08.56.07:311][  0]LogUObjectHash: Compacting FUObjectHashTables data took   0.53ms
[2020.08.10-08.56.07:404][  0]LogAIModule: Creating AISystem for world MyMap
[2020.08.10-08.56.07:404][  0]LogAISub: UAISubsystem::UAISubsystem EnvQueryManager (00000289ADD91000), frame # 0
[2020.08.10-08.56.07:405][  0]LogAISub: UAISubsystem::UAISubsystem AIPerceptionSystem (00000289ADD7DE40), frame # 0
[2020.08.10-08.56.07:406][  0]LogLoad: Game class is 'MyGameMode_C'
[2020.08.10-08.56.07:407][  0]LogNet: ReplicationDriverClass is null! Not using ReplicationDriver.
[2020.08.10-08.56.07:407][  0]LogNetCore: DDoS detection status: detection enabled: 0 analytics enabled: 0
[2020.08.10-08.56.07:408][  0]LogInit: WinSock: Socket queue. Rx: 131072 (config 131072) Tx: 131072 (config 131072)
[2020.08.10-08.56.07:408][  0]LogNet: Created socket for bind address: 0.0.0.0 on port 7777
[2020.08.10-08.56.07:409][  0]PacketHandlerLog: Loaded PacketHandler component: Engine.EngineHandlerComponentFactory (StatelessConnectHandlerComponent)
[2020.08.10-08.56.07:410][  0]LogNet: GameNetDriver IpNetDriver_0 IpNetDriver listening on port 7777
[2020.08.10-08.56.07:412][  0]LogWorld: Bringing World /Game/Maps/MyMap.MyMap up for play (max tick rate 30) at 2020.08.10-16.56.07
[2020.08.10-08.56.07:412][  0]LogWorld: Bringing up level for play took: 0.001080
[2020.08.10-08.56.07:413][  0]LogLoad: Took 0.111466 seconds to LoadMap(/Game/Maps/MyMap)
[2020.08.10-08.56.07:426][  0]LogLoad: (Engine Initialization) Total time: 9.44 seconds
[2020.08.10-08.56.07:426][  0]LogLoad: (Engine Initialization) Total Blueprint compile time: 0.00 seconds
[2020.08.10-08.56.22:010][440]LogNet: NotifyAcceptingConnection accepted from: 10.81.18.47:62154
[2020.08.10-08.56.22:010][440]LogHandshake: SendConnectChallenge. Timestamp: 14.581299, Cookie: 076072090056171075131181132091037106027121194216104026214083
[2020.08.10-08.56.22:043][441]LogNet: NotifyAcceptingConnection accepted from: 10.81.18.47:62154
[2020.08.10-08.56.22:043][441]LogHandshake: SendChallengeAck. InCookie: 076072090056171075131181132091037106027121194216104026214083
[2020.08.10-08.56.22:044][441]LogNet: Server accepting post-challenge connection from: 10.81.18.47:62154
[2020.08.10-08.56.22:045][441]PacketHandlerLog: Loaded PacketHandler component: Engine.EngineHandlerComponentFactory (StatelessConnectHandlerComponent)
[2020.08.10-08.56.22:045][441]LogNet: NotifyAcceptedConnection: Name: MyMap, TimeStamp: 08/10/20 16:56:22, [UNetConnection] RemoteAddr: 10.81.18.47:62154, Name: IpConnection_0, Driver: GameNetDriver IpNetDriver_0, IsServer: YES, PC: NULL, Owner: NULL, UniqueId: INVALID
[2020.08.10-08.56.22:045][441]LogNet: AddClientConnection: Added client connection: [UNetConnection] RemoteAddr: 10.81.18.47:62154, Name: IpConnection_0, Driver: GameNetDriver IpNetDriver_0, IsServer: YES, PC: NULL, Owner: NULL, UniqueId: INVALID
[2020.08.10-08.56.22:046][441]LogNet: NotifyAcceptingChannel Control 0 server World /Game/Maps/MyMap.MyMap: Accepted
[2020.08.10-08.56.22:046][441]LogNet: Remote platform little endian=1
[2020.08.10-08.56.22:046][441]LogNet: This platform little endian=1
[2020.08.10-08.56.22:046][441]LogNetVersion: MultiThreadSC 1.0.0.0, NetCL: 13144385, EngineNetVer: 14, GameNetVer: 0 (Checksum: 3695063982)
[2020.08.10-08.56.22:077][442]LogNet: Login request: ?Name=v_iwyuewan-PC0-592D1E3440E2D37AC57F128D50A27A56 userId: NULL:v_iwyuewan-PC0-592D1E3440E2D37AC57F128D50A27A56 platform: NULL
[2020.08.10-08.56.22:178][445]LogNet: Client netspeed is 10000
[2020.08.10-08.56.22:178][445]LogNet: Join request: /Engine/Maps/Entry?Name=v_iwyuewan-PC0-592D1E3440E2D37AC57F128D50A27A56?SplitscreenCount=1
[2020.08.10-08.56.22:180][445]LogOnlineSession: Warning: OSS: No game present to join for session (GameSession)
[2020.08.10-08.56.22:181][445]LogNet: Join succeeded: v_iwyuewan-PC0-592D1
[2020.08.10-08.57.48:092][ 40]LogNet: NotifyAcceptingConnection accepted from: 10.81.18.47:55007
[2020.08.10-08.57.48:092][ 40]LogHandshake: SendConnectChallenge. Timestamp: 100.662729, Cookie: 114053215082190236137155172229154160004063154205049044106199
[2020.08.10-08.57.48:126][ 41]LogNet: NotifyAcceptingConnection accepted from: 10.81.18.47:55007
[2020.08.10-08.57.48:126][ 41]LogHandshake: SendChallengeAck. InCookie: 114053215082190236137155172229154160004063154205049044106199
[2020.08.10-08.57.48:127][ 41]LogNet: Server accepting post-challenge connection from: 10.81.18.47:55007
[2020.08.10-08.57.48:150][ 41]PacketHandlerLog: Loaded PacketHandler component: Engine.EngineHandlerComponentFactory (StatelessConnectHandlerComponent)
[2020.08.10-08.57.48:151][ 41]LogNet: NotifyAcceptedConnection: Name: MyMap, TimeStamp: 08/10/20 16:57:48, [UNetConnection] RemoteAddr: 10.81.18.47:55007, Name: IpConnection_1, Driver: GameNetDriver IpNetDriver_0, IsServer: YES, PC: NULL, Owner: NULL, UniqueId: INVALID
[2020.08.10-08.57.48:151][ 41]LogNet: AddClientConnection: Added client connection: [UNetConnection] RemoteAddr: 10.81.18.47:55007, Name: IpConnection_1, Driver: GameNetDriver IpNetDriver_0, IsServer: YES, PC: NULL, Owner: NULL, UniqueId: INVALID
[2020.08.10-08.57.48:152][ 41]LogNet: NotifyAcceptingChannel Control 0 server World /Game/Maps/MyMap.MyMap: Accepted
[2020.08.10-08.57.48:152][ 41]LogNet: Remote platform little endian=1
[2020.08.10-08.57.48:152][ 41]LogNet: This platform little endian=1
[2020.08.10-08.57.48:160][ 42]LogNet: Login request: ?Name=v_iwyuewan-PC0-AE70EFD340C841FCE60E3F9F32696EAE userId: NULL:v_iwyuewan-PC0-AE70EFD340C841FCE60E3F9F32696EAE platform: NULL
[2020.08.10-08.57.48:292][ 46]LogNet: Client netspeed is 10000
[2020.08.10-08.57.48:292][ 46]LogNet: Join request: /Engine/Maps/Entry?Name=v_iwyuewan-PC0-AE70EFD340C841FCE60E3F9F32696EAE?SplitscreenCount=1
[2020.08.10-08.57.48:293][ 46]LogOnlineSession: Warning: OSS: No game present to join for session (GameSession)
[2020.08.10-08.57.48:294][ 46]LogNet: Join succeeded: v_iwyuewan-PC0-AE70E
